Horizon chosen 15
Starting with horizon: 15
> Loading/collecting data
> Training/loading quantile networks
Could not find file results/inventory/gradient/horizon_15/data/networks/lower_quantile_net.pth
Early stopping at epoch 83
Could not find file results/inventory/gradient/horizon_15/data/networks/upper_quantile_net.pth
Early stopping at epoch 107
---------- Evaluating for epsilon = 0.0 ----------
> Collecting test points
> Estimating exact weights
> Estimate weights for calibration data
> Computing weight of trajectories
> Computing conformal set
-------- Original method --------
Eps: 0.00 | Coverage: 57.80% | Average interval length: 65.00 | Avg Original interval: 137.00-204.00 | Avg New interval: 138.00-203.00 | Quantile: -0.047 |Avg weights: 0.000| log w_hat/w: -17.398| avg_delta_w: 0.501
-------- Double quantile method --------
Eps: 0.00 | Coverage: 57.80% | Average interval length: 65.00 | Avg Original interval: 137.00-204.00 | Avg New interval: 138.00-203.00 | Quantile: -0.586 - 0.115 |Avg weights: 0.000| log w_hat/w: -17.398| avg_delta_w: 0.501
-------- Cumul  method --------
Eps: 0.00 | Coverage: 57.80% | Average interval length: 66.00 | Avg Original interval: 137.00-204.00 | Avg New interval: 137.00-203.00 | Quantile: 137.000 - 203.000 |Avg weights: 0.000| log w_hat/w: -17.398| avg_delta_w: 0.501
---------- Evaluating for epsilon = 0.05 ----------
> Collecting test points
> Estimating exact weights
> Estimate weights for calibration data
> Computing weight of trajectories
> Computing conformal set
-------- Original method --------
Eps: 0.05 | Coverage: 68.90% | Average interval length: 67.00 | Avg Original interval: 137.00-204.00 | Avg New interval: 137.00-204.00 | Quantile: 0.647 |Avg weights: 0.001| log w_hat/w: -6.076| avg_delta_w: 0.501
-------- Double quantile method --------
Eps: 0.05 | Coverage: 66.40% | Average interval length: 63.00 | Avg Original interval: 137.00-204.00 | Avg New interval: 139.00-202.00 | Quantile: -1.466 - 2.370 |Avg weights: 0.001| log w_hat/w: -6.076| avg_delta_w: 0.501
-------- Cumul  method --------
Eps: 0.05 | Coverage: 68.90% | Average interval length: 66.00 | Avg Original interval: 137.00-204.00 | Avg New interval: 139.00-205.00 | Quantile: 139.000 - 205.129 |Avg weights: 0.001| log w_hat/w: -6.076| avg_delta_w: 0.501
---------- Evaluating for epsilon = 0.1 ----------
> Collecting test points
> Estimating exact weights
> Estimate weights for calibration data
> Computing weight of trajectories
> Computing conformal set
-------- Original method --------
Eps: 0.10 | Coverage: 71.90% | Average interval length: 65.00 | Avg Original interval: 137.00-204.00 | Avg New interval: 138.00-203.00 | Quantile: -0.333 |Avg weights: 0.015| log w_hat/w: -3.161| avg_delta_w: 0.494
-------- Double quantile method --------
Eps: 0.10 | Coverage: 71.40% | Average interval length: 63.00 | Avg Original interval: 137.00-204.00 | Avg New interval: 139.00-202.00 | Quantile: -0.881 - 0.143 |Avg weights: 0.015| log w_hat/w: -3.161| avg_delta_w: 0.494
-------- Cumul  method --------
Eps: 0.10 | Coverage: 71.90% | Average interval length: 66.00 | Avg Original interval: 137.00-204.00 | Avg New interval: 137.00-203.00 | Quantile: 137.000 - 203.206 |Avg weights: 0.015| log w_hat/w: -3.161| avg_delta_w: 0.494
---------- Evaluating for epsilon = 0.15000000000000002 ----------
> Collecting test points
> Estimating exact weights
> Estimate weights for calibration data
> Computing weight of trajectories
> Computing conformal set
-------- Original method --------
Eps: 0.15 | Coverage: 77.80% | Average interval length: 65.00 | Avg Original interval: 137.00-204.00 | Avg New interval: 138.00-203.00 | Quantile: -0.404 |Avg weights: 0.086| log w_hat/w: -1.430| avg_delta_w: 0.463
-------- Double quantile method --------
Eps: 0.15 | Coverage: 77.80% | Average interval length: 65.00 | Avg Original interval: 137.00-204.00 | Avg New interval: 138.00-203.00 | Quantile: -0.762 - -0.275 |Avg weights: 0.086| log w_hat/w: -1.430| avg_delta_w: 0.463
-------- Cumul  method --------
Eps: 0.15 | Coverage: 77.80% | Average interval length: 66.00 | Avg Original interval: 137.00-204.00 | Avg New interval: 137.00-203.00 | Quantile: 137.000 - 203.000 |Avg weights: 0.086| log w_hat/w: -1.430| avg_delta_w: 0.463
---------- Evaluating for epsilon = 0.2 ----------
> Collecting test points
> Estimating exact weights
> Estimate weights for calibration data
> Computing weight of trajectories
> Computing conformal set
-------- Original method --------
Eps: 0.20 | Coverage: 99.10% | Average interval length: 270.00 | Avg Original interval: 137.00-204.00 | Avg New interval: 138.00-408.00 | Quantile: inf |Avg weights: 0.251| log w_hat/w: -0.359| avg_delta_w: 0.429
-------- Double quantile method --------
Eps: 0.20 | Coverage: 98.40% | Average interval length: 268.00 | Avg Original interval: 137.00-204.00 | Avg New interval: 140.00-408.00 | Quantile: inf - inf |Avg weights: 0.251| log w_hat/w: -0.359| avg_delta_w: 0.429
-------- Cumul  method --------
Eps: 0.20 | Coverage: 98.90% | Average interval length: 269.00 | Avg Original interval: 137.00-204.00 | Avg New interval: 139.00-408.00 | Quantile: 139.156 - inf |Avg weights: 0.251| log w_hat/w: -0.359| avg_delta_w: 0.429
---------- Evaluating for epsilon = 0.25 ----------
> Collecting test points
> Estimating exact weights
> Estimate weights for calibration data
> Computing weight of trajectories
> Computing conformal set
-------- Original method --------
Eps: 0.25 | Coverage: 84.80% | Average interval length: 65.00 | Avg Original interval: 137.00-204.00 | Avg New interval: 138.00-203.00 | Quantile: -0.134 |Avg weights: 0.514| log w_hat/w: 0.358| avg_delta_w: 0.437
-------- Double quantile method --------
Eps: 0.25 | Coverage: 84.80% | Average interval length: 65.00 | Avg Original interval: 137.00-204.00 | Avg New interval: 138.00-203.00 | Quantile: -0.762 - 0.062 |Avg weights: 0.514| log w_hat/w: 0.358| avg_delta_w: 0.437
-------- Cumul  method --------
Eps: 0.25 | Coverage: 85.00% | Average interval length: 66.00 | Avg Original interval: 137.00-204.00 | Avg New interval: 137.00-203.00 | Quantile: 137.000 - 203.000 |Avg weights: 0.514| log w_hat/w: 0.358| avg_delta_w: 0.437
---------- Evaluating for epsilon = 0.30000000000000004 ----------
> Collecting test points
> Estimating exact weights
> Estimate weights for calibration data
> Computing weight of trajectories
> Computing conformal set
-------- Original method --------
Eps: 0.30 | Coverage: 88.40% | Average interval length: 65.00 | Avg Original interval: 137.00-204.00 | Avg New interval: 138.00-203.00 | Quantile: -0.134 |Avg weights: 0.746| log w_hat/w: 0.731| avg_delta_w: 0.473
-------- Double quantile method --------
Eps: 0.30 | Coverage: 88.40% | Average interval length: 65.00 | Avg Original interval: 137.00-204.00 | Avg New interval: 138.00-203.00 | Quantile: -0.811 - 0.078 |Avg weights: 0.746| log w_hat/w: 0.731| avg_delta_w: 0.473
-------- Cumul  method --------
Eps: 0.30 | Coverage: 88.40% | Average interval length: 65.00 | Avg Original interval: 137.00-204.00 | Avg New interval: 138.00-203.00 | Quantile: 138.000 - 203.000 |Avg weights: 0.746| log w_hat/w: 0.731| avg_delta_w: 0.473
---------- Evaluating for epsilon = 0.35000000000000003 ----------
> Collecting test points
> Estimating exact weights
> Estimate weights for calibration data
> Computing weight of trajectories
> Computing conformal set
-------- Original method --------
Eps: 0.35 | Coverage: 90.30% | Average interval length: 65.00 | Avg Original interval: 137.00-204.00 | Avg New interval: 138.00-203.00 | Quantile: -0.078 |Avg weights: 0.938| log w_hat/w: 0.960| avg_delta_w: 0.518
-------- Double quantile method --------
Eps: 0.35 | Coverage: 90.30% | Average interval length: 65.00 | Avg Original interval: 137.00-204.00 | Avg New interval: 138.00-203.00 | Quantile: -0.082 - 0.078 |Avg weights: 0.938| log w_hat/w: 0.960| avg_delta_w: 0.518
-------- Cumul  method --------
Eps: 0.35 | Coverage: 90.80% | Average interval length: 66.00 | Avg Original interval: 137.00-204.00 | Avg New interval: 137.00-203.00 | Quantile: 137.000 - 203.000 |Avg weights: 0.938| log w_hat/w: 0.960| avg_delta_w: 0.518
---------- Evaluating for epsilon = 0.4 ----------
> Collecting test points
> Estimating exact weights
> Estimate weights for calibration data
> Computing weight of trajectories
> Computing conformal set
-------- Original method --------
Eps: 0.40 | Coverage: 92.20% | Average interval length: 65.00 | Avg Original interval: 137.00-204.00 | Avg New interval: 138.00-203.00 | Quantile: -0.078 |Avg weights: 1.000| log w_hat/w: 1.025| avg_delta_w: 0.534
-------- Double quantile method --------
Eps: 0.40 | Coverage: 92.20% | Average interval length: 65.00 | Avg Original interval: 137.00-204.00 | Avg New interval: 138.00-203.00 | Quantile: -0.082 - 0.078 |Avg weights: 1.000| log w_hat/w: 1.025| avg_delta_w: 0.534
-------- Cumul  method --------
Eps: 0.40 | Coverage: 92.40% | Average interval length: 66.00 | Avg Original interval: 137.00-204.00 | Avg New interval: 137.00-203.00 | Quantile: 137.000 - 203.000 |Avg weights: 1.000| log w_hat/w: 1.025| avg_delta_w: 0.534
---------- Evaluating for epsilon = 0.45 ----------
> Collecting test points
> Estimating exact weights
> Estimate weights for calibration data
> Computing weight of trajectories
> Computing conformal set
-------- Original method --------
Eps: 0.45 | Coverage: 88.80% | Average interval length: 65.00 | Avg Original interval: 137.00-204.00 | Avg New interval: 138.00-203.00 | Quantile: -0.078 |Avg weights: 0.948| log w_hat/w: 0.971| avg_delta_w: 0.519
-------- Double quantile method --------
Eps: 0.45 | Coverage: 88.80% | Average interval length: 65.00 | Avg Original interval: 137.00-204.00 | Avg New interval: 138.00-203.00 | Quantile: -0.293 - 0.115 |Avg weights: 0.948| log w_hat/w: 0.971| avg_delta_w: 0.519
-------- Cumul  method --------
Eps: 0.45 | Coverage: 89.70% | Average interval length: 66.00 | Avg Original interval: 137.00-204.00 | Avg New interval: 137.00-203.00 | Quantile: 137.000 - 203.000 |Avg weights: 0.948| log w_hat/w: 0.971| avg_delta_w: 0.519
---------- Evaluating for epsilon = 0.5 ----------
> Collecting test points
> Estimating exact weights
> Estimate weights for calibration data
> Computing weight of trajectories
> Computing conformal set
-------- Original method --------
Eps: 0.50 | Coverage: 88.10% | Average interval length: 67.00 | Avg Original interval: 137.00-204.00 | Avg New interval: 137.00-204.00 | Quantile: 0.078 |Avg weights: 0.769| log w_hat/w: 0.761| avg_delta_w: 0.477
-------- Double quantile method --------
Eps: 0.50 | Coverage: 86.30% | Average interval length: 65.00 | Avg Original interval: 137.00-204.00 | Avg New interval: 138.00-203.00 | Quantile: -0.762 - 0.518 |Avg weights: 0.769| log w_hat/w: 0.761| avg_delta_w: 0.477
-------- Cumul  method --------
Eps: 0.50 | Coverage: 87.60% | Average interval length: 66.00 | Avg Original interval: 137.00-204.00 | Avg New interval: 137.00-203.00 | Quantile: 137.000 - 203.000 |Avg weights: 0.769| log w_hat/w: 0.761| avg_delta_w: 0.477
---------- Evaluating for epsilon = 0.55 ----------
> Collecting test points
> Estimating exact weights
> Estimate weights for calibration data
> Computing weight of trajectories
> Computing conformal set
-------- Original method --------
Eps: 0.55 | Coverage: 86.30% | Average interval length: 67.00 | Avg Original interval: 137.00-204.00 | Avg New interval: 137.00-204.00 | Quantile: 0.078 |Avg weights: 0.563| log w_hat/w: 0.449| avg_delta_w: 0.439
-------- Double quantile method --------
Eps: 0.55 | Coverage: 85.50% | Average interval length: 65.00 | Avg Original interval: 137.00-204.00 | Avg New interval: 138.00-203.00 | Quantile: -0.078 - 0.492 |Avg weights: 0.563| log w_hat/w: 0.449| avg_delta_w: 0.439
-------- Cumul  method --------
Eps: 0.55 | Coverage: 86.00% | Average interval length: 66.00 | Avg Original interval: 137.00-204.00 | Avg New interval: 137.00-203.00 | Quantile: 137.000 - 203.000 |Avg weights: 0.563| log w_hat/w: 0.449| avg_delta_w: 0.439
---------- Evaluating for epsilon = 0.6000000000000001 ----------
> Collecting test points
> Estimating exact weights
> Estimate weights for calibration data
> Computing weight of trajectories
> Computing conformal set
-------- Original method --------
Eps: 0.60 | Coverage: 86.20% | Average interval length: 67.00 | Avg Original interval: 137.00-204.00 | Avg New interval: 137.00-204.00 | Quantile: 0.091 |Avg weights: 0.353| log w_hat/w: -0.019| avg_delta_w: 0.421
-------- Double quantile method --------
Eps: 0.60 | Coverage: 84.20% | Average interval length: 63.00 | Avg Original interval: 137.00-204.00 | Avg New interval: 139.00-202.00 | Quantile: -1.543 - 1.052 |Avg weights: 0.353| log w_hat/w: -0.019| avg_delta_w: 0.421
-------- Cumul  method --------
Eps: 0.60 | Coverage: 85.40% | Average interval length: 66.00 | Avg Original interval: 137.00-204.00 | Avg New interval: 138.00-204.00 | Quantile: 138.000 - 204.056 |Avg weights: 0.353| log w_hat/w: -0.019| avg_delta_w: 0.421
---------- Evaluating for epsilon = 0.65 ----------
> Collecting test points
> Estimating exact weights
> Estimate weights for calibration data
> Computing weight of trajectories
> Computing conformal set
-------- Original method --------
Eps: 0.65 | Coverage: 80.00% | Average interval length: 67.00 | Avg Original interval: 137.00-204.00 | Avg New interval: 137.00-204.00 | Quantile: 0.343 |Avg weights: 0.209| log w_hat/w: -0.540| avg_delta_w: 0.437
-------- Double quantile method --------
Eps: 0.65 | Coverage: 78.40% | Average interval length: 65.00 | Avg Original interval: 137.00-204.00 | Avg New interval: 138.00-203.00 | Quantile: 0.448 - 0.804 |Avg weights: 0.209| log w_hat/w: -0.540| avg_delta_w: 0.437
-------- Cumul  method --------
Eps: 0.65 | Coverage: 79.90% | Average interval length: 66.00 | Avg Original interval: 137.00-204.00 | Avg New interval: 137.00-203.00 | Quantile: 137.000 - 203.535 |Avg weights: 0.209| log w_hat/w: -0.540| avg_delta_w: 0.437
---------- Evaluating for epsilon = 0.7000000000000001 ----------
> Collecting test points
> Estimating exact weights
> Estimate weights for calibration data
> Computing weight of trajectories
> Computing conformal set
-------- Original method --------
Eps: 0.70 | Coverage: 74.20% | Average interval length: 65.00 | Avg Original interval: 137.00-204.00 | Avg New interval: 138.00-203.00 | Quantile: -0.134 |Avg weights: 0.103| log w_hat/w: -1.248| avg_delta_w: 0.458
-------- Double quantile method --------
Eps: 0.70 | Coverage: 74.20% | Average interval length: 65.00 | Avg Original interval: 137.00-204.00 | Avg New interval: 138.00-203.00 | Quantile: -0.796 - 0.078 |Avg weights: 0.103| log w_hat/w: -1.248| avg_delta_w: 0.458
-------- Cumul  method --------
Eps: 0.70 | Coverage: 76.10% | Average interval length: 66.00 | Avg Original interval: 137.00-204.00 | Avg New interval: 137.00-203.00 | Quantile: 137.000 - 203.000 |Avg weights: 0.103| log w_hat/w: -1.248| avg_delta_w: 0.458
---------- Evaluating for epsilon = 0.75 ----------
> Collecting test points
> Estimating exact weights
> Estimate weights for calibration data
> Computing weight of trajectories
> Computing conformal set
-------- Original method --------
Eps: 0.75 | Coverage: 69.60% | Average interval length: 65.00 | Avg Original interval: 137.00-204.00 | Avg New interval: 138.00-203.00 | Quantile: -0.441 |Avg weights: 0.041| log w_hat/w: -2.172| avg_delta_w: 0.481
-------- Double quantile method --------
Eps: 0.75 | Coverage: 68.90% | Average interval length: 63.00 | Avg Original interval: 137.00-204.00 | Avg New interval: 139.00-202.00 | Quantile: -1.237 - 0.078 |Avg weights: 0.041| log w_hat/w: -2.172| avg_delta_w: 0.481
-------- Cumul  method --------
Eps: 0.75 | Coverage: 69.60% | Average interval length: 65.00 | Avg Original interval: 137.00-204.00 | Avg New interval: 138.00-203.00 | Quantile: 138.000 - 203.000 |Avg weights: 0.041| log w_hat/w: -2.172| avg_delta_w: 0.481
---------- Evaluating for epsilon = 0.8 ----------
> Collecting test points
> Estimating exact weights
> Estimate weights for calibration data
> Computing weight of trajectories
> Computing conformal set
-------- Original method --------
Eps: 0.80 | Coverage: 65.40% | Average interval length: 67.00 | Avg Original interval: 137.00-204.00 | Avg New interval: 137.00-204.00 | Quantile: 0.189 |Avg weights: 0.014| log w_hat/w: -3.257| avg_delta_w: 0.494
-------- Double quantile method --------
Eps: 0.80 | Coverage: 62.50% | Average interval length: 63.00 | Avg Original interval: 137.00-204.00 | Avg New interval: 139.00-202.00 | Quantile: -1.175 - 1.107 |Avg weights: 0.014| log w_hat/w: -3.257| avg_delta_w: 0.494
-------- Cumul  method --------
Eps: 0.80 | Coverage: 64.40% | Average interval length: 66.00 | Avg Original interval: 137.00-204.00 | Avg New interval: 138.00-204.00 | Quantile: 138.000 - 204.000 |Avg weights: 0.014| log w_hat/w: -3.257| avg_delta_w: 0.494
---------- Evaluating for epsilon = 0.8500000000000001 ----------
> Collecting test points
> Estimating exact weights
> Estimate weights for calibration data
> Computing weight of trajectories
> Computing conformal set
-------- Original method --------
Eps: 0.85 | Coverage: 57.00% | Average interval length: 67.00 | Avg Original interval: 137.00-204.00 | Avg New interval: 137.00-204.00 | Quantile: 0.596 |Avg weights: 0.003| log w_hat/w: -4.756| avg_delta_w: 0.500
-------- Double quantile method --------
Eps: 0.85 | Coverage: 57.00% | Average interval length: 67.00 | Avg Original interval: 137.00-204.00 | Avg New interval: 137.00-204.00 | Quantile: 0.922 - 0.559 |Avg weights: 0.003| log w_hat/w: -4.756| avg_delta_w: 0.500
-------- Cumul  method --------
Eps: 0.85 | Coverage: 58.60% | Average interval length: 68.00 | Avg Original interval: 137.00-204.00 | Avg New interval: 136.00-204.00 | Quantile: 136.000 - 204.000 |Avg weights: 0.003| log w_hat/w: -4.756| avg_delta_w: 0.500
---------- Evaluating for epsilon = 0.9 ----------
> Collecting test points
> Estimating exact weights
> Estimate weights for calibration data
> Computing weight of trajectories
> Computing conformal set
-------- Original method --------
Eps: 0.90 | Coverage: 56.60% | Average interval length: 67.00 | Avg Original interval: 137.00-204.00 | Avg New interval: 137.00-204.00 | Quantile: 0.521 |Avg weights: 0.001| log w_hat/w: -6.573| avg_delta_w: 0.501
-------- Double quantile method --------
Eps: 0.90 | Coverage: 54.50% | Average interval length: 65.00 | Avg Original interval: 137.00-204.00 | Avg New interval: 138.00-203.00 | Quantile: 1.352 - -0.439 |Avg weights: 0.001| log w_hat/w: -6.573| avg_delta_w: 0.501
-------- Cumul  method --------
Eps: 0.90 | Coverage: 58.50% | Average interval length: 66.00 | Avg Original interval: 137.00-204.00 | Avg New interval: 136.00-202.00 | Quantile: 136.000 - 202.000 |Avg weights: 0.001| log w_hat/w: -6.573| avg_delta_w: 0.501
---------- Evaluating for epsilon = 0.9500000000000001 ----------
> Collecting test points
> Estimating exact weights
> Estimate weights for calibration data
> Computing weight of trajectories
> Computing conformal set
-------- Original method --------
Eps: 0.95 | Coverage: 48.70% | Average interval length: 69.00 | Avg Original interval: 137.00-204.00 | Avg New interval: 136.00-205.00 | Quantile: 1.091 |Avg weights: 0.000| log w_hat/w: -9.278| avg_delta_w: 0.501
-------- Double quantile method --------
Eps: 0.95 | Coverage: 45.80% | Average interval length: 65.00 | Avg Original interval: 137.00-204.00 | Avg New interval: 138.00-203.00 | Quantile: 2.920 - -0.481 |Avg weights: 0.000| log w_hat/w: -9.278| avg_delta_w: 0.501
-------- Cumul  method --------
Eps: 0.95 | Coverage: 52.60% | Average interval length: 69.00 | Avg Original interval: 137.00-204.00 | Avg New interval: 134.00-203.00 | Quantile: 134.000 - 203.000 |Avg weights: 0.000| log w_hat/w: -9.278| avg_delta_w: 0.501
---------- Evaluating for epsilon = 1.0 ----------
> Collecting test points
> Estimating exact weights
> Estimate weights for calibration data
> Computing weight of trajectories
> Computing conformal set
-------- Original method --------
Eps: 1.00 | Coverage: 41.60% | Average interval length: 69.00 | Avg Original interval: 137.00-204.00 | Avg New interval: 136.00-205.00 | Quantile: 1.124 |Avg weights: 0.000| log w_hat/w: -12.852| avg_delta_w: 0.501
-------- Double quantile method --------
Eps: 1.00 | Coverage: 38.70% | Average interval length: 65.00 | Avg Original interval: 137.00-204.00 | Avg New interval: 138.00-203.00 | Quantile: 4.227 - -0.670 |Avg weights: 0.000| log w_hat/w: -12.852| avg_delta_w: 0.501
-------- Cumul  method --------
Eps: 1.00 | Coverage: 46.60% | Average interval length: 68.00 | Avg Original interval: 137.00-204.00 | Avg New interval: 133.00-201.00 | Quantile: 133.000 - 201.000 |Avg weights: 0.000| log w_hat/w: -12.852| avg_delta_w: 0.501
> Loading/collecting data
> Training/loading quantile networks
---------- Evaluating for epsilon = 0.0 ----------
> Collecting test points
> Estimating exact weights
> Estimate weights for calibration data
> Computing weight of trajectories
> Computing conformal set
-------- Original method --------
Eps: 0.00 | Coverage: 59.80% | Average interval length: 65.00 | Avg Original interval: 137.00-204.00 | Avg New interval: 138.00-203.00 | Quantile: -0.078 |Avg weights: 0.000| log w_hat/w: -17.389| avg_delta_w: 0.501
-------- Double quantile method --------
Eps: 0.00 | Coverage: 59.80% | Average interval length: 65.00 | Avg Original interval: 137.00-204.00 | Avg New interval: 138.00-203.00 | Quantile: -0.262 - 0.078 |Avg weights: 0.000| log w_hat/w: -17.389| avg_delta_w: 0.501
-------- Cumul  method --------
Eps: 0.00 | Coverage: 59.80% | Average interval length: 66.00 | Avg Original interval: 137.00-204.00 | Avg New interval: 137.00-203.00 | Quantile: 137.000 - 203.000 |Avg weights: 0.000| log w_hat/w: -17.389| avg_delta_w: 0.501
---------- Evaluating for epsilon = 0.05 ----------
> Collecting test points
> Estimating exact weights
> Estimate weights for calibration data
> Computing weight of trajectories
> Computing conformal set
-------- Original method --------
Eps: 0.05 | Coverage: 99.80% | Average interval length: 270.00 | Avg Original interval: 137.00-204.00 | Avg New interval: 138.00-408.00 | Quantile: inf |Avg weights: 0.001| log w_hat/w: -6.179| avg_delta_w: 0.501
-------- Double quantile method --------
Eps: 0.05 | Coverage: 99.80% | Average interval length: 268.00 | Avg Original interval: 137.00-204.00 | Avg New interval: 140.00-408.00 | Quantile: inf - inf |Avg weights: 0.001| log w_hat/w: -6.179| avg_delta_w: 0.501
-------- Cumul  method --------
Eps: 0.05 | Coverage: 99.80% | Average interval length: 270.00 | Avg Original interval: 137.00-204.00 | Avg New interval: 138.00-408.00 | Quantile: 138.212 - inf |Avg weights: 0.001| log w_hat/w: -6.179| avg_delta_w: 0.501
---------- Evaluating for epsilon = 0.1 ----------
> Collecting test points
> Estimating exact weights
> Estimate weights for calibration data
> Computing weight of trajectories
> Computing conformal set
-------- Original method --------
Eps: 0.10 | Coverage: 71.60% | Average interval length: 65.00 | Avg Original interval: 137.00-204.00 | Avg New interval: 138.00-203.00 | Quantile: -0.082 |Avg weights: 0.014| log w_hat/w: -3.242| avg_delta_w: 0.494
-------- Double quantile method --------
Eps: 0.10 | Coverage: 71.00% | Average interval length: 63.00 | Avg Original interval: 137.00-204.00 | Avg New interval: 139.00-202.00 | Quantile: -1.042 - 0.518 |Avg weights: 0.014| log w_hat/w: -3.242| avg_delta_w: 0.494
-------- Cumul  method --------
Eps: 0.10 | Coverage: 71.60% | Average interval length: 65.00 | Avg Original interval: 137.00-204.00 | Avg New interval: 138.00-203.00 | Quantile: 138.000 - 203.000 |Avg weights: 0.014| log w_hat/w: -3.242| avg_delta_w: 0.494
---------- Evaluating for epsilon = 0.15000000000000002 ----------
> Collecting test points
> Estimating exact weights
> Estimate weights for calibration data
> Computing weight of trajectories
> Computing conformal set
-------- Original method --------
Eps: 0.15 | Coverage: 79.70% | Average interval length: 67.00 | Avg Original interval: 137.00-204.00 | Avg New interval: 137.00-204.00 | Quantile: 0.063 |Avg weights: 0.088| log w_hat/w: -1.411| avg_delta_w: 0.463
-------- Double quantile method --------
Eps: 0.15 | Coverage: 76.90% | Average interval length: 65.00 | Avg Original interval: 137.00-204.00 | Avg New interval: 138.00-203.00 | Quantile: 0.891 - -0.404 |Avg weights: 0.088| log w_hat/w: -1.411| avg_delta_w: 0.463
-------- Cumul  method --------
Eps: 0.15 | Coverage: 77.00% | Average interval length: 67.00 | Avg Original interval: 137.00-204.00 | Avg New interval: 136.00-203.00 | Quantile: 136.000 - 203.000 |Avg weights: 0.088| log w_hat/w: -1.411| avg_delta_w: 0.463
---------- Evaluating for epsilon = 0.2 ----------
> Collecting test points
> Estimating exact weights
> Estimate weights for calibration data
> Computing weight of trajectories
> Computing conformal set
-------- Original method --------
Eps: 0.20 | Coverage: 84.10% | Average interval length: 65.00 | Avg Original interval: 137.00-204.00 | Avg New interval: 138.00-203.00 | Quantile: -0.871 |Avg weights: 0.257| log w_hat/w: -0.338| avg_delta_w: 0.432
-------- Double quantile method --------
Eps: 0.20 | Coverage: 80.30% | Average interval length: 61.00 | Avg Original interval: 137.00-204.00 | Avg New interval: 140.00-201.00 | Quantile: -1.956 - -0.326 |Avg weights: 0.257| log w_hat/w: -0.338| avg_delta_w: 0.432
-------- Cumul  method --------
Eps: 0.20 | Coverage: 83.90% | Average interval length: 64.00 | Avg Original interval: 137.00-204.00 | Avg New interval: 139.00-203.00 | Quantile: 139.000 - 203.000 |Avg weights: 0.257| log w_hat/w: -0.338| avg_delta_w: 0.432
---------- Evaluating for epsilon = 0.25 ----------
> Collecting test points
> Estimating exact weights
> Estimate weights for calibration data
> Computing weight of trajectories
> Computing conformal set
-------- Original method --------
Eps: 0.25 | Coverage: 85.90% | Average interval length: 65.00 | Avg Original interval: 137.00-204.00 | Avg New interval: 138.00-203.00 | Quantile: -0.445 |Avg weights: 0.502| log w_hat/w: 0.335| avg_delta_w: 0.436
-------- Double quantile method --------
Eps: 0.25 | Coverage: 85.10% | Average interval length: 63.00 | Avg Original interval: 137.00-204.00 | Avg New interval: 139.00-202.00 | Quantile: -1.107 - -0.130 |Avg weights: 0.502| log w_hat/w: 0.335| avg_delta_w: 0.436
-------- Cumul  method --------
Eps: 0.25 | Coverage: 85.90% | Average interval length: 65.00 | Avg Original interval: 137.00-204.00 | Avg New interval: 138.00-203.00 | Quantile: 138.000 - 203.000 |Avg weights: 0.502| log w_hat/w: 0.335| avg_delta_w: 0.436
---------- Evaluating for epsilon = 0.30000000000000004 ----------
> Collecting test points
> Estimating exact weights
> Estimate weights for calibration data
> Computing weight of trajectories
> Computing conformal set
-------- Original method --------
Eps: 0.30 | Coverage: 86.10% | Average interval length: 65.00 | Avg Original interval: 137.00-204.00 | Avg New interval: 138.00-203.00 | Quantile: 0.192 |Avg weights: 0.762| log w_hat/w: 0.752| avg_delta_w: 0.475
-------- Double quantile method --------
Eps: 0.30 | Coverage: 85.30% | Average interval length: 63.00 | Avg Original interval: 137.00-204.00 | Avg New interval: 139.00-202.00 | Quantile: 0.220 - 1.049 |Avg weights: 0.762| log w_hat/w: 0.752| avg_delta_w: 0.475
-------- Cumul  method --------
Eps: 0.30 | Coverage: 86.10% | Average interval length: 65.00 | Avg Original interval: 137.00-204.00 | Avg New interval: 138.00-203.00 | Quantile: 138.015 - 204.009 |Avg weights: 0.762| log w_hat/w: 0.752| avg_delta_w: 0.475
---------- Evaluating for epsilon = 0.35000000000000003 ----------
> Collecting test points
> Estimating exact weights
> Estimate weights for calibration data
> Computing weight of trajectories
> Computing conformal set
-------- Original method --------
Eps: 0.35 | Coverage: 90.20% | Average interval length: 65.00 | Avg Original interval: 137.00-204.00 | Avg New interval: 138.00-203.00 | Quantile: -0.082 |Avg weights: 0.928| log w_hat/w: 0.950| avg_delta_w: 0.515
-------- Double quantile method --------
Eps: 0.35 | Coverage: 90.20% | Average interval length: 65.00 | Avg Original interval: 137.00-204.00 | Avg New interval: 138.00-203.00 | Quantile: -0.498 - 0.078 |Avg weights: 0.928| log w_hat/w: 0.950| avg_delta_w: 0.515
-------- Cumul  method --------
Eps: 0.35 | Coverage: 90.40% | Average interval length: 66.00 | Avg Original interval: 137.00-204.00 | Avg New interval: 137.00-203.00 | Quantile: 137.000 - 203.000 |Avg weights: 0.928| log w_hat/w: 0.950| avg_delta_w: 0.515
---------- Evaluating for epsilon = 0.4 ----------
> Collecting test points
> Estimating exact weights
> Estimate weights for calibration data
> Computing weight of trajectories
> Computing conformal set
-------- Original method --------
Eps: 0.40 | Coverage: 90.50% | Average interval length: 65.00 | Avg Original interval: 137.00-204.00 | Avg New interval: 138.00-203.00 | Quantile: -0.078 |Avg weights: 1.000| log w_hat/w: 1.025| avg_delta_w: 0.534
-------- Double quantile method --------
Eps: 0.40 | Coverage: 90.50% | Average interval length: 65.00 | Avg Original interval: 137.00-204.00 | Avg New interval: 138.00-203.00 | Quantile: -0.082 - 0.078 |Avg weights: 1.000| log w_hat/w: 1.025| avg_delta_w: 0.534
-------- Cumul  method --------
Eps: 0.40 | Coverage: 90.90% | Average interval length: 66.00 | Avg Original interval: 137.00-204.00 | Avg New interval: 137.00-203.00 | Quantile: 137.000 - 203.000 |Avg weights: 1.000| log w_hat/w: 1.025| avg_delta_w: 0.534
---------- Evaluating for epsilon = 0.45 ----------
> Collecting test points
> Estimating exact weights
> Estimate weights for calibration data
> Computing weight of trajectories
> Computing conformal set
-------- Original method --------
Eps: 0.45 | Coverage: 90.30% | Average interval length: 65.00 | Avg Original interval: 137.00-204.00 | Avg New interval: 138.00-203.00 | Quantile: -0.078 |Avg weights: 0.940| log w_hat/w: 0.963| avg_delta_w: 0.519
-------- Double quantile method --------
Eps: 0.45 | Coverage: 90.30% | Average interval length: 65.00 | Avg Original interval: 137.00-204.00 | Avg New interval: 138.00-203.00 | Quantile: -0.082 - 0.078 |Avg weights: 0.940| log w_hat/w: 0.963| avg_delta_w: 0.519
-------- Cumul  method --------
Eps: 0.45 | Coverage: 90.60% | Average interval length: 66.00 | Avg Original interval: 137.00-204.00 | Avg New interval: 137.00-203.00 | Quantile: 137.000 - 203.000 |Avg weights: 0.940| log w_hat/w: 0.963| avg_delta_w: 0.519
---------- Evaluating for epsilon = 0.5 ----------
> Collecting test points
> Estimating exact weights
> Estimate weights for calibration data
> Computing weight of trajectories
> Computing conformal set
-------- Original method --------
Eps: 0.50 | Coverage: 88.20% | Average interval length: 65.00 | Avg Original interval: 137.00-204.00 | Avg New interval: 138.00-203.00 | Quantile: -0.076 |Avg weights: 0.784| log w_hat/w: 0.781| avg_delta_w: 0.484
-------- Double quantile method --------
Eps: 0.50 | Coverage: 88.20% | Average interval length: 65.00 | Avg Original interval: 137.00-204.00 | Avg New interval: 138.00-203.00 | Quantile: -0.078 - 0.078 |Avg weights: 0.784| log w_hat/w: 0.781| avg_delta_w: 0.484
-------- Cumul  method --------
Eps: 0.50 | Coverage: 89.30% | Average interval length: 66.00 | Avg Original interval: 137.00-204.00 | Avg New interval: 137.00-203.00 | Quantile: 137.000 - 203.000 |Avg weights: 0.784| log w_hat/w: 0.781| avg_delta_w: 0.484
---------- Evaluating for epsilon = 0.55 ----------
> Collecting test points
> Estimating exact weights
> Estimate weights for calibration data
> Computing weight of trajectories
> Computing conformal set
-------- Original method --------
Eps: 0.55 | Coverage: 89.20% | Average interval length: 271.00 | Avg Original interval: 137.00-204.00 | Avg New interval: 137.00-408.00 | Quantile: inf |Avg weights: 0.544| log w_hat/w: 0.414| avg_delta_w: 0.445
-------- Double quantile method --------
Eps: 0.55 | Coverage: 88.40% | Average interval length: 270.00 | Avg Original interval: 137.00-204.00 | Avg New interval: 138.00-408.00 | Quantile: inf - inf |Avg weights: 0.544| log w_hat/w: 0.414| avg_delta_w: 0.445
-------- Cumul  method --------
Eps: 0.55 | Coverage: 89.20% | Average interval length: 271.00 | Avg Original interval: 137.00-204.00 | Avg New interval: 137.00-408.00 | Quantile: 137.106 - inf |Avg weights: 0.544| log w_hat/w: 0.414| avg_delta_w: 0.445
---------- Evaluating for epsilon = 0.6000000000000001 ----------
> Collecting test points
> Estimating exact weights
> Estimate weights for calibration data
> Computing weight of trajectories
> Computing conformal set
-------- Original method --------
Eps: 0.60 | Coverage: 85.60% | Average interval length: 67.00 | Avg Original interval: 137.00-204.00 | Avg New interval: 137.00-204.00 | Quantile: 0.059 |Avg weights: 0.369| log w_hat/w: 0.025| avg_delta_w: 0.427
-------- Double quantile method --------
Eps: 0.60 | Coverage: 84.70% | Average interval length: 65.00 | Avg Original interval: 137.00-204.00 | Avg New interval: 138.00-203.00 | Quantile: -0.078 - 0.078 |Avg weights: 0.369| log w_hat/w: 0.025| avg_delta_w: 0.427
-------- Cumul  method --------
Eps: 0.60 | Coverage: 85.40% | Average interval length: 66.00 | Avg Original interval: 137.00-204.00 | Avg New interval: 137.00-203.00 | Quantile: 137.000 - 203.000 |Avg weights: 0.369| log w_hat/w: 0.025| avg_delta_w: 0.427
---------- Evaluating for epsilon = 0.65 ----------
> Collecting test points
> Estimating exact weights
> Estimate weights for calibration data
> Computing weight of trajectories
> Computing conformal set
-------- Original method --------
Eps: 0.65 | Coverage: 81.70% | Average interval length: 270.00 | Avg Original interval: 137.00-204.00 | Avg New interval: 138.00-408.00 | Quantile: inf |Avg weights: 0.203| log w_hat/w: -0.571| avg_delta_w: 0.437
-------- Double quantile method --------
Eps: 0.65 | Coverage: 81.70% | Average interval length: 270.00 | Avg Original interval: 137.00-204.00 | Avg New interval: 138.00-408.00 | Quantile: inf - inf |Avg weights: 0.203| log w_hat/w: -0.571| avg_delta_w: 0.437
-------- Cumul  method --------
Eps: 0.65 | Coverage: 83.10% | Average interval length: 271.00 | Avg Original interval: 137.00-204.00 | Avg New interval: 137.00-408.00 | Quantile: 137.232 - inf |Avg weights: 0.203| log w_hat/w: -0.571| avg_delta_w: 0.437
---------- Evaluating for epsilon = 0.7000000000000001 ----------
> Collecting test points
> Estimating exact weights
> Estimate weights for calibration data
> Computing weight of trajectories
> Computing conformal set
-------- Original method --------
Eps: 0.70 | Coverage: 75.70% | Average interval length: 270.00 | Avg Original interval: 137.00-204.00 | Avg New interval: 138.00-408.00 | Quantile: inf |Avg weights: 0.101| log w_hat/w: -1.276| avg_delta_w: 0.459
-------- Double quantile method --------
Eps: 0.70 | Coverage: 75.70% | Average interval length: 270.00 | Avg Original interval: 137.00-204.00 | Avg New interval: 138.00-408.00 | Quantile: inf - inf |Avg weights: 0.101| log w_hat/w: -1.276| avg_delta_w: 0.459
-------- Cumul  method --------
Eps: 0.70 | Coverage: 77.00% | Average interval length: 271.00 | Avg Original interval: 137.00-204.00 | Avg New interval: 137.00-408.00 | Quantile: 137.282 - inf |Avg weights: 0.101| log w_hat/w: -1.276| avg_delta_w: 0.459
---------- Evaluating for epsilon = 0.75 ----------
> Collecting test points
> Estimating exact weights
> Estimate weights for calibration data
> Computing weight of trajectories
> Computing conformal set
-------- Original method --------
Eps: 0.75 | Coverage: 71.30% | Average interval length: 67.00 | Avg Original interval: 137.00-204.00 | Avg New interval: 137.00-204.00 | Quantile: 0.596 |Avg weights: 0.042| log w_hat/w: -2.157| avg_delta_w: 0.481
-------- Double quantile method --------
Eps: 0.75 | Coverage: 71.30% | Average interval length: 67.00 | Avg Original interval: 137.00-204.00 | Avg New interval: 137.00-204.00 | Quantile: 0.024 - 1.445 |Avg weights: 0.042| log w_hat/w: -2.157| avg_delta_w: 0.481
-------- Cumul  method --------
Eps: 0.75 | Coverage: 71.30% | Average interval length: 67.00 | Avg Original interval: 137.00-204.00 | Avg New interval: 137.00-204.00 | Quantile: 137.000 - 204.000 |Avg weights: 0.042| log w_hat/w: -2.157| avg_delta_w: 0.481
---------- Evaluating for epsilon = 0.8 ----------
> Collecting test points
> Estimating exact weights
> Estimate weights for calibration data
> Computing weight of trajectories
> Computing conformal set
-------- Original method --------
Eps: 0.80 | Coverage: 64.60% | Average interval length: 65.00 | Avg Original interval: 137.00-204.00 | Avg New interval: 138.00-203.00 | Quantile: -0.134 |Avg weights: 0.014| log w_hat/w: -3.276| avg_delta_w: 0.495
-------- Double quantile method --------
Eps: 0.80 | Coverage: 59.30% | Average interval length: 61.00 | Avg Original interval: 137.00-204.00 | Avg New interval: 140.00-201.00 | Quantile: -2.789 - 1.559 |Avg weights: 0.014| log w_hat/w: -3.276| avg_delta_w: 0.495
-------- Cumul  method --------
Eps: 0.80 | Coverage: 61.90% | Average interval length: 66.00 | Avg Original interval: 137.00-204.00 | Avg New interval: 139.00-205.00 | Quantile: 139.000 - 205.000 |Avg weights: 0.014| log w_hat/w: -3.276| avg_delta_w: 0.495
---------- Evaluating for epsilon = 0.8500000000000001 ----------
> Collecting test points
> Estimating exact weights
> Estimate weights for calibration data
> Computing weight of trajectories
> Computing conformal set
-------- Original method --------
Eps: 0.85 | Coverage: 58.20% | Average interval length: 65.00 | Avg Original interval: 137.00-204.00 | Avg New interval: 138.00-203.00 | Quantile: -0.082 |Avg weights: 0.003| log w_hat/w: -4.681| avg_delta_w: 0.500
-------- Double quantile method --------
Eps: 0.85 | Coverage: 58.20% | Average interval length: 65.00 | Avg Original interval: 137.00-204.00 | Avg New interval: 138.00-203.00 | Quantile: 0.189 - -0.441 |Avg weights: 0.003| log w_hat/w: -4.681| avg_delta_w: 0.500
-------- Cumul  method --------
Eps: 0.85 | Coverage: 60.80% | Average interval length: 66.00 | Avg Original interval: 137.00-204.00 | Avg New interval: 137.00-203.00 | Quantile: 137.000 - 203.000 |Avg weights: 0.003| log w_hat/w: -4.681| avg_delta_w: 0.500
---------- Evaluating for epsilon = 0.9 ----------
> Collecting test points
> Estimating exact weights
> Estimate weights for calibration data
> Computing weight of trajectories
> Computing conformal set
-------- Original method --------
Eps: 0.90 | Coverage: 55.30% | Average interval length: 65.00 | Avg Original interval: 137.00-204.00 | Avg New interval: 138.00-203.00 | Quantile: -0.081 |Avg weights: 0.000| log w_hat/w: -6.633| avg_delta_w: 0.501
-------- Double quantile method --------
Eps: 0.90 | Coverage: 53.90% | Average interval length: 63.00 | Avg Original interval: 137.00-204.00 | Avg New interval: 139.00-202.00 | Quantile: -1.640 - 0.543 |Avg weights: 0.000| log w_hat/w: -6.633| avg_delta_w: 0.501
-------- Cumul  method --------
Eps: 0.90 | Coverage: 55.30% | Average interval length: 66.00 | Avg Original interval: 137.00-204.00 | Avg New interval: 138.00-204.00 | Quantile: 138.000 - 204.000 |Avg weights: 0.000| log w_hat/w: -6.633| avg_delta_w: 0.501
---------- Evaluating for epsilon = 0.9500000000000001 ----------
> Collecting test points
> Estimating exact weights
> Estimate weights for calibration data
> Computing weight of trajectories
> Computing conformal set
-------- Original method --------
Eps: 0.95 | Coverage: 50.60% | Average interval length: 67.00 | Avg Original interval: 137.00-204.00 | Avg New interval: 137.00-204.00 | Quantile: 0.167 |Avg weights: 0.000| log w_hat/w: -8.956| avg_delta_w: 0.501
-------- Double quantile method --------
Eps: 0.95 | Coverage: 49.10% | Average interval length: 65.00 | Avg Original interval: 137.00-204.00 | Avg New interval: 138.00-203.00 | Quantile: 1.009 - -0.346 |Avg weights: 0.000| log w_hat/w: -8.956| avg_delta_w: 0.501
-------- Cumul  method --------
Eps: 0.95 | Coverage: 52.00% | Average interval length: 66.00 | Avg Original interval: 137.00-204.00 | Avg New interval: 136.00-202.00 | Quantile: 136.000 - 202.206 |Avg weights: 0.000| log w_hat/w: -8.956| avg_delta_w: 0.501
---------- Evaluating for epsilon = 1.0 ----------
> Collecting test points
> Estimating exact weights
> Estimate weights for calibration data
> Computing weight of trajectories
> Computing conformal set
-------- Original method --------
Eps: 1.00 | Coverage: 47.00% | Average interval length: 273.00 | Avg Original interval: 137.00-204.00 | Avg New interval: 135.00-408.00 | Quantile: inf |Avg weights: 0.000| log w_hat/w: -12.841| avg_delta_w: 0.501
-------- Double quantile method --------
Eps: 1.00 | Coverage: 39.50% | Average interval length: 269.00 | Avg Original interval: 137.00-204.00 | Avg New interval: 139.00-408.00 | Quantile: inf - inf |Avg weights: 0.000| log w_hat/w: -12.841| avg_delta_w: 0.501
-------- Cumul  method --------
Eps: 1.00 | Coverage: 43.20% | Average interval length: 231.00 | Avg Original interval: 137.00-204.00 | Avg New interval: 137.00-368.00 | Quantile: inf - inf |Avg weights: 0.000| log w_hat/w: -12.841| avg_delta_w: 0.501
> Loading/collecting data
> Training/loading quantile networks
---------- Evaluating for epsilon = 0.0 ----------
> Collecting test points
> Estimating exact weights
> Estimate weights for calibration data
> Computing weight of trajectories
> Computing conformal set
-------- Original method --------
Eps: 0.00 | Coverage: 60.50% | Average interval length: 65.00 | Avg Original interval: 137.00-204.00 | Avg New interval: 138.00-203.00 | Quantile: -0.078 |Avg weights: 0.000| log w_hat/w: -17.403| avg_delta_w: 0.501
-------- Double quantile method --------
Eps: 0.00 | Coverage: 60.50% | Average interval length: 65.00 | Avg Original interval: 137.00-204.00 | Avg New interval: 138.00-203.00 | Quantile: -0.082 - 0.078 |Avg weights: 0.000| log w_hat/w: -17.403| avg_delta_w: 0.501
-------- Cumul  method --------
Eps: 0.00 | Coverage: 60.50% | Average interval length: 66.00 | Avg Original interval: 137.00-204.00 | Avg New interval: 137.00-203.00 | Quantile: 137.000 - 203.000 |Avg weights: 0.000| log w_hat/w: -17.403| avg_delta_w: 0.501
---------- Evaluating for epsilon = 0.05 ----------
> Collecting test points
> Estimating exact weights
> Estimate weights for calibration data
> Computing weight of trajectories
> Computing conformal set
-------- Original method --------
Eps: 0.05 | Coverage: 68.50% | Average interval length: 67.00 | Avg Original interval: 137.00-204.00 | Avg New interval: 137.00-204.00 | Quantile: 0.189 |Avg weights: 0.001| log w_hat/w: -6.213| avg_delta_w: 0.501
-------- Double quantile method --------
Eps: 0.05 | Coverage: 67.00% | Average interval length: 65.00 | Avg Original interval: 137.00-204.00 | Avg New interval: 138.00-203.00 | Quantile: -0.896 - 0.596 |Avg weights: 0.001| log w_hat/w: -6.213| avg_delta_w: 0.501
-------- Cumul  method --------
Eps: 0.05 | Coverage: 68.50% | Average interval length: 68.00 | Avg Original interval: 137.00-204.00 | Avg New interval: 136.00-204.00 | Quantile: 136.000 - 204.000 |Avg weights: 0.001| log w_hat/w: -6.213| avg_delta_w: 0.501
---------- Evaluating for epsilon = 0.1 ----------
> Collecting test points
> Estimating exact weights
> Estimate weights for calibration data
> Computing weight of trajectories
> Computing conformal set
-------- Original method --------
Eps: 0.10 | Coverage: 75.40% | Average interval length: 67.00 | Avg Original interval: 137.00-204.00 | Avg New interval: 137.00-204.00 | Quantile: 0.078 |Avg weights: 0.016| log w_hat/w: -3.133| avg_delta_w: 0.494
-------- Double quantile method --------
Eps: 0.10 | Coverage: 73.20% | Average interval length: 65.00 | Avg Original interval: 137.00-204.00 | Avg New interval: 138.00-203.00 | Quantile: 0.911 - -0.398 |Avg weights: 0.016| log w_hat/w: -3.133| avg_delta_w: 0.494
-------- Cumul  method --------
Eps: 0.10 | Coverage: 73.20% | Average interval length: 66.00 | Avg Original interval: 137.00-204.00 | Avg New interval: 137.00-203.00 | Quantile: 137.000 - 203.000 |Avg weights: 0.016| log w_hat/w: -3.133| avg_delta_w: 0.494
---------- Evaluating for epsilon = 0.15000000000000002 ----------
> Collecting test points
> Estimating exact weights
> Estimate weights for calibration data
> Computing weight of trajectories
> Computing conformal set
-------- Original method --------
Eps: 0.15 | Coverage: 77.20% | Average interval length: 65.00 | Avg Original interval: 137.00-204.00 | Avg New interval: 138.00-203.00 | Quantile: -0.082 |Avg weights: 0.090| log w_hat/w: -1.385| avg_delta_w: 0.464
-------- Double quantile method --------
Eps: 0.15 | Coverage: 77.20% | Average interval length: 65.00 | Avg Original interval: 137.00-204.00 | Avg New interval: 138.00-203.00 | Quantile: 0.192 - -0.421 |Avg weights: 0.090| log w_hat/w: -1.385| avg_delta_w: 0.464
-------- Cumul  method --------
Eps: 0.15 | Coverage: 77.20% | Average interval length: 67.00 | Avg Original interval: 137.00-204.00 | Avg New interval: 136.00-203.00 | Quantile: 136.000 - 203.000 |Avg weights: 0.090| log w_hat/w: -1.385| avg_delta_w: 0.464
---------- Evaluating for epsilon = 0.2 ----------
> Collecting test points
> Estimating exact weights
> Estimate weights for calibration data
> Computing weight of trajectories
> Computing conformal set
-------- Original method --------
Eps: 0.20 | Coverage: 81.90% | Average interval length: 67.00 | Avg Original interval: 137.00-204.00 | Avg New interval: 137.00-204.00 | Quantile: 0.189 |Avg weights: 0.257| log w_hat/w: -0.335| avg_delta_w: 0.429
-------- Double quantile method --------
Eps: 0.20 | Coverage: 79.70% | Average interval length: 65.00 | Avg Original interval: 137.00-204.00 | Avg New interval: 138.00-203.00 | Quantile: -0.078 - 0.518 |Avg weights: 0.257| log w_hat/w: -0.335| avg_delta_w: 0.429
-------- Cumul  method --------
Eps: 0.20 | Coverage: 79.80% | Average interval length: 66.00 | Avg Original interval: 137.00-204.00 | Avg New interval: 137.00-203.00 | Quantile: 137.000 - 203.000 |Avg weights: 0.257| log w_hat/w: -0.335| avg_delta_w: 0.429
---------- Evaluating for epsilon = 0.25 ----------
> Collecting test points
> Estimating exact weights
> Estimate weights for calibration data
> Computing weight of trajectories
> Computing conformal set
-------- Original method --------
Eps: 0.25 | Coverage: 85.20% | Average interval length: 65.00 | Avg Original interval: 137.00-204.00 | Avg New interval: 138.00-203.00 | Quantile: -0.082 |Avg weights: 0.496| log w_hat/w: 0.322| avg_delta_w: 0.445
-------- Double quantile method --------
Eps: 0.25 | Coverage: 85.20% | Average interval length: 65.00 | Avg Original interval: 137.00-204.00 | Avg New interval: 138.00-203.00 | Quantile: 0.504 - -0.485 |Avg weights: 0.496| log w_hat/w: 0.322| avg_delta_w: 0.445
-------- Cumul  method --------
Eps: 0.25 | Coverage: 84.80% | Average interval length: 66.00 | Avg Original interval: 137.00-204.00 | Avg New interval: 136.00-202.00 | Quantile: 136.000 - 202.000 |Avg weights: 0.496| log w_hat/w: 0.322| avg_delta_w: 0.445
---------- Evaluating for epsilon = 0.30000000000000004 ----------
> Collecting test points
> Estimating exact weights
> Estimate weights for calibration data
> Computing weight of trajectories
> Computing conformal set
-------- Original method --------
Eps: 0.30 | Coverage: 86.00% | Average interval length: 65.00 | Avg Original interval: 137.00-204.00 | Avg New interval: 138.00-203.00 | Quantile: -0.082 |Avg weights: 0.756| log w_hat/w: 0.745| avg_delta_w: 0.474
-------- Double quantile method --------
Eps: 0.30 | Coverage: 86.00% | Average interval length: 65.00 | Avg Original interval: 137.00-204.00 | Avg New interval: 138.00-203.00 | Quantile: -0.401 - 0.078 |Avg weights: 0.756| log w_hat/w: 0.745| avg_delta_w: 0.474
-------- Cumul  method --------
Eps: 0.30 | Coverage: 86.00% | Average interval length: 65.00 | Avg Original interval: 137.00-204.00 | Avg New interval: 138.00-203.00 | Quantile: 138.000 - 203.000 |Avg weights: 0.756| log w_hat/w: 0.745| avg_delta_w: 0.474
---------- Evaluating for epsilon = 0.35000000000000003 ----------
> Collecting test points
> Estimating exact weights
> Estimate weights for calibration data
> Computing weight of trajectories
> Computing conformal set
-------- Original method --------
Eps: 0.35 | Coverage: 90.50% | Average interval length: 65.00 | Avg Original interval: 137.00-204.00 | Avg New interval: 138.00-203.00 | Quantile: -0.081 |Avg weights: 0.935| log w_hat/w: 0.957| avg_delta_w: 0.519
-------- Double quantile method --------
Eps: 0.35 | Coverage: 90.50% | Average interval length: 65.00 | Avg Original interval: 137.00-204.00 | Avg New interval: 138.00-203.00 | Quantile: -0.080 - 0.062 |Avg weights: 0.935| log w_hat/w: 0.957| avg_delta_w: 0.519
-------- Cumul  method --------
Eps: 0.35 | Coverage: 90.70% | Average interval length: 66.00 | Avg Original interval: 137.00-204.00 | Avg New interval: 137.00-203.00 | Quantile: 137.000 - 203.000 |Avg weights: 0.935| log w_hat/w: 0.957| avg_delta_w: 0.519
---------- Evaluating for epsilon = 0.4 ----------
> Collecting test points
> Estimating exact weights
> Estimate weights for calibration data
> Computing weight of trajectories
> Computing conformal set
-------- Original method --------
Eps: 0.40 | Coverage: 90.70% | Average interval length: 65.00 | Avg Original interval: 137.00-204.00 | Avg New interval: 138.00-203.00 | Quantile: -0.078 |Avg weights: 1.000| log w_hat/w: 1.025| avg_delta_w: 0.534
-------- Double quantile method --------
Eps: 0.40 | Coverage: 90.70% | Average interval length: 65.00 | Avg Original interval: 137.00-204.00 | Avg New interval: 138.00-203.00 | Quantile: -0.082 - 0.078 |Avg weights: 1.000| log w_hat/w: 1.025| avg_delta_w: 0.534
-------- Cumul  method --------
Eps: 0.40 | Coverage: 90.90% | Average interval length: 66.00 | Avg Original interval: 137.00-204.00 | Avg New interval: 137.00-203.00 | Quantile: 137.000 - 203.000 |Avg weights: 1.000| log w_hat/w: 1.025| avg_delta_w: 0.534
---------- Evaluating for epsilon = 0.45 ----------
> Collecting test points
> Estimating exact weights
> Estimate weights for calibration data
> Computing weight of trajectories
> Computing conformal set
-------- Original method --------
Eps: 0.45 | Coverage: 90.20% | Average interval length: 65.00 | Avg Original interval: 137.00-204.00 | Avg New interval: 138.00-203.00 | Quantile: -0.082 |Avg weights: 0.939| log w_hat/w: 0.961| avg_delta_w: 0.519
-------- Double quantile method --------
Eps: 0.45 | Coverage: 90.20% | Average interval length: 65.00 | Avg Original interval: 137.00-204.00 | Avg New interval: 138.00-203.00 | Quantile: -0.296 - 0.078 |Avg weights: 0.939| log w_hat/w: 0.961| avg_delta_w: 0.519
-------- Cumul  method --------
Eps: 0.45 | Coverage: 90.70% | Average interval length: 66.00 | Avg Original interval: 137.00-204.00 | Avg New interval: 137.00-203.00 | Quantile: 137.000 - 203.000 |Avg weights: 0.939| log w_hat/w: 0.961| avg_delta_w: 0.519
---------- Evaluating for epsilon = 0.5 ----------
> Collecting test points
> Estimating exact weights
> Estimate weights for calibration data
> Computing weight of trajectories
> Computing conformal set
-------- Original method --------
Eps: 0.50 | Coverage: 88.00% | Average interval length: 65.00 | Avg Original interval: 137.00-204.00 | Avg New interval: 138.00-203.00 | Quantile: -0.021 |Avg weights: 0.765| log w_hat/w: 0.757| avg_delta_w: 0.481
-------- Double quantile method --------
Eps: 0.50 | Coverage: 88.00% | Average interval length: 65.00 | Avg Original interval: 137.00-204.00 | Avg New interval: 138.00-203.00 | Quantile: -0.079 - 0.078 |Avg weights: 0.765| log w_hat/w: 0.757| avg_delta_w: 0.481
-------- Cumul  method --------
Eps: 0.50 | Coverage: 88.50% | Average interval length: 66.00 | Avg Original interval: 137.00-204.00 | Avg New interval: 137.00-203.00 | Quantile: 137.000 - 203.000 |Avg weights: 0.765| log w_hat/w: 0.757| avg_delta_w: 0.481
---------- Evaluating for epsilon = 0.55 ----------
> Collecting test points
> Estimating exact weights
> Estimate weights for calibration data
> Computing weight of trajectories
> Computing conformal set
-------- Original method --------
Eps: 0.55 | Coverage: 88.90% | Average interval length: 67.00 | Avg Original interval: 137.00-204.00 | Avg New interval: 137.00-204.00 | Quantile: 0.035 |Avg weights: 0.558| log w_hat/w: 0.440| avg_delta_w: 0.442
-------- Double quantile method --------
Eps: 0.55 | Coverage: 88.10% | Average interval length: 65.00 | Avg Original interval: 137.00-204.00 | Avg New interval: 138.00-203.00 | Quantile: -0.029 - 0.078 |Avg weights: 0.558| log w_hat/w: 0.440| avg_delta_w: 0.442
-------- Cumul  method --------
Eps: 0.55 | Coverage: 88.90% | Average interval length: 66.00 | Avg Original interval: 137.00-204.00 | Avg New interval: 137.00-203.00 | Quantile: 137.000 - 203.000 |Avg weights: 0.558| log w_hat/w: 0.440| avg_delta_w: 0.442
---------- Evaluating for epsilon = 0.6000000000000001 ----------
> Collecting test points
> Estimating exact weights
> Estimate weights for calibration data
> Computing weight of trajectories
> Computing conformal set
-------- Original method --------
Eps: 0.60 | Coverage: 85.40% | Average interval length: 67.00 | Avg Original interval: 137.00-204.00 | Avg New interval: 137.00-204.00 | Quantile: 0.621 |Avg weights: 0.358| log w_hat/w: -0.006| avg_delta_w: 0.425
-------- Double quantile method --------
Eps: 0.60 | Coverage: 84.10% | Average interval length: 65.00 | Avg Original interval: 137.00-204.00 | Avg New interval: 138.00-203.00 | Quantile: 1.091 - 1.643 |Avg weights: 0.358| log w_hat/w: -0.006| avg_delta_w: 0.425
-------- Cumul  method --------
Eps: 0.60 | Coverage: 85.40% | Average interval length: 67.00 | Avg Original interval: 137.00-204.00 | Avg New interval: 137.00-204.00 | Quantile: 137.176 - 204.679 |Avg weights: 0.358| log w_hat/w: -0.006| avg_delta_w: 0.425
---------- Evaluating for epsilon = 0.65 ----------
> Collecting test points
> Estimating exact weights
> Estimate weights for calibration data
> Computing weight of trajectories
> Computing conformal set
-------- Original method --------
Eps: 0.65 | Coverage: 82.40% | Average interval length: 66.00 | Avg Original interval: 137.00-204.00 | Avg New interval: 137.00-203.00 | Quantile: 0.394 |Avg weights: 0.204| log w_hat/w: -0.565| avg_delta_w: 0.438
-------- Double quantile method --------
Eps: 0.65 | Coverage: 81.70% | Average interval length: 65.00 | Avg Original interval: 137.00-204.00 | Avg New interval: 138.00-203.00 | Quantile: 1.320 - 0.716 |Avg weights: 0.204| log w_hat/w: -0.565| avg_delta_w: 0.438
-------- Cumul  method --------
Eps: 0.65 | Coverage: 82.40% | Average interval length: 66.00 | Avg Original interval: 137.00-204.00 | Avg New interval: 137.00-203.00 | Quantile: 137.000 - 203.779 |Avg weights: 0.204| log w_hat/w: -0.565| avg_delta_w: 0.438
---------- Evaluating for epsilon = 0.7000000000000001 ----------
> Collecting test points
> Estimating exact weights
> Estimate weights for calibration data
> Computing weight of trajectories
> Computing conformal set
-------- Original method --------
Eps: 0.70 | Coverage: 77.80% | Average interval length: 67.00 | Avg Original interval: 137.00-204.00 | Avg New interval: 137.00-204.00 | Quantile: 0.518 |Avg weights: 0.096| log w_hat/w: -1.321| avg_delta_w: 0.460
-------- Double quantile method --------
Eps: 0.70 | Coverage: 74.80% | Average interval length: 63.00 | Avg Original interval: 137.00-204.00 | Avg New interval: 139.00-202.00 | Quantile: -1.683 - 1.602 |Avg weights: 0.096| log w_hat/w: -1.321| avg_delta_w: 0.460
-------- Cumul  method --------
Eps: 0.70 | Coverage: 75.00% | Average interval length: 65.00 | Avg Original interval: 137.00-204.00 | Avg New interval: 139.00-204.00 | Quantile: 139.000 - 204.000 |Avg weights: 0.096| log w_hat/w: -1.321| avg_delta_w: 0.460
---------- Evaluating for epsilon = 0.75 ----------
> Collecting test points
> Estimating exact weights
> Estimate weights for calibration data
> Computing weight of trajectories
> Computing conformal set
-------- Original method --------
Eps: 0.75 | Coverage: 72.60% | Average interval length: 271.00 | Avg Original interval: 137.00-204.00 | Avg New interval: 137.00-408.00 | Quantile: inf |Avg weights: 0.042| log w_hat/w: -2.155| avg_delta_w: 0.481
-------- Double quantile method --------
Eps: 0.75 | Coverage: 71.10% | Average interval length: 270.00 | Avg Original interval: 137.00-204.00 | Avg New interval: 138.00-408.00 | Quantile: inf - inf |Avg weights: 0.042| log w_hat/w: -2.155| avg_delta_w: 0.481
-------- Cumul  method --------
Eps: 0.75 | Coverage: 74.10% | Average interval length: 272.00 | Avg Original interval: 137.00-204.00 | Avg New interval: 136.00-408.00 | Quantile: 137.197 - inf |Avg weights: 0.042| log w_hat/w: -2.155| avg_delta_w: 0.481
---------- Evaluating for epsilon = 0.8 ----------
> Collecting test points
> Estimating exact weights
> Estimate weights for calibration data
> Computing weight of trajectories
> Computing conformal set
-------- Original method --------
Eps: 0.80 | Coverage: 65.10% | Average interval length: 65.00 | Avg Original interval: 137.00-204.00 | Avg New interval: 138.00-203.00 | Quantile: -0.078 |Avg weights: 0.014| log w_hat/w: -3.235| avg_delta_w: 0.494
-------- Double quantile method --------
Eps: 0.80 | Coverage: 65.10% | Average interval length: 65.00 | Avg Original interval: 137.00-204.00 | Avg New interval: 138.00-203.00 | Quantile: -0.064 - -0.127 |Avg weights: 0.014| log w_hat/w: -3.235| avg_delta_w: 0.494
-------- Cumul  method --------
Eps: 0.80 | Coverage: 67.00% | Average interval length: 66.00 | Avg Original interval: 137.00-204.00 | Avg New interval: 137.00-203.00 | Quantile: 137.000 - 203.000 |Avg weights: 0.014| log w_hat/w: -3.235| avg_delta_w: 0.494
---------- Evaluating for epsilon = 0.8500000000000001 ----------
> Collecting test points
> Estimating exact weights
> Estimate weights for calibration data
> Computing weight of trajectories
> Computing conformal set
-------- Original method --------
Eps: 0.85 | Coverage: 57.70% | Average interval length: 65.00 | Avg Original interval: 137.00-204.00 | Avg New interval: 138.00-203.00 | Quantile: -0.627 |Avg weights: 0.003| log w_hat/w: -4.712| avg_delta_w: 0.500
-------- Double quantile method --------
Eps: 0.85 | Coverage: 52.40% | Average interval length: 59.00 | Avg Original interval: 137.00-204.00 | Avg New interval: 141.00-200.00 | Quantile: -3.371 - 0.669 |Avg weights: 0.003| log w_hat/w: -4.712| avg_delta_w: 0.500
-------- Cumul  method --------
Eps: 0.85 | Coverage: 52.50% | Average interval length: 63.00 | Avg Original interval: 137.00-204.00 | Avg New interval: 141.00-204.00 | Quantile: 141.000 - 204.000 |Avg weights: 0.003| log w_hat/w: -4.712| avg_delta_w: 0.500
---------- Evaluating for epsilon = 0.9 ----------
> Collecting test points
> Estimating exact weights
> Estimate weights for calibration data
> Computing weight of trajectories
> Computing conformal set
-------- Original method --------
Eps: 0.90 | Coverage: 55.90% | Average interval length: 69.00 | Avg Original interval: 137.00-204.00 | Avg New interval: 136.00-205.00 | Quantile: 1.835 |Avg weights: 0.000| log w_hat/w: -6.593| avg_delta_w: 0.501
-------- Double quantile method --------
Eps: 0.90 | Coverage: 54.40% | Average interval length: 67.00 | Avg Original interval: 137.00-204.00 | Avg New interval: 137.00-204.00 | Quantile: 0.854 - 3.316 |Avg weights: 0.000| log w_hat/w: -6.593| avg_delta_w: 0.501
-------- Cumul  method --------
Eps: 0.90 | Coverage: 54.50% | Average interval length: 70.00 | Avg Original interval: 137.00-204.00 | Avg New interval: 137.00-207.00 | Quantile: 137.000 - 207.406 |Avg weights: 0.000| log w_hat/w: -6.593| avg_delta_w: 0.501
---------- Evaluating for epsilon = 0.9500000000000001 ----------
> Collecting test points
> Estimating exact weights
> Estimate weights for calibration data
> Computing weight of trajectories
> Computing conformal set
-------- Original method --------
Eps: 0.95 | Coverage: 48.10% | Average interval length: 69.00 | Avg Original interval: 137.00-204.00 | Avg New interval: 136.00-205.00 | Quantile: 1.292 |Avg weights: 0.000| log w_hat/w: -9.080| avg_delta_w: 0.501
-------- Double quantile method --------
Eps: 0.95 | Coverage: 42.50% | Average interval length: 63.00 | Avg Original interval: 137.00-204.00 | Avg New interval: 139.00-202.00 | Quantile: 3.500 - -1.146 |Avg weights: 0.000| log w_hat/w: -9.080| avg_delta_w: 0.501
-------- Cumul  method --------
Eps: 0.95 | Coverage: 54.10% | Average interval length: 69.00 | Avg Original interval: 137.00-204.00 | Avg New interval: 133.00-202.00 | Quantile: 133.000 - 202.085 |Avg weights: 0.000| log w_hat/w: -9.080| avg_delta_w: 0.501
---------- Evaluating for epsilon = 1.0 ----------
> Collecting test points
> Estimating exact weights
> Estimate weights for calibration data
> Computing weight of trajectories
> Computing conformal set
-------- Original method --------
Eps: 1.00 | Coverage: 44.00% | Average interval length: 67.00 | Avg Original interval: 137.00-204.00 | Avg New interval: 137.00-204.00 | Quantile: 0.878 |Avg weights: 0.000| log w_hat/w: -13.024| avg_delta_w: 0.501
-------- Double quantile method --------
Eps: 1.00 | Coverage: 44.00% | Average interval length: 67.00 | Avg Original interval: 137.00-204.00 | Avg New interval: 137.00-204.00 | Quantile: 0.291 - 1.095 |Avg weights: 0.000| log w_hat/w: -13.024| avg_delta_w: 0.501
-------- Cumul  method --------
Eps: 1.00 | Coverage: 44.00% | Average interval length: 67.00 | Avg Original interval: 137.00-204.00 | Avg New interval: 137.00-204.00 | Quantile: 137.000 - 204.000 |Avg weights: 0.000| log w_hat/w: -13.024| avg_delta_w: 0.501
> Loading/collecting data
> Training/loading quantile networks
---------- Evaluating for epsilon = 0.0 ----------
> Collecting test points
> Estimating exact weights
> Estimate weights for calibration data
> Computing weight of trajectories
> Computing conformal set
-------- Original method --------
Eps: 0.00 | Coverage: 58.90% | Average interval length: 65.00 | Avg Original interval: 137.00-204.00 | Avg New interval: 138.00-203.00 | Quantile: -0.078 |Avg weights: 0.000| log w_hat/w: -17.393| avg_delta_w: 0.501
-------- Double quantile method --------
Eps: 0.00 | Coverage: 58.90% | Average interval length: 65.00 | Avg Original interval: 137.00-204.00 | Avg New interval: 138.00-203.00 | Quantile: -0.202 - 0.078 |Avg weights: 0.000| log w_hat/w: -17.393| avg_delta_w: 0.501
-------- Cumul  method --------
Eps: 0.00 | Coverage: 58.90% | Average interval length: 66.00 | Avg Original interval: 137.00-204.00 | Avg New interval: 137.00-203.00 | Quantile: 137.000 - 203.000 |Avg weights: 0.000| log w_hat/w: -17.393| avg_delta_w: 0.501
---------- Evaluating for epsilon = 0.05 ----------
> Collecting test points
> Estimating exact weights
> Estimate weights for calibration data
> Computing weight of trajectories
> Computing conformal set
-------- Original method --------
Eps: 0.05 | Coverage: 67.50% | Average interval length: 67.00 | Avg Original interval: 137.00-204.00 | Avg New interval: 137.00-204.00 | Quantile: 0.063 |Avg weights: 0.001| log w_hat/w: -6.154| avg_delta_w: 0.501
-------- Double quantile method --------
Eps: 0.05 | Coverage: 65.00% | Average interval length: 65.00 | Avg Original interval: 137.00-204.00 | Avg New interval: 138.00-203.00 | Quantile: 0.979 - -0.483 |Avg weights: 0.001| log w_hat/w: -6.154| avg_delta_w: 0.501
-------- Cumul  method --------
Eps: 0.05 | Coverage: 64.80% | Average interval length: 66.00 | Avg Original interval: 137.00-204.00 | Avg New interval: 136.00-202.00 | Quantile: 136.000 - 202.000 |Avg weights: 0.001| log w_hat/w: -6.154| avg_delta_w: 0.501
---------- Evaluating for epsilon = 0.1 ----------
> Collecting test points
> Estimating exact weights
> Estimate weights for calibration data
> Computing weight of trajectories
> Computing conformal set
-------- Original method --------
Eps: 0.10 | Coverage: 74.10% | Average interval length: 65.00 | Avg Original interval: 137.00-204.00 | Avg New interval: 138.00-203.00 | Quantile: -0.429 |Avg weights: 0.016| log w_hat/w: -3.122| avg_delta_w: 0.493
-------- Double quantile method --------
Eps: 0.10 | Coverage: 74.10% | Average interval length: 65.00 | Avg Original interval: 137.00-204.00 | Avg New interval: 138.00-203.00 | Quantile: -0.079 - -0.441 |Avg weights: 0.016| log w_hat/w: -3.122| avg_delta_w: 0.493
-------- Cumul  method --------
Eps: 0.10 | Coverage: 73.60% | Average interval length: 65.00 | Avg Original interval: 137.00-204.00 | Avg New interval: 137.00-202.00 | Quantile: 137.000 - 202.000 |Avg weights: 0.016| log w_hat/w: -3.122| avg_delta_w: 0.493
---------- Evaluating for epsilon = 0.15000000000000002 ----------
> Collecting test points
> Estimating exact weights
> Estimate weights for calibration data
> Computing weight of trajectories
> Computing conformal set
-------- Original method --------
Eps: 0.15 | Coverage: 80.90% | Average interval length: 67.00 | Avg Original interval: 137.00-204.00 | Avg New interval: 137.00-204.00 | Quantile: 0.612 |Avg weights: 0.089| log w_hat/w: -1.402| avg_delta_w: 0.462
-------- Double quantile method --------
Eps: 0.15 | Coverage: 78.40% | Average interval length: 65.00 | Avg Original interval: 137.00-204.00 | Avg New interval: 138.00-203.00 | Quantile: -0.101 - 1.528 |Avg weights: 0.089| log w_hat/w: -1.402| avg_delta_w: 0.462
-------- Cumul  method --------
Eps: 0.15 | Coverage: 80.90% | Average interval length: 66.00 | Avg Original interval: 137.00-204.00 | Avg New interval: 138.00-204.00 | Quantile: 138.000 - 204.288 |Avg weights: 0.089| log w_hat/w: -1.402| avg_delta_w: 0.462
---------- Evaluating for epsilon = 0.2 ----------
> Collecting test points
> Estimating exact weights
> Estimate weights for calibration data
> Computing weight of trajectories
> Computing conformal set
-------- Original method --------
Eps: 0.20 | Coverage: 81.80% | Average interval length: 65.00 | Avg Original interval: 137.00-204.00 | Avg New interval: 138.00-203.00 | Quantile: -0.021 |Avg weights: 0.260| log w_hat/w: -0.323| avg_delta_w: 0.433
-------- Double quantile method --------
Eps: 0.20 | Coverage: 81.80% | Average interval length: 65.00 | Avg Original interval: 137.00-204.00 | Avg New interval: 138.00-203.00 | Quantile: 0.189 - -0.134 |Avg weights: 0.260| log w_hat/w: -0.323| avg_delta_w: 0.433
-------- Cumul  method --------
Eps: 0.20 | Coverage: 82.00% | Average interval length: 66.00 | Avg Original interval: 137.00-204.00 | Avg New interval: 137.00-203.00 | Quantile: 137.000 - 203.000 |Avg weights: 0.260| log w_hat/w: -0.323| avg_delta_w: 0.433
---------- Evaluating for epsilon = 0.25 ----------
> Collecting test points
> Estimating exact weights
> Estimate weights for calibration data
> Computing weight of trajectories
> Computing conformal set
-------- Original method --------
Eps: 0.25 | Coverage: 89.10% | Average interval length: 67.00 | Avg Original interval: 137.00-204.00 | Avg New interval: 137.00-204.00 | Quantile: 0.078 |Avg weights: 0.506| log w_hat/w: 0.343| avg_delta_w: 0.438
-------- Double quantile method --------
Eps: 0.25 | Coverage: 89.10% | Average interval length: 67.00 | Avg Original interval: 137.00-204.00 | Avg New interval: 137.00-204.00 | Quantile: 0.159 - 0.078 |Avg weights: 0.506| log w_hat/w: 0.343| avg_delta_w: 0.438
-------- Cumul  method --------
Eps: 0.25 | Coverage: 87.50% | Average interval length: 66.00 | Avg Original interval: 137.00-204.00 | Avg New interval: 137.00-203.00 | Quantile: 137.000 - 203.000 |Avg weights: 0.506| log w_hat/w: 0.343| avg_delta_w: 0.438
---------- Evaluating for epsilon = 0.30000000000000004 ----------
> Collecting test points
> Estimating exact weights
> Estimate weights for calibration data
> Computing weight of trajectories
> Computing conformal set
-------- Original method --------
Eps: 0.30 | Coverage: 89.20% | Average interval length: 65.00 | Avg Original interval: 137.00-204.00 | Avg New interval: 138.00-203.00 | Quantile: -0.048 |Avg weights: 0.736| log w_hat/w: 0.717| avg_delta_w: 0.478
-------- Double quantile method --------
Eps: 0.30 | Coverage: 89.20% | Average interval length: 65.00 | Avg Original interval: 137.00-204.00 | Avg New interval: 138.00-203.00 | Quantile: -0.060 - 0.062 |Avg weights: 0.736| log w_hat/w: 0.717| avg_delta_w: 0.478
-------- Cumul  method --------
Eps: 0.30 | Coverage: 89.30% | Average interval length: 66.00 | Avg Original interval: 137.00-204.00 | Avg New interval: 137.00-203.00 | Quantile: 137.000 - 203.000 |Avg weights: 0.736| log w_hat/w: 0.717| avg_delta_w: 0.478
---------- Evaluating for epsilon = 0.35000000000000003 ----------
> Collecting test points
> Estimating exact weights
> Estimate weights for calibration data
> Computing weight of trajectories
> Computing conformal set
-------- Original method --------
Eps: 0.35 | Coverage: 90.40% | Average interval length: 67.00 | Avg Original interval: 137.00-204.00 | Avg New interval: 137.00-204.00 | Quantile: 0.062 |Avg weights: 0.925| log w_hat/w: 0.947| avg_delta_w: 0.516
-------- Double quantile method --------
Eps: 0.35 | Coverage: 89.10% | Average interval length: 65.00 | Avg Original interval: 137.00-204.00 | Avg New interval: 138.00-203.00 | Quantile: -0.082 - 0.115 |Avg weights: 0.925| log w_hat/w: 0.947| avg_delta_w: 0.516
-------- Cumul  method --------
Eps: 0.35 | Coverage: 89.50% | Average interval length: 66.00 | Avg Original interval: 137.00-204.00 | Avg New interval: 137.00-203.00 | Quantile: 137.000 - 203.000 |Avg weights: 0.925| log w_hat/w: 0.947| avg_delta_w: 0.516
---------- Evaluating for epsilon = 0.4 ----------
> Collecting test points
> Estimating exact weights
> Estimate weights for calibration data
> Computing weight of trajectories
> Computing conformal set
-------- Original method --------
Eps: 0.40 | Coverage: 89.60% | Average interval length: 65.00 | Avg Original interval: 137.00-204.00 | Avg New interval: 138.00-203.00 | Quantile: -0.078 |Avg weights: 1.000| log w_hat/w: 1.025| avg_delta_w: 0.534
-------- Double quantile method --------
Eps: 0.40 | Coverage: 89.60% | Average interval length: 65.00 | Avg Original interval: 137.00-204.00 | Avg New interval: 138.00-203.00 | Quantile: -0.082 - 0.078 |Avg weights: 1.000| log w_hat/w: 1.025| avg_delta_w: 0.534
-------- Cumul  method --------
Eps: 0.40 | Coverage: 90.10% | Average interval length: 66.00 | Avg Original interval: 137.00-204.00 | Avg New interval: 137.00-203.00 | Quantile: 137.000 - 203.000 |Avg weights: 1.000| log w_hat/w: 1.025| avg_delta_w: 0.534
---------- Evaluating for epsilon = 0.45 ----------
> Collecting test points
> Estimating exact weights
> Estimate weights for calibration data
> Computing weight of trajectories
> Computing conformal set
-------- Original method --------
Eps: 0.45 | Coverage: 90.50% | Average interval length: 65.00 | Avg Original interval: 137.00-204.00 | Avg New interval: 138.00-203.00 | Quantile: -0.082 |Avg weights: 0.930| log w_hat/w: 0.952| avg_delta_w: 0.516
-------- Double quantile method --------
Eps: 0.45 | Coverage: 90.50% | Average interval length: 65.00 | Avg Original interval: 137.00-204.00 | Avg New interval: 138.00-203.00 | Quantile: -0.082 - 0.078 |Avg weights: 0.930| log w_hat/w: 0.952| avg_delta_w: 0.516
-------- Cumul  method --------
Eps: 0.45 | Coverage: 91.00% | Average interval length: 66.00 | Avg Original interval: 137.00-204.00 | Avg New interval: 137.00-203.00 | Quantile: 137.000 - 203.000 |Avg weights: 0.930| log w_hat/w: 0.952| avg_delta_w: 0.516
---------- Evaluating for epsilon = 0.5 ----------
> Collecting test points
> Estimating exact weights
> Estimate weights for calibration data
> Computing weight of trajectories
> Computing conformal set
-------- Original method --------
Eps: 0.50 | Coverage: 87.70% | Average interval length: 65.00 | Avg Original interval: 137.00-204.00 | Avg New interval: 138.00-203.00 | Quantile: 0.006 |Avg weights: 0.776| log w_hat/w: 0.771| avg_delta_w: 0.478
-------- Double quantile method --------
Eps: 0.50 | Coverage: 87.70% | Average interval length: 65.00 | Avg Original interval: 137.00-204.00 | Avg New interval: 138.00-203.00 | Quantile: -0.551 - 0.469 |Avg weights: 0.776| log w_hat/w: 0.771| avg_delta_w: 0.478
-------- Cumul  method --------
Eps: 0.50 | Coverage: 88.50% | Average interval length: 66.00 | Avg Original interval: 137.00-204.00 | Avg New interval: 137.00-203.00 | Quantile: 137.000 - 203.038 |Avg weights: 0.776| log w_hat/w: 0.771| avg_delta_w: 0.478
---------- Evaluating for epsilon = 0.55 ----------
> Collecting test points
> Estimating exact weights
> Estimate weights for calibration data
> Computing weight of trajectories
> Computing conformal set
-------- Original method --------
Eps: 0.55 | Coverage: 86.40% | Average interval length: 67.00 | Avg Original interval: 137.00-204.00 | Avg New interval: 137.00-204.00 | Quantile: 0.265 |Avg weights: 0.565| log w_hat/w: 0.454| avg_delta_w: 0.443
-------- Double quantile method --------
Eps: 0.55 | Coverage: 85.40% | Average interval length: 65.00 | Avg Original interval: 137.00-204.00 | Avg New interval: 138.00-203.00 | Quantile: 0.184 - 0.605 |Avg weights: 0.565| log w_hat/w: 0.454| avg_delta_w: 0.443
-------- Cumul  method --------
Eps: 0.55 | Coverage: 86.30% | Average interval length: 66.00 | Avg Original interval: 137.00-204.00 | Avg New interval: 137.00-203.00 | Quantile: 137.000 - 203.253 |Avg weights: 0.565| log w_hat/w: 0.454| avg_delta_w: 0.443
---------- Evaluating for epsilon = 0.6000000000000001 ----------
> Collecting test points
> Estimating exact weights
> Estimate weights for calibration data
> Computing weight of trajectories
> Computing conformal set
-------- Original method --------
Eps: 0.60 | Coverage: 82.00% | Average interval length: 65.00 | Avg Original interval: 137.00-204.00 | Avg New interval: 138.00-203.00 | Quantile: -0.082 |Avg weights: 0.359| log w_hat/w: -0.001| avg_delta_w: 0.435
-------- Double quantile method --------
Eps: 0.60 | Coverage: 82.00% | Average interval length: 65.00 | Avg Original interval: 137.00-204.00 | Avg New interval: 138.00-203.00 | Quantile: 0.189 - -0.439 |Avg weights: 0.359| log w_hat/w: -0.001| avg_delta_w: 0.435
-------- Cumul  method --------
Eps: 0.60 | Coverage: 83.20% | Average interval length: 66.00 | Avg Original interval: 137.00-204.00 | Avg New interval: 137.00-203.00 | Quantile: 137.000 - 203.000 |Avg weights: 0.359| log w_hat/w: -0.001| avg_delta_w: 0.435
---------- Evaluating for epsilon = 0.65 ----------
> Collecting test points
> Estimating exact weights
> Estimate weights for calibration data
> Computing weight of trajectories
> Computing conformal set
-------- Original method --------
Eps: 0.65 | Coverage: 80.50% | Average interval length: 67.00 | Avg Original interval: 137.00-204.00 | Avg New interval: 137.00-204.00 | Quantile: 0.506 |Avg weights: 0.203| log w_hat/w: -0.572| avg_delta_w: 0.438
-------- Double quantile method --------
Eps: 0.65 | Coverage: 78.80% | Average interval length: 65.00 | Avg Original interval: 137.00-204.00 | Avg New interval: 138.00-203.00 | Quantile: 1.043 - -0.120 |Avg weights: 0.203| log w_hat/w: -0.572| avg_delta_w: 0.438
-------- Cumul  method --------
Eps: 0.65 | Coverage: 81.00% | Average interval length: 67.00 | Avg Original interval: 137.00-204.00 | Avg New interval: 136.00-203.00 | Quantile: 136.000 - 203.000 |Avg weights: 0.203| log w_hat/w: -0.572| avg_delta_w: 0.438
---------- Evaluating for epsilon = 0.7000000000000001 ----------
> Collecting test points
> Estimating exact weights
> Estimate weights for calibration data
> Computing weight of trajectories
> Computing conformal set
-------- Original method --------
Eps: 0.70 | Coverage: 76.30% | Average interval length: 65.00 | Avg Original interval: 137.00-204.00 | Avg New interval: 138.00-203.00 | Quantile: -0.416 |Avg weights: 0.099| log w_hat/w: -1.293| avg_delta_w: 0.459
-------- Double quantile method --------
Eps: 0.70 | Coverage: 76.30% | Average interval length: 65.00 | Avg Original interval: 137.00-204.00 | Avg New interval: 138.00-203.00 | Quantile: -0.811 - -0.134 |Avg weights: 0.099| log w_hat/w: -1.293| avg_delta_w: 0.459
-------- Cumul  method --------
Eps: 0.70 | Coverage: 76.30% | Average interval length: 65.00 | Avg Original interval: 137.00-204.00 | Avg New interval: 138.00-203.00 | Quantile: 138.000 - 203.000 |Avg weights: 0.099| log w_hat/w: -1.293| avg_delta_w: 0.459
---------- Evaluating for epsilon = 0.75 ----------
> Collecting test points
> Estimating exact weights
> Estimate weights for calibration data
> Computing weight of trajectories
> Computing conformal set
-------- Original method --------
Eps: 0.75 | Coverage: 73.10% | Average interval length: 67.00 | Avg Original interval: 137.00-204.00 | Avg New interval: 137.00-204.00 | Quantile: 0.518 |Avg weights: 0.039| log w_hat/w: -2.231| avg_delta_w: 0.483
-------- Double quantile method --------
Eps: 0.75 | Coverage: 73.10% | Average interval length: 67.00 | Avg Original interval: 137.00-204.00 | Avg New interval: 137.00-204.00 | Quantile: 0.981 - 0.082 |Avg weights: 0.039| log w_hat/w: -2.231| avg_delta_w: 0.483
-------- Cumul  method --------
Eps: 0.75 | Coverage: 74.70% | Average interval length: 67.00 | Avg Original interval: 137.00-204.00 | Avg New interval: 136.00-203.00 | Quantile: 136.000 - 203.000 |Avg weights: 0.039| log w_hat/w: -2.231| avg_delta_w: 0.483
---------- Evaluating for epsilon = 0.8 ----------
> Collecting test points
> Estimating exact weights
> Estimate weights for calibration data
> Computing weight of trajectories
> Computing conformal set
-------- Original method --------
Eps: 0.80 | Coverage: 65.20% | Average interval length: 67.00 | Avg Original interval: 137.00-204.00 | Avg New interval: 137.00-204.00 | Quantile: 0.518 |Avg weights: 0.014| log w_hat/w: -3.233| avg_delta_w: 0.494
-------- Double quantile method --------
Eps: 0.80 | Coverage: 65.20% | Average interval length: 67.00 | Avg Original interval: 137.00-204.00 | Avg New interval: 137.00-204.00 | Quantile: 0.979 - 0.078 |Avg weights: 0.014| log w_hat/w: -3.233| avg_delta_w: 0.494
-------- Cumul  method --------
Eps: 0.80 | Coverage: 67.60% | Average interval length: 67.00 | Avg Original interval: 137.00-204.00 | Avg New interval: 136.00-203.00 | Quantile: 136.000 - 203.000 |Avg weights: 0.014| log w_hat/w: -3.233| avg_delta_w: 0.494
---------- Evaluating for epsilon = 0.8500000000000001 ----------
> Collecting test points
> Estimating exact weights
> Estimate weights for calibration data
> Computing weight of trajectories
> Computing conformal set
-------- Original method --------
Eps: 0.85 | Coverage: 60.70% | Average interval length: 67.00 | Avg Original interval: 137.00-204.00 | Avg New interval: 137.00-204.00 | Quantile: 0.070 |Avg weights: 0.003| log w_hat/w: -4.688| avg_delta_w: 0.500
-------- Double quantile method --------
Eps: 0.85 | Coverage: 58.70% | Average interval length: 65.00 | Avg Original interval: 137.00-204.00 | Avg New interval: 138.00-203.00 | Quantile: 0.313 - -0.134 |Avg weights: 0.003| log w_hat/w: -4.688| avg_delta_w: 0.500
-------- Cumul  method --------
Eps: 0.85 | Coverage: 60.70% | Average interval length: 66.00 | Avg Original interval: 137.00-204.00 | Avg New interval: 137.00-203.00 | Quantile: 137.000 - 203.000 |Avg weights: 0.003| log w_hat/w: -4.688| avg_delta_w: 0.500
---------- Evaluating for epsilon = 0.9 ----------
> Collecting test points
> Estimating exact weights
> Estimate weights for calibration data
> Computing weight of trajectories
> Computing conformal set
-------- Original method --------
Eps: 0.90 | Coverage: 53.00% | Average interval length: 65.00 | Avg Original interval: 137.00-204.00 | Avg New interval: 138.00-203.00 | Quantile: -0.055 |Avg weights: 0.001| log w_hat/w: -6.474| avg_delta_w: 0.501
-------- Double quantile method --------
Eps: 0.90 | Coverage: 53.00% | Average interval length: 65.00 | Avg Original interval: 137.00-204.00 | Avg New interval: 138.00-203.00 | Quantile: -0.490 - 0.303 |Avg weights: 0.001| log w_hat/w: -6.474| avg_delta_w: 0.501
-------- Cumul  method --------
Eps: 0.90 | Coverage: 53.00% | Average interval length: 65.00 | Avg Original interval: 137.00-204.00 | Avg New interval: 138.00-203.00 | Quantile: 138.000 - 203.135 |Avg weights: 0.001| log w_hat/w: -6.474| avg_delta_w: 0.501
---------- Evaluating for epsilon = 0.9500000000000001 ----------
> Collecting test points
> Estimating exact weights
> Estimate weights for calibration data
> Computing weight of trajectories
> Computing conformal set
-------- Original method --------
Eps: 0.95 | Coverage: 48.70% | Average interval length: 69.00 | Avg Original interval: 137.00-204.00 | Avg New interval: 136.00-205.00 | Quantile: 1.343 |Avg weights: 0.000| log w_hat/w: -9.130| avg_delta_w: 0.501
-------- Double quantile method --------
Eps: 0.95 | Coverage: 47.00% | Average interval length: 67.00 | Avg Original interval: 137.00-204.00 | Avg New interval: 137.00-204.00 | Quantile: 0.983 - 2.062 |Avg weights: 0.000| log w_hat/w: -9.130| avg_delta_w: 0.501
-------- Cumul  method --------
Eps: 0.95 | Coverage: 48.70% | Average interval length: 69.00 | Avg Original interval: 137.00-204.00 | Avg New interval: 136.00-205.00 | Quantile: 136.000 - 205.000 |Avg weights: 0.000| log w_hat/w: -9.130| avg_delta_w: 0.501
---------- Evaluating for epsilon = 1.0 ----------
> Collecting test points
> Estimating exact weights
> Estimate weights for calibration data
> Computing weight of trajectories
> Computing conformal set
-------- Original method --------
Eps: 1.00 | Coverage: 40.40% | Average interval length: 271.00 | Avg Original interval: 137.00-204.00 | Avg New interval: 137.00-408.00 | Quantile: inf |Avg weights: 0.000| log w_hat/w: -13.061| avg_delta_w: 0.501
-------- Double quantile method --------
Eps: 1.00 | Coverage: 40.40% | Average interval length: 271.00 | Avg Original interval: 137.00-204.00 | Avg New interval: 137.00-408.00 | Quantile: inf - inf |Avg weights: 0.000| log w_hat/w: -13.061| avg_delta_w: 0.501
-------- Cumul  method --------
Eps: 1.00 | Coverage: 42.50% | Average interval length: 272.00 | Avg Original interval: 137.00-204.00 | Avg New interval: 136.00-408.00 | Quantile: 136.203 - inf |Avg weights: 0.000| log w_hat/w: -13.061| avg_delta_w: 0.501
> Loading/collecting data
> Training/loading quantile networks
---------- Evaluating for epsilon = 0.0 ----------
> Collecting test points
> Estimating exact weights
> Estimate weights for calibration data
> Computing weight of trajectories
> Computing conformal set
-------- Original method --------
Eps: 0.00 | Coverage: 61.90% | Average interval length: 65.00 | Avg Original interval: 137.00-204.00 | Avg New interval: 138.00-203.00 | Quantile: -0.080 |Avg weights: 0.000| log w_hat/w: -17.397| avg_delta_w: 0.501
-------- Double quantile method --------
Eps: 0.00 | Coverage: 61.90% | Average interval length: 65.00 | Avg Original interval: 137.00-204.00 | Avg New interval: 138.00-203.00 | Quantile: -0.205 - 0.078 |Avg weights: 0.000| log w_hat/w: -17.397| avg_delta_w: 0.501
-------- Cumul  method --------
Eps: 0.00 | Coverage: 61.90% | Average interval length: 66.00 | Avg Original interval: 137.00-204.00 | Avg New interval: 137.00-203.00 | Quantile: 137.000 - 203.000 |Avg weights: 0.000| log w_hat/w: -17.397| avg_delta_w: 0.501
---------- Evaluating for epsilon = 0.05 ----------
> Collecting test points
> Estimating exact weights
> Estimate weights for calibration data
> Computing weight of trajectories
> Computing conformal set
-------- Original method --------
Eps: 0.05 | Coverage: 99.30% | Average interval length: 269.00 | Avg Original interval: 137.00-204.00 | Avg New interval: 139.00-408.00 | Quantile: inf |Avg weights: 0.001| log w_hat/w: -6.273| avg_delta_w: 0.501
-------- Double quantile method --------
Eps: 0.05 | Coverage: 99.30% | Average interval length: 268.00 | Avg Original interval: 137.00-204.00 | Avg New interval: 140.00-408.00 | Quantile: inf - inf |Avg weights: 0.001| log w_hat/w: -6.273| avg_delta_w: 0.501
-------- Cumul  method --------
Eps: 0.05 | Coverage: 99.50% | Average interval length: 235.00 | Avg Original interval: 137.00-204.00 | Avg New interval: 137.00-372.00 | Quantile: inf - inf |Avg weights: 0.001| log w_hat/w: -6.273| avg_delta_w: 0.501
---------- Evaluating for epsilon = 0.1 ----------
> Collecting test points
> Estimating exact weights
> Estimate weights for calibration data
> Computing weight of trajectories
> Computing conformal set
-------- Original method --------
Eps: 0.10 | Coverage: 74.10% | Average interval length: 67.00 | Avg Original interval: 137.00-204.00 | Avg New interval: 137.00-204.00 | Quantile: 0.068 |Avg weights: 0.016| log w_hat/w: -3.104| avg_delta_w: 0.493
-------- Double quantile method --------
Eps: 0.10 | Coverage: 72.10% | Average interval length: 65.00 | Avg Original interval: 137.00-204.00 | Avg New interval: 138.00-203.00 | Quantile: -0.923 - 0.518 |Avg weights: 0.016| log w_hat/w: -3.104| avg_delta_w: 0.493
-------- Cumul  method --------
Eps: 0.10 | Coverage: 72.10% | Average interval length: 65.00 | Avg Original interval: 137.00-204.00 | Avg New interval: 138.00-203.00 | Quantile: 138.000 - 203.000 |Avg weights: 0.016| log w_hat/w: -3.104| avg_delta_w: 0.493
---------- Evaluating for epsilon = 0.15000000000000002 ----------
> Collecting test points
> Estimating exact weights
> Estimate weights for calibration data
> Computing weight of trajectories
> Computing conformal set
-------- Original method --------
Eps: 0.15 | Coverage: 79.70% | Average interval length: 67.00 | Avg Original interval: 137.00-204.00 | Avg New interval: 137.00-204.00 | Quantile: 0.518 |Avg weights: 0.086| log w_hat/w: -1.428| avg_delta_w: 0.463
-------- Double quantile method --------
Eps: 0.15 | Coverage: 76.90% | Average interval length: 63.00 | Avg Original interval: 137.00-204.00 | Avg New interval: 139.00-202.00 | Quantile: -1.250 - 1.780 |Avg weights: 0.086| log w_hat/w: -1.428| avg_delta_w: 0.463
-------- Cumul  method --------
Eps: 0.15 | Coverage: 79.60% | Average interval length: 66.00 | Avg Original interval: 137.00-204.00 | Avg New interval: 138.00-204.00 | Quantile: 138.000 - 204.000 |Avg weights: 0.086| log w_hat/w: -1.428| avg_delta_w: 0.463
---------- Evaluating for epsilon = 0.2 ----------
> Collecting test points
> Estimating exact weights
> Estimate weights for calibration data
> Computing weight of trajectories
> Computing conformal set
-------- Original method --------
Eps: 0.20 | Coverage: 82.10% | Average interval length: 65.00 | Avg Original interval: 137.00-204.00 | Avg New interval: 138.00-203.00 | Quantile: -0.081 |Avg weights: 0.257| log w_hat/w: -0.333| avg_delta_w: 0.432
-------- Double quantile method --------
Eps: 0.20 | Coverage: 82.10% | Average interval length: 65.00 | Avg Original interval: 137.00-204.00 | Avg New interval: 138.00-203.00 | Quantile: -0.004 - -0.134 |Avg weights: 0.257| log w_hat/w: -0.333| avg_delta_w: 0.432
-------- Cumul  method --------
Eps: 0.20 | Coverage: 82.10% | Average interval length: 66.00 | Avg Original interval: 137.00-204.00 | Avg New interval: 137.00-203.00 | Quantile: 137.000 - 203.000 |Avg weights: 0.257| log w_hat/w: -0.333| avg_delta_w: 0.432
---------- Evaluating for epsilon = 0.25 ----------
> Collecting test points
> Estimating exact weights
> Estimate weights for calibration data
> Computing weight of trajectories
> Computing conformal set
-------- Original method --------
Eps: 0.25 | Coverage: 87.60% | Average interval length: 67.00 | Avg Original interval: 137.00-204.00 | Avg New interval: 137.00-204.00 | Quantile: 0.109 |Avg weights: 0.511| log w_hat/w: 0.353| avg_delta_w: 0.433
-------- Double quantile method --------
Eps: 0.25 | Coverage: 85.00% | Average interval length: 65.00 | Avg Original interval: 137.00-204.00 | Avg New interval: 138.00-203.00 | Quantile: -0.080 - 0.518 |Avg weights: 0.511| log w_hat/w: 0.353| avg_delta_w: 0.433
-------- Cumul  method --------
Eps: 0.25 | Coverage: 85.20% | Average interval length: 66.00 | Avg Original interval: 137.00-204.00 | Avg New interval: 137.00-203.00 | Quantile: 137.000 - 203.000 |Avg weights: 0.511| log w_hat/w: 0.353| avg_delta_w: 0.433
---------- Evaluating for epsilon = 0.30000000000000004 ----------
> Collecting test points
> Estimating exact weights
> Estimate weights for calibration data
> Computing weight of trajectories
> Computing conformal set
