Horizon chosen 25
Starting with horizon: 25
> Loading/collecting data
> Training/loading quantile networks
Could not find file results/inventory/gradient/horizon_25/data/networks/lower_quantile_net.pth
Early stopping at epoch 149
Could not find file results/inventory/gradient/horizon_25/data/networks/upper_quantile_net.pth
Early stopping at epoch 145
---------- Evaluating for epsilon = 0.0 ----------
> Collecting test points
> Estimating exact weights
> Estimate weights for calibration data
> Computing weight of trajectories
> Computing conformal set
-------- Original method --------
Eps: 0.00 | Coverage: 37.30% | Average interval length: 83.00 | Avg Original interval: 244.00-325.00 | Avg New interval: 243.00-326.00 | Quantile: 1.173 |Avg weights: 0.000| log w_hat/w: -16.586| avg_delta_w: 0.438
-------- Double quantile method --------
Eps: 0.00 | Coverage: 37.30% | Average interval length: 79.00 | Avg Original interval: 244.00-325.00 | Avg New interval: 245.00-324.00 | Quantile: 2.625 - -0.085 |Avg weights: 0.000| log w_hat/w: -16.586| avg_delta_w: 0.438
-------- Cumul  method --------
Eps: 0.00 | Coverage: 37.30% | Average interval length: 85.00 | Avg Original interval: 244.00-325.00 | Avg New interval: 240.00-325.00 | Quantile: 240.000 - 325.000 |Avg weights: 0.000| log w_hat/w: -16.586| avg_delta_w: 0.438
---------- Evaluating for epsilon = 0.05 ----------
> Collecting test points
> Estimating exact weights
> Estimate weights for calibration data
> Computing weight of trajectories
> Computing conformal set
-------- Original method --------
Eps: 0.05 | Coverage: 49.00% | Average interval length: 81.00 | Avg Original interval: 244.00-325.00 | Avg New interval: 244.00-325.00 | Quantile: 0.356 |Avg weights: 0.000| log w_hat/w: -10.564| avg_delta_w: 0.438
-------- Double quantile method --------
Eps: 0.05 | Coverage: 44.10% | Average interval length: 77.00 | Avg Original interval: 244.00-325.00 | Avg New interval: 246.00-323.00 | Quantile: 1.793 - -1.384 |Avg weights: 0.000| log w_hat/w: -10.564| avg_delta_w: 0.438
-------- Cumul  method --------
Eps: 0.05 | Coverage: 44.10% | Average interval length: 83.00 | Avg Original interval: 244.00-325.00 | Avg New interval: 240.00-323.00 | Quantile: 240.000 - 323.000 |Avg weights: 0.000| log w_hat/w: -10.564| avg_delta_w: 0.438
---------- Evaluating for epsilon = 0.1 ----------
> Collecting test points
> Estimating exact weights
> Estimate weights for calibration data
> Computing weight of trajectories
> Computing conformal set
-------- Original method --------
Eps: 0.10 | Coverage: 60.20% | Average interval length: 85.00 | Avg Original interval: 244.00-325.00 | Avg New interval: 242.00-327.00 | Quantile: 2.295 |Avg weights: 0.001| log w_hat/w: -4.966| avg_delta_w: 0.438
-------- Double quantile method --------
Eps: 0.10 | Coverage: 56.70% | Average interval length: 79.00 | Avg Original interval: 244.00-325.00 | Avg New interval: 245.00-324.00 | Quantile: 5.304 - -0.073 |Avg weights: 0.001| log w_hat/w: -4.966| avg_delta_w: 0.438
-------- Cumul  method --------
Eps: 0.10 | Coverage: 57.20% | Average interval length: 89.00 | Avg Original interval: 244.00-325.00 | Avg New interval: 236.00-325.00 | Quantile: 236.000 - 325.000 |Avg weights: 0.001| log w_hat/w: -4.966| avg_delta_w: 0.438
---------- Evaluating for epsilon = 0.15000000000000002 ----------
> Collecting test points
> Estimating exact weights
> Estimate weights for calibration data
> Computing weight of trajectories
> Computing conformal set
-------- Original method --------
Eps: 0.15 | Coverage: 71.60% | Average interval length: 83.00 | Avg Original interval: 244.00-325.00 | Avg New interval: 243.00-326.00 | Quantile: 1.930 |Avg weights: 0.019| log w_hat/w: -2.143| avg_delta_w: 0.430
-------- Double quantile method --------
Eps: 0.15 | Coverage: 69.70% | Average interval length: 81.00 | Avg Original interval: 244.00-325.00 | Avg New interval: 244.00-325.00 | Quantile: 5.059 - 0.164 |Avg weights: 0.019| log w_hat/w: -2.143| avg_delta_w: 0.430
-------- Cumul  method --------
Eps: 0.15 | Coverage: 69.80% | Average interval length: 87.00 | Avg Original interval: 244.00-325.00 | Avg New interval: 238.00-325.00 | Quantile: 238.000 - 325.000 |Avg weights: 0.019| log w_hat/w: -2.143| avg_delta_w: 0.430
---------- Evaluating for epsilon = 0.2 ----------
> Collecting test points
> Estimating exact weights
> Estimate weights for calibration data
> Computing weight of trajectories
> Computing conformal set
-------- Original method --------
Eps: 0.20 | Coverage: 78.10% | Average interval length: 81.00 | Avg Original interval: 244.00-325.00 | Avg New interval: 244.00-325.00 | Quantile: 0.486 |Avg weights: 0.100| log w_hat/w: -0.470| avg_delta_w: 0.411
-------- Double quantile method --------
Eps: 0.20 | Coverage: 77.10% | Average interval length: 79.00 | Avg Original interval: 244.00-325.00 | Avg New interval: 245.00-324.00 | Quantile: 1.480 - -0.080 |Avg weights: 0.100| log w_hat/w: -0.470| avg_delta_w: 0.411
-------- Cumul  method --------
Eps: 0.20 | Coverage: 78.40% | Average interval length: 84.00 | Avg Original interval: 244.00-325.00 | Avg New interval: 241.00-325.00 | Quantile: 241.000 - 325.000 |Avg weights: 0.100| log w_hat/w: -0.470| avg_delta_w: 0.411
---------- Evaluating for epsilon = 0.25 ----------
> Collecting test points
> Estimating exact weights
> Estimate weights for calibration data
> Computing weight of trajectories
> Computing conformal set
-------- Original method --------
Eps: 0.25 | Coverage: 99.20% | Average interval length: 406.00 | Avg Original interval: 244.00-325.00 | Avg New interval: 244.00-650.00 | Quantile: inf |Avg weights: 0.334| log w_hat/w: 0.737| avg_delta_w: 0.425
-------- Double quantile method --------
Eps: 0.25 | Coverage: 99.20% | Average interval length: 406.00 | Avg Original interval: 244.00-325.00 | Avg New interval: 244.00-650.00 | Quantile: inf - inf |Avg weights: 0.334| log w_hat/w: 0.737| avg_delta_w: 0.425
-------- Cumul  method --------
Eps: 0.25 | Coverage: 99.40% | Average interval length: 409.00 | Avg Original interval: 244.00-325.00 | Avg New interval: 241.00-650.00 | Quantile: 241.199 - inf |Avg weights: 0.334| log w_hat/w: 0.737| avg_delta_w: 0.425
---------- Evaluating for epsilon = 0.30000000000000004 ----------
> Collecting test points
> Estimating exact weights
> Estimate weights for calibration data
> Computing weight of trajectories
> Computing conformal set
-------- Original method --------
Eps: 0.30 | Coverage: 86.70% | Average interval length: 81.00 | Avg Original interval: 244.00-325.00 | Avg New interval: 244.00-325.00 | Quantile: 0.623 |Avg weights: 0.613| log w_hat/w: 1.344| avg_delta_w: 0.487
-------- Double quantile method --------
Eps: 0.30 | Coverage: 85.90% | Average interval length: 79.00 | Avg Original interval: 244.00-325.00 | Avg New interval: 245.00-324.00 | Quantile: 2.145 - -0.784 |Avg weights: 0.613| log w_hat/w: 1.344| avg_delta_w: 0.487
-------- Cumul  method --------
Eps: 0.30 | Coverage: 87.00% | Average interval length: 85.00 | Avg Original interval: 244.00-325.00 | Avg New interval: 240.00-325.00 | Quantile: 240.000 - 324.714 |Avg weights: 0.613| log w_hat/w: 1.344| avg_delta_w: 0.487
---------- Evaluating for epsilon = 0.35000000000000003 ----------
> Collecting test points
> Estimating exact weights
> Estimate weights for calibration data
> Computing weight of trajectories
> Computing conformal set
-------- Original method --------
Eps: 0.35 | Coverage: 86.40% | Average interval length: 81.00 | Avg Original interval: 244.00-325.00 | Avg New interval: 244.00-325.00 | Quantile: 0.883 |Avg weights: 0.889| log w_hat/w: 1.717| avg_delta_w: 0.561
-------- Double quantile method --------
Eps: 0.35 | Coverage: 85.30% | Average interval length: 79.00 | Avg Original interval: 244.00-325.00 | Avg New interval: 245.00-324.00 | Quantile: 2.293 - -0.109 |Avg weights: 0.889| log w_hat/w: 1.717| avg_delta_w: 0.561
-------- Cumul  method --------
Eps: 0.35 | Coverage: 87.00% | Average interval length: 85.00 | Avg Original interval: 244.00-325.00 | Avg New interval: 240.00-325.00 | Quantile: 240.000 - 325.000 |Avg weights: 0.889| log w_hat/w: 1.717| avg_delta_w: 0.561
---------- Evaluating for epsilon = 0.4 ----------
> Collecting test points
> Estimating exact weights
> Estimate weights for calibration data
> Computing weight of trajectories
> Computing conformal set
-------- Original method --------
Eps: 0.40 | Coverage: 88.60% | Average interval length: 83.00 | Avg Original interval: 244.00-325.00 | Avg New interval: 243.00-326.00 | Quantile: 1.178 |Avg weights: 1.000| log w_hat/w: 1.834| avg_delta_w: 0.598
-------- Double quantile method --------
Eps: 0.40 | Coverage: 86.10% | Average interval length: 79.00 | Avg Original interval: 244.00-325.00 | Avg New interval: 245.00-324.00 | Quantile: 2.625 - -0.085 |Avg weights: 1.000| log w_hat/w: 1.834| avg_delta_w: 0.598
-------- Cumul  method --------
Eps: 0.40 | Coverage: 89.20% | Average interval length: 85.00 | Avg Original interval: 244.00-325.00 | Avg New interval: 240.00-325.00 | Quantile: 240.000 - 325.000 |Avg weights: 1.000| log w_hat/w: 1.834| avg_delta_w: 0.598
---------- Evaluating for epsilon = 0.45 ----------
> Collecting test points
> Estimating exact weights
> Estimate weights for calibration data
> Computing weight of trajectories
> Computing conformal set
-------- Original method --------
Eps: 0.45 | Coverage: 87.90% | Average interval length: 81.00 | Avg Original interval: 244.00-325.00 | Avg New interval: 244.00-325.00 | Quantile: 1.073 |Avg weights: 0.887| log w_hat/w: 1.715| avg_delta_w: 0.560
-------- Double quantile method --------
Eps: 0.45 | Coverage: 87.90% | Average interval length: 81.00 | Avg Original interval: 244.00-325.00 | Avg New interval: 244.00-325.00 | Quantile: 2.182 - 0.023 |Avg weights: 0.887| log w_hat/w: 1.715| avg_delta_w: 0.560
-------- Cumul  method --------
Eps: 0.45 | Coverage: 90.60% | Average interval length: 85.00 | Avg Original interval: 244.00-325.00 | Avg New interval: 240.00-325.00 | Quantile: 240.000 - 325.000 |Avg weights: 0.887| log w_hat/w: 1.715| avg_delta_w: 0.560
---------- Evaluating for epsilon = 0.5 ----------
> Collecting test points
> Estimating exact weights
> Estimate weights for calibration data
> Computing weight of trajectories
> Computing conformal set
-------- Original method --------
Eps: 0.50 | Coverage: 85.60% | Average interval length: 83.00 | Avg Original interval: 244.00-325.00 | Avg New interval: 243.00-326.00 | Quantile: 1.273 |Avg weights: 0.663| log w_hat/w: 1.422| avg_delta_w: 0.495
-------- Double quantile method --------
Eps: 0.50 | Coverage: 84.80% | Average interval length: 81.00 | Avg Original interval: 244.00-325.00 | Avg New interval: 244.00-325.00 | Quantile: 2.333 - 0.141 |Avg weights: 0.663| log w_hat/w: 1.422| avg_delta_w: 0.495
-------- Cumul  method --------
Eps: 0.50 | Coverage: 87.80% | Average interval length: 85.00 | Avg Original interval: 244.00-325.00 | Avg New interval: 240.00-325.00 | Quantile: 240.000 - 325.000 |Avg weights: 0.663| log w_hat/w: 1.422| avg_delta_w: 0.495
---------- Evaluating for epsilon = 0.55 ----------
> Collecting test points
> Estimating exact weights
> Estimate weights for calibration data
> Computing weight of trajectories
> Computing conformal set
-------- Original method --------
Eps: 0.55 | Coverage: 83.80% | Average interval length: 407.00 | Avg Original interval: 244.00-325.00 | Avg New interval: 243.00-650.00 | Quantile: inf |Avg weights: 0.388| log w_hat/w: 0.887| avg_delta_w: 0.432
-------- Double quantile method --------
Eps: 0.55 | Coverage: 82.20% | Average interval length: 405.00 | Avg Original interval: 244.00-325.00 | Avg New interval: 245.00-650.00 | Quantile: inf - inf |Avg weights: 0.388| log w_hat/w: 0.887| avg_delta_w: 0.432
-------- Cumul  method --------
Eps: 0.55 | Coverage: 85.30% | Average interval length: 410.00 | Avg Original interval: 244.00-325.00 | Avg New interval: 240.00-650.00 | Quantile: 240.117 - inf |Avg weights: 0.388| log w_hat/w: 0.887| avg_delta_w: 0.432
---------- Evaluating for epsilon = 0.6000000000000001 ----------
> Collecting test points
> Estimating exact weights
> Estimate weights for calibration data
> Computing weight of trajectories
> Computing conformal set
-------- Original method --------
Eps: 0.60 | Coverage: 74.60% | Average interval length: 83.00 | Avg Original interval: 244.00-325.00 | Avg New interval: 243.00-326.00 | Quantile: 1.206 |Avg weights: 0.183| log w_hat/w: 0.134| avg_delta_w: 0.409
-------- Double quantile method --------
Eps: 0.60 | Coverage: 73.60% | Average interval length: 81.00 | Avg Original interval: 244.00-325.00 | Avg New interval: 244.00-325.00 | Quantile: 1.871 - 0.178 |Avg weights: 0.183| log w_hat/w: 0.134| avg_delta_w: 0.409
-------- Cumul  method --------
Eps: 0.60 | Coverage: 77.90% | Average interval length: 85.00 | Avg Original interval: 244.00-325.00 | Avg New interval: 240.00-325.00 | Quantile: 240.000 - 325.000 |Avg weights: 0.183| log w_hat/w: 0.134| avg_delta_w: 0.409
---------- Evaluating for epsilon = 0.65 ----------
> Collecting test points
> Estimating exact weights
> Estimate weights for calibration data
> Computing weight of trajectories
> Computing conformal set
-------- Original method --------
Eps: 0.65 | Coverage: 69.20% | Average interval length: 81.00 | Avg Original interval: 244.00-325.00 | Avg New interval: 244.00-325.00 | Quantile: 0.806 |Avg weights: 0.065| log w_hat/w: -0.907| avg_delta_w: 0.417
-------- Double quantile method --------
Eps: 0.65 | Coverage: 69.20% | Average interval length: 81.00 | Avg Original interval: 244.00-325.00 | Avg New interval: 244.00-325.00 | Quantile: 1.145 - 0.686 |Avg weights: 0.065| log w_hat/w: -0.907| avg_delta_w: 0.417
-------- Cumul  method --------
Eps: 0.65 | Coverage: 72.30% | Average interval length: 85.00 | Avg Original interval: 244.00-325.00 | Avg New interval: 241.00-326.00 | Quantile: 241.000 - 326.000 |Avg weights: 0.065| log w_hat/w: -0.907| avg_delta_w: 0.417
---------- Evaluating for epsilon = 0.7000000000000001 ----------
> Collecting test points
> Estimating exact weights
> Estimate weights for calibration data
> Computing weight of trajectories
> Computing conformal set
-------- Original method --------
Eps: 0.70 | Coverage: 66.30% | Average interval length: 81.00 | Avg Original interval: 244.00-325.00 | Avg New interval: 244.00-325.00 | Quantile: 0.173 |Avg weights: 0.020| log w_hat/w: -2.079| avg_delta_w: 0.429
-------- Double quantile method --------
Eps: 0.70 | Coverage: 65.20% | Average interval length: 79.00 | Avg Original interval: 244.00-325.00 | Avg New interval: 245.00-324.00 | Quantile: -0.377 - 0.178 |Avg weights: 0.020| log w_hat/w: -2.079| avg_delta_w: 0.429
-------- Cumul  method --------
Eps: 0.70 | Coverage: 68.50% | Average interval length: 82.00 | Avg Original interval: 244.00-325.00 | Avg New interval: 243.00-325.00 | Quantile: 243.000 - 325.000 |Avg weights: 0.020| log w_hat/w: -2.079| avg_delta_w: 0.429
---------- Evaluating for epsilon = 0.75 ----------
> Collecting test points
> Estimating exact weights
> Estimate weights for calibration data
> Computing weight of trajectories
> Computing conformal set
-------- Original method --------
Eps: 0.75 | Coverage: 59.30% | Average interval length: 85.00 | Avg Original interval: 244.00-325.00 | Avg New interval: 242.00-327.00 | Quantile: 2.346 |Avg weights: 0.005| log w_hat/w: -3.497| avg_delta_w: 0.436
-------- Double quantile method --------
Eps: 0.75 | Coverage: 51.10% | Average interval length: 75.00 | Avg Original interval: 244.00-325.00 | Avg New interval: 247.00-322.00 | Quantile: 6.803 - -1.696 |Avg weights: 0.005| log w_hat/w: -3.497| avg_delta_w: 0.436
-------- Cumul  method --------
Eps: 0.75 | Coverage: 67.10% | Average interval length: 87.00 | Avg Original interval: 244.00-325.00 | Avg New interval: 236.00-323.00 | Quantile: 236.000 - 323.314 |Avg weights: 0.005| log w_hat/w: -3.497| avg_delta_w: 0.436
---------- Evaluating for epsilon = 0.8 ----------
> Collecting test points
> Estimating exact weights
> Estimate weights for calibration data
> Computing weight of trajectories
> Computing conformal set
-------- Original method --------
Eps: 0.80 | Coverage: 42.20% | Average interval length: 81.00 | Avg Original interval: 244.00-325.00 | Avg New interval: 244.00-325.00 | Quantile: 1.218 |Avg weights: 0.001| log w_hat/w: -5.496| avg_delta_w: 0.438
-------- Double quantile method --------
Eps: 0.80 | Coverage: 39.90% | Average interval length: 404.00 | Avg Original interval: 244.00-325.00 | Avg New interval: 246.00-650.00 | Quantile: inf - inf |Avg weights: 0.001| log w_hat/w: -5.496| avg_delta_w: 0.438
-------- Cumul  method --------
Eps: 0.80 | Coverage: 46.00% | Average interval length: 409.00 | Avg Original interval: 244.00-325.00 | Avg New interval: 241.00-650.00 | Quantile: 241.091 - inf |Avg weights: 0.001| log w_hat/w: -5.496| avg_delta_w: 0.438
---------- Evaluating for epsilon = 0.8500000000000001 ----------
> Collecting test points
> Estimating exact weights
> Estimate weights for calibration data
> Computing weight of trajectories
> Computing conformal set
-------- Original method --------
Eps: 0.85 | Coverage: 40.50% | Average interval length: 85.00 | Avg Original interval: 244.00-325.00 | Avg New interval: 242.00-327.00 | Quantile: 2.759 |Avg weights: 0.000| log w_hat/w: -7.820| avg_delta_w: 0.438
-------- Double quantile method --------
Eps: 0.85 | Coverage: 38.90% | Average interval length: 83.00 | Avg Original interval: 244.00-325.00 | Avg New interval: 243.00-326.00 | Quantile: 5.159 - 1.115 |Avg weights: 0.000| log w_hat/w: -7.820| avg_delta_w: 0.438
-------- Cumul  method --------
Eps: 0.85 | Coverage: 43.30% | Average interval length: 88.00 | Avg Original interval: 244.00-325.00 | Avg New interval: 239.00-327.00 | Quantile: 239.000 - 327.000 |Avg weights: 0.000| log w_hat/w: -7.820| avg_delta_w: 0.438
---------- Evaluating for epsilon = 0.9 ----------
> Collecting test points
> Estimating exact weights
> Estimate weights for calibration data
> Computing weight of trajectories
> Computing conformal set
-------- Original method --------
Eps: 0.90 | Coverage: 33.80% | Average interval length: 85.00 | Avg Original interval: 244.00-325.00 | Avg New interval: 242.00-327.00 | Quantile: 2.100 |Avg weights: 0.000| log w_hat/w: -10.783| avg_delta_w: 0.438
-------- Double quantile method --------
Eps: 0.90 | Coverage: 29.70% | Average interval length: 79.00 | Avg Original interval: 244.00-325.00 | Avg New interval: 245.00-324.00 | Quantile: 5.227 - -0.105 |Avg weights: 0.000| log w_hat/w: -10.783| avg_delta_w: 0.438
-------- Cumul  method --------
Eps: 0.90 | Coverage: 37.10% | Average interval length: 87.00 | Avg Original interval: 244.00-325.00 | Avg New interval: 238.00-325.00 | Quantile: 238.000 - 325.000 |Avg weights: 0.000| log w_hat/w: -10.783| avg_delta_w: 0.438
---------- Evaluating for epsilon = 0.9500000000000001 ----------
> Collecting test points
> Estimating exact weights
> Estimate weights for calibration data
> Computing weight of trajectories
> Computing conformal set
-------- Original method --------
Eps: 0.95 | Coverage: 23.40% | Average interval length: 85.00 | Avg Original interval: 244.00-325.00 | Avg New interval: 242.00-327.00 | Quantile: 2.197 |Avg weights: 0.000| log w_hat/w: -14.979| avg_delta_w: 0.438
-------- Double quantile method --------
Eps: 0.95 | Coverage: 22.50% | Average interval length: 83.00 | Avg Original interval: 244.00-325.00 | Avg New interval: 243.00-326.00 | Quantile: 3.273 - 1.915 |Avg weights: 0.000| log w_hat/w: -14.979| avg_delta_w: 0.438
-------- Cumul  method --------
Eps: 0.95 | Coverage: 27.30% | Average interval length: 88.00 | Avg Original interval: 244.00-325.00 | Avg New interval: 239.00-327.00 | Quantile: 239.000 - 327.000 |Avg weights: 0.000| log w_hat/w: -14.979| avg_delta_w: 0.438
---------- Evaluating for epsilon = 1.0 ----------
> Collecting test points
> Estimating exact weights
> Estimate weights for calibration data
> Computing weight of trajectories
> Computing conformal set
-------- Original method --------
Eps: 1.00 | Coverage: 14.70% | Average interval length: 81.00 | Avg Original interval: 244.00-325.00 | Avg New interval: 244.00-325.00 | Quantile: 0.524 |Avg weights: 0.000| log w_hat/w: -16.242| avg_delta_w: 0.438
-------- Double quantile method --------
Eps: 1.00 | Coverage: 13.40% | Average interval length: 77.00 | Avg Original interval: 244.00-325.00 | Avg New interval: 246.00-323.00 | Quantile: 2.182 - -1.278 |Avg weights: 0.000| log w_hat/w: -16.242| avg_delta_w: 0.438
-------- Cumul  method --------
Eps: 1.00 | Coverage: 17.00% | Average interval length: 84.00 | Avg Original interval: 244.00-325.00 | Avg New interval: 240.00-324.00 | Quantile: 240.000 - 324.000 |Avg weights: 0.000| log w_hat/w: -16.242| avg_delta_w: 0.438
> Loading/collecting data
> Training/loading quantile networks
---------- Evaluating for epsilon = 0.0 ----------
> Collecting test points
> Estimating exact weights
> Estimate weights for calibration data
> Computing weight of trajectories
> Computing conformal set
-------- Original method --------
Eps: 0.00 | Coverage: 38.30% | Average interval length: 83.00 | Avg Original interval: 244.00-325.00 | Avg New interval: 243.00-326.00 | Quantile: 1.172 |Avg weights: 0.000| log w_hat/w: -16.585| avg_delta_w: 0.438
-------- Double quantile method --------
Eps: 0.00 | Coverage: 38.30% | Average interval length: 79.00 | Avg Original interval: 244.00-325.00 | Avg New interval: 245.00-324.00 | Quantile: 2.625 - -0.085 |Avg weights: 0.000| log w_hat/w: -16.585| avg_delta_w: 0.438
-------- Cumul  method --------
Eps: 0.00 | Coverage: 38.30% | Average interval length: 85.00 | Avg Original interval: 244.00-325.00 | Avg New interval: 240.00-325.00 | Quantile: 240.000 - 325.000 |Avg weights: 0.000| log w_hat/w: -16.585| avg_delta_w: 0.438
---------- Evaluating for epsilon = 0.05 ----------
> Collecting test points
> Estimating exact weights
> Estimate weights for calibration data
> Computing weight of trajectories
> Computing conformal set
-------- Original method --------
Eps: 0.05 | Coverage: 100.00% | Average interval length: 406.00 | Avg Original interval: 244.00-325.00 | Avg New interval: 244.00-650.00 | Quantile: inf |Avg weights: 0.000| log w_hat/w: -10.460| avg_delta_w: 0.438
-------- Double quantile method --------
Eps: 0.05 | Coverage: 100.00% | Average interval length: 406.00 | Avg Original interval: 244.00-325.00 | Avg New interval: 244.00-650.00 | Quantile: inf - inf |Avg weights: 0.000| log w_hat/w: -10.460| avg_delta_w: 0.438
-------- Cumul  method --------
Eps: 0.05 | Coverage: 100.00% | Average interval length: 410.00 | Avg Original interval: 244.00-325.00 | Avg New interval: 240.00-650.00 | Quantile: 242.669 - inf |Avg weights: 0.000| log w_hat/w: -10.460| avg_delta_w: 0.438
---------- Evaluating for epsilon = 0.1 ----------
> Collecting test points
> Estimating exact weights
> Estimate weights for calibration data
> Computing weight of trajectories
> Computing conformal set
-------- Original method --------
Eps: 0.10 | Coverage: 65.20% | Average interval length: 89.00 | Avg Original interval: 244.00-325.00 | Avg New interval: 240.00-329.00 | Quantile: 6.629 |Avg weights: 0.001| log w_hat/w: -4.991| avg_delta_w: 0.438
-------- Double quantile method --------
Eps: 0.10 | Coverage: 100.00% | Average interval length: 408.00 | Avg Original interval: 244.00-325.00 | Avg New interval: 242.00-650.00 | Quantile: inf - inf |Avg weights: 0.001| log w_hat/w: -4.991| avg_delta_w: 0.438
-------- Cumul  method --------
Eps: 0.10 | Coverage: 100.00% | Average interval length: 417.00 | Avg Original interval: 244.00-325.00 | Avg New interval: 233.00-650.00 | Quantile: 233.714 - inf |Avg weights: 0.001| log w_hat/w: -4.991| avg_delta_w: 0.438
---------- Evaluating for epsilon = 0.15000000000000002 ----------
> Collecting test points
> Estimating exact weights
> Estimate weights for calibration data
> Computing weight of trajectories
> Computing conformal set
-------- Original method --------
Eps: 0.15 | Coverage: 68.80% | Average interval length: 81.00 | Avg Original interval: 244.00-325.00 | Avg New interval: 244.00-325.00 | Quantile: 0.233 |Avg weights: 0.017| log w_hat/w: -2.264| avg_delta_w: 0.430
-------- Double quantile method --------
Eps: 0.15 | Coverage: 68.80% | Average interval length: 81.00 | Avg Original interval: 244.00-325.00 | Avg New interval: 244.00-325.00 | Quantile: 0.623 - 0.151 |Avg weights: 0.017| log w_hat/w: -2.264| avg_delta_w: 0.430
-------- Cumul  method --------
Eps: 0.15 | Coverage: 69.00% | Average interval length: 83.00 | Avg Original interval: 244.00-325.00 | Avg New interval: 242.00-325.00 | Quantile: 242.000 - 325.000 |Avg weights: 0.017| log w_hat/w: -2.264| avg_delta_w: 0.430
---------- Evaluating for epsilon = 0.2 ----------
> Collecting test points
> Estimating exact weights
> Estimate weights for calibration data
> Computing weight of trajectories
> Computing conformal set
-------- Original method --------
Eps: 0.20 | Coverage: 73.30% | Average interval length: 83.00 | Avg Original interval: 244.00-325.00 | Avg New interval: 243.00-326.00 | Quantile: 1.151 |Avg weights: 0.116| log w_hat/w: -0.327| avg_delta_w: 0.411
-------- Double quantile method --------
Eps: 0.20 | Coverage: 71.10% | Average interval length: 79.00 | Avg Original interval: 244.00-325.00 | Avg New interval: 245.00-324.00 | Quantile: 2.646 - -0.098 |Avg weights: 0.116| log w_hat/w: -0.327| avg_delta_w: 0.411
-------- Cumul  method --------
Eps: 0.20 | Coverage: 72.40% | Average interval length: 85.00 | Avg Original interval: 244.00-325.00 | Avg New interval: 240.00-325.00 | Quantile: 240.000 - 325.000 |Avg weights: 0.116| log w_hat/w: -0.327| avg_delta_w: 0.411
---------- Evaluating for epsilon = 0.25 ----------
> Collecting test points
> Estimating exact weights
> Estimate weights for calibration data
> Computing weight of trajectories
> Computing conformal set
-------- Original method --------
Eps: 0.25 | Coverage: 81.20% | Average interval length: 81.00 | Avg Original interval: 244.00-325.00 | Avg New interval: 244.00-325.00 | Quantile: 0.515 |Avg weights: 0.311| log w_hat/w: 0.663| avg_delta_w: 0.416
-------- Double quantile method --------
Eps: 0.25 | Coverage: 81.20% | Average interval length: 81.00 | Avg Original interval: 244.00-325.00 | Avg New interval: 244.00-325.00 | Quantile: 0.625 - 0.267 |Avg weights: 0.311| log w_hat/w: 0.663| avg_delta_w: 0.416
-------- Cumul  method --------
Eps: 0.25 | Coverage: 82.20% | Average interval length: 84.00 | Avg Original interval: 244.00-325.00 | Avg New interval: 242.00-326.00 | Quantile: 242.000 - 326.000 |Avg weights: 0.311| log w_hat/w: 0.663| avg_delta_w: 0.416
---------- Evaluating for epsilon = 0.30000000000000004 ----------
> Collecting test points
> Estimating exact weights
> Estimate weights for calibration data
> Computing weight of trajectories
> Computing conformal set
-------- Original method --------
Eps: 0.30 | Coverage: 85.90% | Average interval length: 83.00 | Avg Original interval: 244.00-325.00 | Avg New interval: 243.00-326.00 | Quantile: 1.178 |Avg weights: 0.609| log w_hat/w: 1.337| avg_delta_w: 0.484
-------- Double quantile method --------
Eps: 0.30 | Coverage: 83.40% | Average interval length: 79.00 | Avg Original interval: 244.00-325.00 | Avg New interval: 245.00-324.00 | Quantile: 3.273 - -0.836 |Avg weights: 0.609| log w_hat/w: 1.337| avg_delta_w: 0.484
-------- Cumul  method --------
Eps: 0.30 | Coverage: 84.00% | Average interval length: 84.00 | Avg Original interval: 244.00-325.00 | Avg New interval: 240.00-324.00 | Quantile: 240.000 - 324.000 |Avg weights: 0.609| log w_hat/w: 1.337| avg_delta_w: 0.484
---------- Evaluating for epsilon = 0.35000000000000003 ----------
> Collecting test points
> Estimating exact weights
> Estimate weights for calibration data
> Computing weight of trajectories
> Computing conformal set
-------- Original method --------
Eps: 0.35 | Coverage: 88.00% | Average interval length: 81.00 | Avg Original interval: 244.00-325.00 | Avg New interval: 244.00-325.00 | Quantile: 0.954 |Avg weights: 0.892| log w_hat/w: 1.720| avg_delta_w: 0.563
-------- Double quantile method --------
Eps: 0.35 | Coverage: 86.60% | Average interval length: 79.00 | Avg Original interval: 244.00-325.00 | Avg New interval: 245.00-324.00 | Quantile: 2.666 - -0.300 |Avg weights: 0.892| log w_hat/w: 1.720| avg_delta_w: 0.563
-------- Cumul  method --------
Eps: 0.35 | Coverage: 89.20% | Average interval length: 85.00 | Avg Original interval: 244.00-325.00 | Avg New interval: 240.00-325.00 | Quantile: 240.000 - 325.000 |Avg weights: 0.892| log w_hat/w: 1.720| avg_delta_w: 0.563
---------- Evaluating for epsilon = 0.4 ----------
> Collecting test points
> Estimating exact weights
> Estimate weights for calibration data
> Computing weight of trajectories
> Computing conformal set
-------- Original method --------
Eps: 0.40 | Coverage: 90.10% | Average interval length: 83.00 | Avg Original interval: 244.00-325.00 | Avg New interval: 243.00-326.00 | Quantile: 1.182 |Avg weights: 1.000| log w_hat/w: 1.834| avg_delta_w: 0.598
-------- Double quantile method --------
Eps: 0.40 | Coverage: 88.30% | Average interval length: 79.00 | Avg Original interval: 244.00-325.00 | Avg New interval: 245.00-324.00 | Quantile: 2.661 - -0.085 |Avg weights: 1.000| log w_hat/w: 1.834| avg_delta_w: 0.598
-------- Cumul  method --------
Eps: 0.40 | Coverage: 90.30% | Average interval length: 85.00 | Avg Original interval: 244.00-325.00 | Avg New interval: 240.00-325.00 | Quantile: 240.000 - 325.000 |Avg weights: 1.000| log w_hat/w: 1.834| avg_delta_w: 0.598
---------- Evaluating for epsilon = 0.45 ----------
> Collecting test points
> Estimating exact weights
> Estimate weights for calibration data
> Computing weight of trajectories
> Computing conformal set
-------- Original method --------
Eps: 0.45 | Coverage: 88.30% | Average interval length: 83.00 | Avg Original interval: 244.00-325.00 | Avg New interval: 243.00-326.00 | Quantile: 1.166 |Avg weights: 0.900| log w_hat/w: 1.729| avg_delta_w: 0.567
-------- Double quantile method --------
Eps: 0.45 | Coverage: 86.50% | Average interval length: 79.00 | Avg Original interval: 244.00-325.00 | Avg New interval: 245.00-324.00 | Quantile: 2.673 - -0.104 |Avg weights: 0.900| log w_hat/w: 1.729| avg_delta_w: 0.567
-------- Cumul  method --------
Eps: 0.45 | Coverage: 89.60% | Average interval length: 85.00 | Avg Original interval: 244.00-325.00 | Avg New interval: 240.00-325.00 | Quantile: 240.000 - 325.000 |Avg weights: 0.900| log w_hat/w: 1.729| avg_delta_w: 0.567
---------- Evaluating for epsilon = 0.5 ----------
> Collecting test points
> Estimating exact weights
> Estimate weights for calibration data
> Computing weight of trajectories
> Computing conformal set
-------- Original method --------
Eps: 0.50 | Coverage: 84.90% | Average interval length: 83.00 | Avg Original interval: 244.00-325.00 | Avg New interval: 243.00-326.00 | Quantile: 1.154 |Avg weights: 0.629| log w_hat/w: 1.370| avg_delta_w: 0.490
-------- Double quantile method --------
Eps: 0.50 | Coverage: 82.60% | Average interval length: 79.00 | Avg Original interval: 244.00-325.00 | Avg New interval: 245.00-324.00 | Quantile: 2.947 - -0.835 |Avg weights: 0.629| log w_hat/w: 1.370| avg_delta_w: 0.490
-------- Cumul  method --------
Eps: 0.50 | Coverage: 87.00% | Average interval length: 85.00 | Avg Original interval: 244.00-325.00 | Avg New interval: 240.00-325.00 | Quantile: 240.000 - 325.000 |Avg weights: 0.629| log w_hat/w: 1.370| avg_delta_w: 0.490
---------- Evaluating for epsilon = 0.55 ----------
> Collecting test points
> Estimating exact weights
> Estimate weights for calibration data
> Computing weight of trajectories
> Computing conformal set
-------- Original method --------
Eps: 0.55 | Coverage: 82.80% | Average interval length: 81.00 | Avg Original interval: 244.00-325.00 | Avg New interval: 244.00-325.00 | Quantile: 0.480 |Avg weights: 0.377| log w_hat/w: 0.858| avg_delta_w: 0.430
-------- Double quantile method --------
Eps: 0.55 | Coverage: 80.80% | Average interval length: 77.00 | Avg Original interval: 244.00-325.00 | Avg New interval: 246.00-323.00 | Quantile: 2.197 - -1.252 |Avg weights: 0.377| log w_hat/w: 0.858| avg_delta_w: 0.430
-------- Cumul  method --------
Eps: 0.55 | Coverage: 86.00% | Average interval length: 83.00 | Avg Original interval: 244.00-325.00 | Avg New interval: 240.00-323.00 | Quantile: 240.000 - 323.045 |Avg weights: 0.377| log w_hat/w: 0.858| avg_delta_w: 0.430
---------- Evaluating for epsilon = 0.6000000000000001 ----------
> Collecting test points
> Estimating exact weights
> Estimate weights for calibration data
> Computing weight of trajectories
> Computing conformal set
-------- Original method --------
Eps: 0.60 | Coverage: 74.70% | Average interval length: 81.00 | Avg Original interval: 244.00-325.00 | Avg New interval: 244.00-325.00 | Quantile: 0.623 |Avg weights: 0.179| log w_hat/w: 0.113| avg_delta_w: 0.407
-------- Double quantile method --------
Eps: 0.60 | Coverage: 74.70% | Average interval length: 81.00 | Avg Original interval: 244.00-325.00 | Avg New interval: 244.00-325.00 | Quantile: 0.623 - 0.894 |Avg weights: 0.179| log w_hat/w: 0.113| avg_delta_w: 0.407
-------- Cumul  method --------
Eps: 0.60 | Coverage: 77.10% | Average interval length: 84.00 | Avg Original interval: 244.00-325.00 | Avg New interval: 242.00-326.00 | Quantile: 242.000 - 326.000 |Avg weights: 0.179| log w_hat/w: 0.113| avg_delta_w: 0.407
---------- Evaluating for epsilon = 0.65 ----------
> Collecting test points
> Estimating exact weights
> Estimate weights for calibration data
> Computing weight of trajectories
> Computing conformal set
-------- Original method --------
Eps: 0.65 | Coverage: 69.60% | Average interval length: 83.00 | Avg Original interval: 244.00-325.00 | Avg New interval: 243.00-326.00 | Quantile: 1.623 |Avg weights: 0.071| log w_hat/w: -0.815| avg_delta_w: 0.416
-------- Double quantile method --------
Eps: 0.65 | Coverage: 68.50% | Average interval length: 81.00 | Avg Original interval: 244.00-325.00 | Avg New interval: 244.00-325.00 | Quantile: 2.758 - 0.178 |Avg weights: 0.071| log w_hat/w: -0.815| avg_delta_w: 0.416
-------- Cumul  method --------
Eps: 0.65 | Coverage: 73.70% | Average interval length: 86.00 | Avg Original interval: 244.00-325.00 | Avg New interval: 240.00-326.00 | Quantile: 240.000 - 326.000 |Avg weights: 0.071| log w_hat/w: -0.815| avg_delta_w: 0.416
---------- Evaluating for epsilon = 0.7000000000000001 ----------
> Collecting test points
> Estimating exact weights
> Estimate weights for calibration data
> Computing weight of trajectories
> Computing conformal set
-------- Original method --------
Eps: 0.70 | Coverage: 61.90% | Average interval length: 406.00 | Avg Original interval: 244.00-325.00 | Avg New interval: 244.00-650.00 | Quantile: inf |Avg weights: 0.021| log w_hat/w: -2.031| avg_delta_w: 0.429
-------- Double quantile method --------
Eps: 0.70 | Coverage: 60.10% | Average interval length: 404.00 | Avg Original interval: 244.00-325.00 | Avg New interval: 246.00-650.00 | Quantile: inf - inf |Avg weights: 0.021| log w_hat/w: -2.031| avg_delta_w: 0.429
-------- Cumul  method --------
Eps: 0.70 | Coverage: 65.80% | Average interval length: 409.00 | Avg Original interval: 244.00-325.00 | Avg New interval: 241.00-650.00 | Quantile: 241.557 - inf |Avg weights: 0.021| log w_hat/w: -2.031| avg_delta_w: 0.429
---------- Evaluating for epsilon = 0.75 ----------
> Collecting test points
> Estimating exact weights
> Estimate weights for calibration data
> Computing weight of trajectories
> Computing conformal set
-------- Original method --------
Eps: 0.75 | Coverage: 53.10% | Average interval length: 83.00 | Avg Original interval: 244.00-325.00 | Avg New interval: 243.00-326.00 | Quantile: 1.375 |Avg weights: 0.005| log w_hat/w: -3.530| avg_delta_w: 0.436
-------- Double quantile method --------
Eps: 0.75 | Coverage: 48.60% | Average interval length: 77.00 | Avg Original interval: 244.00-325.00 | Avg New interval: 246.00-323.00 | Quantile: 4.957 - -0.884 |Avg weights: 0.005| log w_hat/w: -3.530| avg_delta_w: 0.436
-------- Cumul  method --------
Eps: 0.75 | Coverage: 59.40% | Average interval length: 85.00 | Avg Original interval: 244.00-325.00 | Avg New interval: 239.00-324.00 | Quantile: 239.000 - 324.189 |Avg weights: 0.005| log w_hat/w: -3.530| avg_delta_w: 0.436
---------- Evaluating for epsilon = 0.8 ----------
> Collecting test points
> Estimating exact weights
> Estimate weights for calibration data
> Computing weight of trajectories
> Computing conformal set
-------- Original method --------
Eps: 0.80 | Coverage: 43.40% | Average interval length: 83.00 | Avg Original interval: 244.00-325.00 | Avg New interval: 243.00-326.00 | Quantile: 1.390 |Avg weights: 0.001| log w_hat/w: -5.353| avg_delta_w: 0.438
-------- Double quantile method --------
Eps: 0.80 | Coverage: 37.20% | Average interval length: 75.00 | Avg Original interval: 244.00-325.00 | Avg New interval: 247.00-322.00 | Quantile: 5.361 - -2.094 |Avg weights: 0.001| log w_hat/w: -5.353| avg_delta_w: 0.438
-------- Cumul  method --------
Eps: 0.80 | Coverage: 52.70% | Average interval length: 86.00 | Avg Original interval: 244.00-325.00 | Avg New interval: 237.00-323.00 | Quantile: 237.000 - 323.000 |Avg weights: 0.001| log w_hat/w: -5.353| avg_delta_w: 0.438
---------- Evaluating for epsilon = 0.8500000000000001 ----------
> Collecting test points
> Estimating exact weights
> Estimate weights for calibration data
> Computing weight of trajectories
> Computing conformal set
-------- Original method --------
Eps: 0.85 | Coverage: 37.80% | Average interval length: 79.00 | Avg Original interval: 244.00-325.00 | Avg New interval: 245.00-324.00 | Quantile: -0.357 |Avg weights: 0.000| log w_hat/w: -7.753| avg_delta_w: 0.438
-------- Double quantile method --------
Eps: 0.85 | Coverage: 37.80% | Average interval length: 79.00 | Avg Original interval: 244.00-325.00 | Avg New interval: 245.00-324.00 | Quantile: 0.408 - -0.836 |Avg weights: 0.000| log w_hat/w: -7.753| avg_delta_w: 0.438
-------- Cumul  method --------
Eps: 0.85 | Coverage: 40.70% | Average interval length: 81.00 | Avg Original interval: 244.00-325.00 | Avg New interval: 243.00-324.00 | Quantile: 243.000 - 324.000 |Avg weights: 0.000| log w_hat/w: -7.753| avg_delta_w: 0.438
---------- Evaluating for epsilon = 0.9 ----------
> Collecting test points
> Estimating exact weights
> Estimate weights for calibration data
> Computing weight of trajectories
> Computing conformal set
-------- Original method --------
Eps: 0.90 | Coverage: 28.60% | Average interval length: 81.00 | Avg Original interval: 244.00-325.00 | Avg New interval: 244.00-325.00 | Quantile: 0.791 |Avg weights: 0.000| log w_hat/w: -10.767| avg_delta_w: 0.438
-------- Double quantile method --------
Eps: 0.90 | Coverage: 27.10% | Average interval length: 79.00 | Avg Original interval: 244.00-325.00 | Avg New interval: 245.00-324.00 | Quantile: -0.839 - 1.996 |Avg weights: 0.000| log w_hat/w: -10.767| avg_delta_w: 0.438
-------- Cumul  method --------
Eps: 0.90 | Coverage: 29.70% | Average interval length: 84.00 | Avg Original interval: 244.00-325.00 | Avg New interval: 243.00-327.00 | Quantile: 243.000 - 327.000 |Avg weights: 0.000| log w_hat/w: -10.767| avg_delta_w: 0.438
---------- Evaluating for epsilon = 0.9500000000000001 ----------
> Collecting test points
> Estimating exact weights
> Estimate weights for calibration data
> Computing weight of trajectories
> Computing conformal set
-------- Original method --------
Eps: 0.95 | Coverage: 21.40% | Average interval length: 81.00 | Avg Original interval: 244.00-325.00 | Avg New interval: 244.00-325.00 | Quantile: 0.623 |Avg weights: 0.000| log w_hat/w: -14.787| avg_delta_w: 0.438
-------- Double quantile method --------
Eps: 0.95 | Coverage: 18.60% | Average interval length: 75.00 | Avg Original interval: 244.00-325.00 | Avg New interval: 247.00-322.00 | Quantile: 4.032 - -2.085 |Avg weights: 0.000| log w_hat/w: -14.787| avg_delta_w: 0.438
-------- Cumul  method --------
Eps: 0.95 | Coverage: 27.70% | Average interval length: 85.00 | Avg Original interval: 244.00-325.00 | Avg New interval: 238.00-323.00 | Quantile: 238.000 - 323.000 |Avg weights: 0.000| log w_hat/w: -14.787| avg_delta_w: 0.438
---------- Evaluating for epsilon = 1.0 ----------
> Collecting test points
> Estimating exact weights
> Estimate weights for calibration data
> Computing weight of trajectories
> Computing conformal set
-------- Original method --------
Eps: 1.00 | Coverage: 16.30% | Average interval length: 83.00 | Avg Original interval: 244.00-325.00 | Avg New interval: 243.00-326.00 | Quantile: 1.171 |Avg weights: 0.000| log w_hat/w: -16.198| avg_delta_w: 0.438
-------- Double quantile method --------
Eps: 1.00 | Coverage: 15.10% | Average interval length: 81.00 | Avg Original interval: 244.00-325.00 | Avg New interval: 244.00-325.00 | Quantile: 2.182 - 0.164 |Avg weights: 0.000| log w_hat/w: -16.198| avg_delta_w: 0.438
-------- Cumul  method --------
Eps: 1.00 | Coverage: 19.50% | Average interval length: 85.00 | Avg Original interval: 244.00-325.00 | Avg New interval: 240.00-325.00 | Quantile: 240.000 - 325.000 |Avg weights: 0.000| log w_hat/w: -16.198| avg_delta_w: 0.438
> Loading/collecting data
> Training/loading quantile networks
---------- Evaluating for epsilon = 0.0 ----------
> Collecting test points
> Estimating exact weights
> Estimate weights for calibration data
> Computing weight of trajectories
> Computing conformal set
-------- Original method --------
Eps: 0.00 | Coverage: 39.60% | Average interval length: 83.00 | Avg Original interval: 244.00-325.00 | Avg New interval: 243.00-326.00 | Quantile: 1.170 |Avg weights: 0.000| log w_hat/w: -16.586| avg_delta_w: 0.438
-------- Double quantile method --------
Eps: 0.00 | Coverage: 39.60% | Average interval length: 79.00 | Avg Original interval: 244.00-325.00 | Avg New interval: 245.00-324.00 | Quantile: 2.625 - -0.085 |Avg weights: 0.000| log w_hat/w: -16.586| avg_delta_w: 0.438
-------- Cumul  method --------
Eps: 0.00 | Coverage: 39.60% | Average interval length: 85.00 | Avg Original interval: 244.00-325.00 | Avg New interval: 240.00-325.00 | Quantile: 240.000 - 325.000 |Avg weights: 0.000| log w_hat/w: -16.586| avg_delta_w: 0.438
---------- Evaluating for epsilon = 0.05 ----------
> Collecting test points
> Estimating exact weights
> Estimate weights for calibration data
> Computing weight of trajectories
> Computing conformal set
-------- Original method --------
Eps: 0.05 | Coverage: 50.30% | Average interval length: 85.00 | Avg Original interval: 244.00-325.00 | Avg New interval: 242.00-327.00 | Quantile: 2.413 |Avg weights: 0.000| log w_hat/w: -10.576| avg_delta_w: 0.438
-------- Double quantile method --------
Eps: 0.05 | Coverage: 48.20% | Average interval length: 81.00 | Avg Original interval: 244.00-325.00 | Avg New interval: 244.00-325.00 | Quantile: 5.283 - 0.174 |Avg weights: 0.000| log w_hat/w: -10.576| avg_delta_w: 0.438
-------- Cumul  method --------
Eps: 0.05 | Coverage: 48.30% | Average interval length: 88.00 | Avg Original interval: 244.00-325.00 | Avg New interval: 237.00-325.00 | Quantile: 237.000 - 325.000 |Avg weights: 0.000| log w_hat/w: -10.576| avg_delta_w: 0.438
---------- Evaluating for epsilon = 0.1 ----------
> Collecting test points
> Estimating exact weights
> Estimate weights for calibration data
> Computing weight of trajectories
> Computing conformal set
-------- Original method --------
Eps: 0.10 | Coverage: 57.80% | Average interval length: 83.00 | Avg Original interval: 244.00-325.00 | Avg New interval: 243.00-326.00 | Quantile: 1.759 |Avg weights: 0.001| log w_hat/w: -5.101| avg_delta_w: 0.438
-------- Double quantile method --------
Eps: 0.10 | Coverage: 50.50% | Average interval length: 73.00 | Avg Original interval: 244.00-325.00 | Avg New interval: 248.00-321.00 | Quantile: 7.780 - -4.001 |Avg weights: 0.001| log w_hat/w: -5.101| avg_delta_w: 0.438
-------- Cumul  method --------
Eps: 0.10 | Coverage: 50.70% | Average interval length: 88.00 | Avg Original interval: 244.00-325.00 | Avg New interval: 233.00-321.00 | Quantile: 233.000 - 321.000 |Avg weights: 0.001| log w_hat/w: -5.101| avg_delta_w: 0.438
---------- Evaluating for epsilon = 0.15000000000000002 ----------
> Collecting test points
> Estimating exact weights
> Estimate weights for calibration data
> Computing weight of trajectories
> Computing conformal set
-------- Original method --------
Eps: 0.15 | Coverage: 72.70% | Average interval length: 83.00 | Avg Original interval: 244.00-325.00 | Avg New interval: 243.00-326.00 | Quantile: 1.337 |Avg weights: 0.018| log w_hat/w: -2.212| avg_delta_w: 0.430
-------- Double quantile method --------
Eps: 0.15 | Coverage: 65.90% | Average interval length: 77.00 | Avg Original interval: 244.00-325.00 | Avg New interval: 246.00-323.00 | Quantile: 4.381 - -1.052 |Avg weights: 0.018| log w_hat/w: -2.212| avg_delta_w: 0.430
-------- Cumul  method --------
Eps: 0.15 | Coverage: 69.10% | Average interval length: 86.00 | Avg Original interval: 244.00-325.00 | Avg New interval: 238.00-324.00 | Quantile: 238.000 - 324.015 |Avg weights: 0.018| log w_hat/w: -2.212| avg_delta_w: 0.430
---------- Evaluating for epsilon = 0.2 ----------
> Collecting test points
> Estimating exact weights
> Estimate weights for calibration data
> Computing weight of trajectories
> Computing conformal set
-------- Original method --------
Eps: 0.20 | Coverage: 76.10% | Average interval length: 81.00 | Avg Original interval: 244.00-325.00 | Avg New interval: 244.00-325.00 | Quantile: 0.988 |Avg weights: 0.107| log w_hat/w: -0.402| avg_delta_w: 0.412
-------- Double quantile method --------
Eps: 0.20 | Coverage: 75.00% | Average interval length: 79.00 | Avg Original interval: 244.00-325.00 | Avg New interval: 245.00-324.00 | Quantile: 2.990 - -0.338 |Avg weights: 0.107| log w_hat/w: -0.402| avg_delta_w: 0.412
-------- Cumul  method --------
Eps: 0.20 | Coverage: 76.40% | Average interval length: 85.00 | Avg Original interval: 244.00-325.00 | Avg New interval: 240.00-325.00 | Quantile: 240.000 - 325.023 |Avg weights: 0.107| log w_hat/w: -0.402| avg_delta_w: 0.412
---------- Evaluating for epsilon = 0.25 ----------
> Collecting test points
> Estimating exact weights
> Estimate weights for calibration data
> Computing weight of trajectories
> Computing conformal set
-------- Original method --------
Eps: 0.25 | Coverage: 99.10% | Average interval length: 407.00 | Avg Original interval: 244.00-325.00 | Avg New interval: 243.00-650.00 | Quantile: inf |Avg weights: 0.313| log w_hat/w: 0.670| avg_delta_w: 0.422
-------- Double quantile method --------
Eps: 0.25 | Coverage: 98.60% | Average interval length: 405.00 | Avg Original interval: 244.00-325.00 | Avg New interval: 245.00-650.00 | Quantile: inf - inf |Avg weights: 0.313| log w_hat/w: 0.670| avg_delta_w: 0.422
-------- Cumul  method --------
Eps: 0.25 | Coverage: 99.40% | Average interval length: 413.00 | Avg Original interval: 244.00-325.00 | Avg New interval: 237.00-650.00 | Quantile: 237.379 - inf |Avg weights: 0.313| log w_hat/w: 0.670| avg_delta_w: 0.422
---------- Evaluating for epsilon = 0.30000000000000004 ----------
> Collecting test points
> Estimating exact weights
> Estimate weights for calibration data
> Computing weight of trajectories
> Computing conformal set
-------- Original method --------
Eps: 0.30 | Coverage: 86.00% | Average interval length: 81.00 | Avg Original interval: 244.00-325.00 | Avg New interval: 244.00-325.00 | Quantile: 0.625 |Avg weights: 0.612| log w_hat/w: 1.343| avg_delta_w: 0.480
-------- Double quantile method --------
Eps: 0.30 | Coverage: 84.70% | Average interval length: 79.00 | Avg Original interval: 244.00-325.00 | Avg New interval: 245.00-324.00 | Quantile: 2.182 - -0.564 |Avg weights: 0.612| log w_hat/w: 1.343| avg_delta_w: 0.480
-------- Cumul  method --------
Eps: 0.30 | Coverage: 86.80% | Average interval length: 85.00 | Avg Original interval: 244.00-325.00 | Avg New interval: 240.00-325.00 | Quantile: 240.000 - 325.000 |Avg weights: 0.612| log w_hat/w: 1.343| avg_delta_w: 0.480
---------- Evaluating for epsilon = 0.35000000000000003 ----------
> Collecting test points
> Estimating exact weights
> Estimate weights for calibration data
> Computing weight of trajectories
> Computing conformal set
-------- Original method --------
Eps: 0.35 | Coverage: 89.80% | Average interval length: 83.00 | Avg Original interval: 244.00-325.00 | Avg New interval: 243.00-326.00 | Quantile: 2.397 |Avg weights: 0.897| log w_hat/w: 1.725| avg_delta_w: 0.564
-------- Double quantile method --------
Eps: 0.35 | Coverage: 96.80% | Average interval length: 405.00 | Avg Original interval: 244.00-325.00 | Avg New interval: 245.00-650.00 | Quantile: inf - inf |Avg weights: 0.897| log w_hat/w: 1.725| avg_delta_w: 0.564
-------- Cumul  method --------
Eps: 0.35 | Coverage: 97.80% | Average interval length: 410.00 | Avg Original interval: 244.00-325.00 | Avg New interval: 240.00-650.00 | Quantile: 240.023 - inf |Avg weights: 0.897| log w_hat/w: 1.725| avg_delta_w: 0.564
---------- Evaluating for epsilon = 0.4 ----------
> Collecting test points
> Estimating exact weights
> Estimate weights for calibration data
> Computing weight of trajectories
> Computing conformal set
-------- Original method --------
Eps: 0.40 | Coverage: 88.80% | Average interval length: 83.00 | Avg Original interval: 244.00-325.00 | Avg New interval: 243.00-326.00 | Quantile: 1.178 |Avg weights: 1.000| log w_hat/w: 1.834| avg_delta_w: 0.598
-------- Double quantile method --------
Eps: 0.40 | Coverage: 86.50% | Average interval length: 79.00 | Avg Original interval: 244.00-325.00 | Avg New interval: 245.00-324.00 | Quantile: 2.625 - -0.085 |Avg weights: 1.000| log w_hat/w: 1.834| avg_delta_w: 0.598
-------- Cumul  method --------
Eps: 0.40 | Coverage: 89.00% | Average interval length: 85.00 | Avg Original interval: 244.00-325.00 | Avg New interval: 240.00-325.00 | Quantile: 240.000 - 325.000 |Avg weights: 1.000| log w_hat/w: 1.834| avg_delta_w: 0.598
---------- Evaluating for epsilon = 0.45 ----------
> Collecting test points
> Estimating exact weights
> Estimate weights for calibration data
> Computing weight of trajectories
> Computing conformal set
-------- Original method --------
Eps: 0.45 | Coverage: 88.50% | Average interval length: 83.00 | Avg Original interval: 244.00-325.00 | Avg New interval: 243.00-326.00 | Quantile: 1.154 |Avg weights: 0.887| log w_hat/w: 1.714| avg_delta_w: 0.563
-------- Double quantile method --------
Eps: 0.45 | Coverage: 86.00% | Average interval length: 79.00 | Avg Original interval: 244.00-325.00 | Avg New interval: 245.00-324.00 | Quantile: 3.128 - -0.772 |Avg weights: 0.887| log w_hat/w: 1.714| avg_delta_w: 0.563
-------- Cumul  method --------
Eps: 0.45 | Coverage: 88.90% | Average interval length: 84.00 | Avg Original interval: 244.00-325.00 | Avg New interval: 240.00-324.00 | Quantile: 240.000 - 324.000 |Avg weights: 0.887| log w_hat/w: 1.714| avg_delta_w: 0.563
---------- Evaluating for epsilon = 0.5 ----------
> Collecting test points
> Estimating exact weights
> Estimate weights for calibration data
> Computing weight of trajectories
> Computing conformal set
-------- Original method --------
Eps: 0.50 | Coverage: 85.20% | Average interval length: 83.00 | Avg Original interval: 244.00-325.00 | Avg New interval: 243.00-326.00 | Quantile: 1.233 |Avg weights: 0.652| log w_hat/w: 1.406| avg_delta_w: 0.491
-------- Double quantile method --------
Eps: 0.50 | Coverage: 82.80% | Average interval length: 79.00 | Avg Original interval: 244.00-325.00 | Avg New interval: 245.00-324.00 | Quantile: 2.758 - -0.091 |Avg weights: 0.652| log w_hat/w: 1.406| avg_delta_w: 0.491
-------- Cumul  method --------
Eps: 0.50 | Coverage: 87.20% | Average interval length: 85.00 | Avg Original interval: 244.00-325.00 | Avg New interval: 240.00-325.00 | Quantile: 240.000 - 325.000 |Avg weights: 0.652| log w_hat/w: 1.406| avg_delta_w: 0.491
---------- Evaluating for epsilon = 0.55 ----------
> Collecting test points
> Estimating exact weights
> Estimate weights for calibration data
> Computing weight of trajectories
> Computing conformal set
-------- Original method --------
Eps: 0.55 | Coverage: 79.90% | Average interval length: 81.00 | Avg Original interval: 244.00-325.00 | Avg New interval: 244.00-325.00 | Quantile: 0.769 |Avg weights: 0.366| log w_hat/w: 0.826| avg_delta_w: 0.423
-------- Double quantile method --------
Eps: 0.55 | Coverage: 79.90% | Average interval length: 81.00 | Avg Original interval: 244.00-325.00 | Avg New interval: 244.00-325.00 | Quantile: 1.624 - 0.169 |Avg weights: 0.366| log w_hat/w: 0.826| avg_delta_w: 0.423
-------- Cumul  method --------
Eps: 0.55 | Coverage: 81.90% | Average interval length: 84.00 | Avg Original interval: 244.00-325.00 | Avg New interval: 241.00-325.00 | Quantile: 241.000 - 325.000 |Avg weights: 0.366| log w_hat/w: 0.826| avg_delta_w: 0.423
---------- Evaluating for epsilon = 0.6000000000000001 ----------
> Collecting test points
> Estimating exact weights
> Estimate weights for calibration data
> Computing weight of trajectories
> Computing conformal set
-------- Original method --------
Eps: 0.60 | Coverage: 76.90% | Average interval length: 83.00 | Avg Original interval: 244.00-325.00 | Avg New interval: 243.00-326.00 | Quantile: 1.088 |Avg weights: 0.177| log w_hat/w: 0.099| avg_delta_w: 0.411
-------- Double quantile method --------
Eps: 0.60 | Coverage: 75.00% | Average interval length: 81.00 | Avg Original interval: 244.00-325.00 | Avg New interval: 244.00-325.00 | Quantile: 2.154 - 0.023 |Avg weights: 0.177| log w_hat/w: 0.099| avg_delta_w: 0.411
-------- Cumul  method --------
Eps: 0.60 | Coverage: 80.20% | Average interval length: 85.00 | Avg Original interval: 244.00-325.00 | Avg New interval: 240.00-325.00 | Quantile: 240.000 - 325.000 |Avg weights: 0.177| log w_hat/w: 0.099| avg_delta_w: 0.411
---------- Evaluating for epsilon = 0.65 ----------
> Collecting test points
> Estimating exact weights
> Estimate weights for calibration data
> Computing weight of trajectories
> Computing conformal set
-------- Original method --------
Eps: 0.65 | Coverage: 68.80% | Average interval length: 83.00 | Avg Original interval: 244.00-325.00 | Avg New interval: 243.00-326.00 | Quantile: 1.470 |Avg weights: 0.070| log w_hat/w: -0.826| avg_delta_w: 0.417
-------- Double quantile method --------
Eps: 0.65 | Coverage: 67.70% | Average interval length: 81.00 | Avg Original interval: 244.00-325.00 | Avg New interval: 244.00-325.00 | Quantile: 3.166 - 0.091 |Avg weights: 0.070| log w_hat/w: -0.826| avg_delta_w: 0.417
-------- Cumul  method --------
Eps: 0.65 | Coverage: 72.80% | Average interval length: 85.00 | Avg Original interval: 244.00-325.00 | Avg New interval: 240.00-325.00 | Quantile: 240.000 - 325.097 |Avg weights: 0.070| log w_hat/w: -0.826| avg_delta_w: 0.417
---------- Evaluating for epsilon = 0.7000000000000001 ----------
> Collecting test points
> Estimating exact weights
> Estimate weights for calibration data
> Computing weight of trajectories
> Computing conformal set
-------- Original method --------
Eps: 0.70 | Coverage: 62.30% | Average interval length: 81.00 | Avg Original interval: 244.00-325.00 | Avg New interval: 244.00-325.00 | Quantile: 0.331 |Avg weights: 0.021| log w_hat/w: -2.025| avg_delta_w: 0.429
-------- Double quantile method --------
Eps: 0.70 | Coverage: 62.30% | Average interval length: 81.00 | Avg Original interval: 244.00-325.00 | Avg New interval: 244.00-325.00 | Quantile: 0.867 - 0.023 |Avg weights: 0.021| log w_hat/w: -2.025| avg_delta_w: 0.429
-------- Cumul  method --------
Eps: 0.70 | Coverage: 65.20% | Average interval length: 84.00 | Avg Original interval: 244.00-325.00 | Avg New interval: 241.00-325.00 | Quantile: 241.000 - 325.000 |Avg weights: 0.021| log w_hat/w: -2.025| avg_delta_w: 0.429
---------- Evaluating for epsilon = 0.75 ----------
> Collecting test points
> Estimating exact weights
> Estimate weights for calibration data
> Computing weight of trajectories
> Computing conformal set
-------- Original method --------
Eps: 0.75 | Coverage: 55.20% | Average interval length: 81.00 | Avg Original interval: 244.00-325.00 | Avg New interval: 244.00-325.00 | Quantile: 0.652 |Avg weights: 0.005| log w_hat/w: -3.431| avg_delta_w: 0.436
-------- Double quantile method --------
Eps: 0.75 | Coverage: 53.00% | Average interval length: 77.00 | Avg Original interval: 244.00-325.00 | Avg New interval: 246.00-323.00 | Quantile: 3.273 - -1.337 |Avg weights: 0.005| log w_hat/w: -3.431| avg_delta_w: 0.436
-------- Cumul  method --------
Eps: 0.75 | Coverage: 60.70% | Average interval length: 84.00 | Avg Original interval: 244.00-325.00 | Avg New interval: 240.00-324.00 | Quantile: 240.000 - 324.000 |Avg weights: 0.005| log w_hat/w: -3.431| avg_delta_w: 0.436
---------- Evaluating for epsilon = 0.8 ----------
> Collecting test points
> Estimating exact weights
> Estimate weights for calibration data
> Computing weight of trajectories
> Computing conformal set
-------- Original method --------
Eps: 0.80 | Coverage: 45.60% | Average interval length: 83.00 | Avg Original interval: 244.00-325.00 | Avg New interval: 243.00-326.00 | Quantile: 1.269 |Avg weights: 0.001| log w_hat/w: -5.517| avg_delta_w: 0.438
-------- Double quantile method --------
Eps: 0.80 | Coverage: 42.30% | Average interval length: 79.00 | Avg Original interval: 244.00-325.00 | Avg New interval: 245.00-324.00 | Quantile: 2.704 - -0.085 |Avg weights: 0.001| log w_hat/w: -5.517| avg_delta_w: 0.438
-------- Cumul  method --------
Eps: 0.80 | Coverage: 50.50% | Average interval length: 86.00 | Avg Original interval: 244.00-325.00 | Avg New interval: 239.00-325.00 | Quantile: 239.000 - 325.000 |Avg weights: 0.001| log w_hat/w: -5.517| avg_delta_w: 0.438
---------- Evaluating for epsilon = 0.8500000000000001 ----------
> Collecting test points
> Estimating exact weights
> Estimate weights for calibration data
> Computing weight of trajectories
> Computing conformal set
-------- Original method --------
Eps: 0.85 | Coverage: 36.70% | Average interval length: 81.00 | Avg Original interval: 244.00-325.00 | Avg New interval: 244.00-325.00 | Quantile: 0.165 |Avg weights: 0.000| log w_hat/w: -7.782| avg_delta_w: 0.438
-------- Double quantile method --------
Eps: 0.85 | Coverage: 35.10% | Average interval length: 79.00 | Avg Original interval: 244.00-325.00 | Avg New interval: 245.00-324.00 | Quantile: 0.624 - -0.783 |Avg weights: 0.000| log w_hat/w: -7.782| avg_delta_w: 0.438
-------- Cumul  method --------
Eps: 0.85 | Coverage: 39.70% | Average interval length: 83.00 | Avg Original interval: 244.00-325.00 | Avg New interval: 242.00-325.00 | Quantile: 242.000 - 325.000 |Avg weights: 0.000| log w_hat/w: -7.782| avg_delta_w: 0.438
---------- Evaluating for epsilon = 0.9 ----------
> Collecting test points
> Estimating exact weights
> Estimate weights for calibration data
> Computing weight of trajectories
> Computing conformal set
-------- Original method --------
Eps: 0.90 | Coverage: 32.50% | Average interval length: 85.00 | Avg Original interval: 244.00-325.00 | Avg New interval: 242.00-327.00 | Quantile: 3.165 |Avg weights: 0.000| log w_hat/w: -10.662| avg_delta_w: 0.438
-------- Double quantile method --------
Eps: 0.90 | Coverage: 30.60% | Average interval length: 81.00 | Avg Original interval: 244.00-325.00 | Avg New interval: 244.00-325.00 | Quantile: 7.024 - 2.678 |Avg weights: 0.000| log w_hat/w: -10.662| avg_delta_w: 0.438
-------- Cumul  method --------
Eps: 0.90 | Coverage: 36.80% | Average interval length: 88.00 | Avg Original interval: 244.00-325.00 | Avg New interval: 239.00-327.00 | Quantile: 239.000 - 329.244 |Avg weights: 0.000| log w_hat/w: -10.662| avg_delta_w: 0.438
---------- Evaluating for epsilon = 0.9500000000000001 ----------
> Collecting test points
> Estimating exact weights
> Estimate weights for calibration data
> Computing weight of trajectories
> Computing conformal set
-------- Original method --------
Eps: 0.95 | Coverage: 23.90% | Average interval length: 87.00 | Avg Original interval: 244.00-325.00 | Avg New interval: 241.00-328.00 | Quantile: 3.275 |Avg weights: 0.000| log w_hat/w: -14.970| avg_delta_w: 0.438
-------- Double quantile method --------
Eps: 0.95 | Coverage: 23.90% | Average interval length: 87.00 | Avg Original interval: 244.00-325.00 | Avg New interval: 241.00-328.00 | Quantile: 3.547 - 3.093 |Avg weights: 0.000| log w_hat/w: -14.970| avg_delta_w: 0.438
-------- Cumul  method --------
Eps: 0.95 | Coverage: 26.20% | Average interval length: 90.00 | Avg Original interval: 244.00-325.00 | Avg New interval: 239.00-329.00 | Quantile: 239.000 - 329.000 |Avg weights: 0.000| log w_hat/w: -14.970| avg_delta_w: 0.438
---------- Evaluating for epsilon = 1.0 ----------
> Collecting test points
> Estimating exact weights
> Estimate weights for calibration data
> Computing weight of trajectories
> Computing conformal set
-------- Original method --------
Eps: 1.00 | Coverage: 19.00% | Average interval length: 83.00 | Avg Original interval: 244.00-325.00 | Avg New interval: 243.00-326.00 | Quantile: 1.233 |Avg weights: 0.000| log w_hat/w: -16.287| avg_delta_w: 0.438
-------- Double quantile method --------
Eps: 1.00 | Coverage: 16.50% | Average interval length: 77.00 | Avg Original interval: 244.00-325.00 | Avg New interval: 246.00-323.00 | Quantile: 3.329 - -1.332 |Avg weights: 0.000| log w_hat/w: -16.287| avg_delta_w: 0.438
-------- Cumul  method --------
Eps: 1.00 | Coverage: 22.40% | Average interval length: 85.00 | Avg Original interval: 244.00-325.00 | Avg New interval: 239.00-324.00 | Quantile: 239.000 - 324.000 |Avg weights: 0.000| log w_hat/w: -16.287| avg_delta_w: 0.438
> Loading/collecting data
> Training/loading quantile networks
---------- Evaluating for epsilon = 0.0 ----------
> Collecting test points
> Estimating exact weights
> Estimate weights for calibration data
> Computing weight of trajectories
> Computing conformal set
-------- Original method --------
Eps: 0.00 | Coverage: 39.40% | Average interval length: 83.00 | Avg Original interval: 244.00-325.00 | Avg New interval: 243.00-326.00 | Quantile: 1.178 |Avg weights: 0.000| log w_hat/w: -16.587| avg_delta_w: 0.438
-------- Double quantile method --------
Eps: 0.00 | Coverage: 39.40% | Average interval length: 79.00 | Avg Original interval: 244.00-325.00 | Avg New interval: 245.00-324.00 | Quantile: 2.686 - -0.096 |Avg weights: 0.000| log w_hat/w: -16.587| avg_delta_w: 0.438
-------- Cumul  method --------
Eps: 0.00 | Coverage: 39.40% | Average interval length: 85.00 | Avg Original interval: 244.00-325.00 | Avg New interval: 240.00-325.00 | Quantile: 240.000 - 325.000 |Avg weights: 0.000| log w_hat/w: -16.587| avg_delta_w: 0.438
---------- Evaluating for epsilon = 0.05 ----------
> Collecting test points
> Estimating exact weights
> Estimate weights for calibration data
> Computing weight of trajectories
> Computing conformal set
-------- Original method --------
Eps: 0.05 | Coverage: 51.60% | Average interval length: 85.00 | Avg Original interval: 244.00-325.00 | Avg New interval: 242.00-327.00 | Quantile: 2.273 |Avg weights: 0.000| log w_hat/w: -10.333| avg_delta_w: 0.438
-------- Double quantile method --------
Eps: 0.05 | Coverage: 48.80% | Average interval length: 81.00 | Avg Original interval: 244.00-325.00 | Avg New interval: 244.00-325.00 | Quantile: 4.273 - 0.487 |Avg weights: 0.000| log w_hat/w: -10.333| avg_delta_w: 0.438
-------- Cumul  method --------
Eps: 0.05 | Coverage: 51.20% | Average interval length: 87.00 | Avg Original interval: 244.00-325.00 | Avg New interval: 239.00-326.00 | Quantile: 239.000 - 326.000 |Avg weights: 0.000| log w_hat/w: -10.333| avg_delta_w: 0.438
---------- Evaluating for epsilon = 0.1 ----------
> Collecting test points
> Estimating exact weights
> Estimate weights for calibration data
> Computing weight of trajectories
> Computing conformal set
-------- Original method --------
Eps: 0.10 | Coverage: 57.10% | Average interval length: 81.00 | Avg Original interval: 244.00-325.00 | Avg New interval: 244.00-325.00 | Quantile: 0.454 |Avg weights: 0.001| log w_hat/w: -4.963| avg_delta_w: 0.438
-------- Double quantile method --------
Eps: 0.10 | Coverage: 57.10% | Average interval length: 81.00 | Avg Original interval: 244.00-325.00 | Avg New interval: 244.00-325.00 | Quantile: 0.623 - 0.195 |Avg weights: 0.001| log w_hat/w: -4.963| avg_delta_w: 0.438
-------- Cumul  method --------
Eps: 0.10 | Coverage: 57.10% | Average interval length: 83.00 | Avg Original interval: 244.00-325.00 | Avg New interval: 242.00-325.00 | Quantile: 242.000 - 325.000 |Avg weights: 0.001| log w_hat/w: -4.963| avg_delta_w: 0.438
---------- Evaluating for epsilon = 0.15000000000000002 ----------
> Collecting test points
> Estimating exact weights
> Estimate weights for calibration data
> Computing weight of trajectories
> Computing conformal set
-------- Original method --------
Eps: 0.15 | Coverage: 68.00% | Average interval length: 81.00 | Avg Original interval: 244.00-325.00 | Avg New interval: 244.00-325.00 | Quantile: 0.271 |Avg weights: 0.019| log w_hat/w: -2.124| avg_delta_w: 0.429
-------- Double quantile method --------
Eps: 0.15 | Coverage: 66.60% | Average interval length: 79.00 | Avg Original interval: 244.00-325.00 | Avg New interval: 245.00-324.00 | Quantile: 1.270 - 0.041 |Avg weights: 0.019| log w_hat/w: -2.124| avg_delta_w: 0.429
-------- Cumul  method --------
Eps: 0.15 | Coverage: 68.00% | Average interval length: 83.00 | Avg Original interval: 244.00-325.00 | Avg New interval: 242.00-325.00 | Quantile: 242.000 - 325.087 |Avg weights: 0.019| log w_hat/w: -2.124| avg_delta_w: 0.429
---------- Evaluating for epsilon = 0.2 ----------
> Collecting test points
> Estimating exact weights
> Estimate weights for calibration data
> Computing weight of trajectories
> Computing conformal set
-------- Original method --------
Eps: 0.20 | Coverage: 77.70% | Average interval length: 83.00 | Avg Original interval: 244.00-325.00 | Avg New interval: 243.00-326.00 | Quantile: 1.178 |Avg weights: 0.106| log w_hat/w: -0.415| avg_delta_w: 0.412
-------- Double quantile method --------
Eps: 0.20 | Coverage: 74.70% | Average interval length: 79.00 | Avg Original interval: 244.00-325.00 | Avg New interval: 245.00-324.00 | Quantile: 2.356 - -0.086 |Avg weights: 0.106| log w_hat/w: -0.415| avg_delta_w: 0.412
-------- Cumul  method --------
Eps: 0.20 | Coverage: 75.60% | Average interval length: 85.00 | Avg Original interval: 244.00-325.00 | Avg New interval: 240.00-325.00 | Quantile: 240.000 - 325.000 |Avg weights: 0.106| log w_hat/w: -0.415| avg_delta_w: 0.412
---------- Evaluating for epsilon = 0.25 ----------
> Collecting test points
> Estimating exact weights
> Estimate weights for calibration data
> Computing weight of trajectories
> Computing conformal set
-------- Original method --------
Eps: 0.25 | Coverage: 80.80% | Average interval length: 81.00 | Avg Original interval: 244.00-325.00 | Avg New interval: 244.00-325.00 | Quantile: 0.831 |Avg weights: 0.322| log w_hat/w: 0.699| avg_delta_w: 0.420
-------- Double quantile method --------
Eps: 0.25 | Coverage: 80.20% | Average interval length: 79.00 | Avg Original interval: 244.00-325.00 | Avg New interval: 245.00-324.00 | Quantile: 2.060 - 0.005 |Avg weights: 0.322| log w_hat/w: 0.699| avg_delta_w: 0.420
-------- Cumul  method --------
Eps: 0.25 | Coverage: 80.90% | Average interval length: 85.00 | Avg Original interval: 244.00-325.00 | Avg New interval: 240.00-325.00 | Quantile: 240.000 - 325.000 |Avg weights: 0.322| log w_hat/w: 0.699| avg_delta_w: 0.420
---------- Evaluating for epsilon = 0.30000000000000004 ----------
> Collecting test points
> Estimating exact weights
> Estimate weights for calibration data
> Computing weight of trajectories
> Computing conformal set
-------- Original method --------
Eps: 0.30 | Coverage: 85.90% | Average interval length: 83.00 | Avg Original interval: 244.00-325.00 | Avg New interval: 243.00-326.00 | Quantile: 1.233 |Avg weights: 0.622| log w_hat/w: 1.359| avg_delta_w: 0.483
-------- Double quantile method --------
Eps: 0.30 | Coverage: 84.00% | Average interval length: 81.00 | Avg Original interval: 244.00-325.00 | Avg New interval: 244.00-325.00 | Quantile: 2.625 - 0.006 |Avg weights: 0.622| log w_hat/w: 1.359| avg_delta_w: 0.483
-------- Cumul  method --------
Eps: 0.30 | Coverage: 84.80% | Average interval length: 85.00 | Avg Original interval: 244.00-325.00 | Avg New interval: 240.00-325.00 | Quantile: 240.000 - 325.000 |Avg weights: 0.622| log w_hat/w: 1.359| avg_delta_w: 0.483
---------- Evaluating for epsilon = 0.35000000000000003 ----------
> Collecting test points
> Estimating exact weights
> Estimate weights for calibration data
> Computing weight of trajectories
> Computing conformal set
-------- Original method --------
Eps: 0.35 | Coverage: 91.30% | Average interval length: 83.00 | Avg Original interval: 244.00-325.00 | Avg New interval: 243.00-326.00 | Quantile: 1.233 |Avg weights: 0.904| log w_hat/w: 1.733| avg_delta_w: 0.563
-------- Double quantile method --------
Eps: 0.35 | Coverage: 90.50% | Average interval length: 81.00 | Avg Original interval: 244.00-325.00 | Avg New interval: 244.00-325.00 | Quantile: 2.301 - 0.164 |Avg weights: 0.904| log w_hat/w: 1.733| avg_delta_w: 0.563
-------- Cumul  method --------
Eps: 0.35 | Coverage: 91.20% | Average interval length: 85.00 | Avg Original interval: 244.00-325.00 | Avg New interval: 240.00-325.00 | Quantile: 240.000 - 325.000 |Avg weights: 0.904| log w_hat/w: 1.733| avg_delta_w: 0.563
---------- Evaluating for epsilon = 0.4 ----------
> Collecting test points
> Estimating exact weights
> Estimate weights for calibration data
> Computing weight of trajectories
> Computing conformal set
