Horizon chosen 20
Starting with horizon: 20
> Loading/collecting data
> Training/loading quantile networks
Could not find file results/inventory/gradient/horizon_20/data/networks/lower_quantile_net.pth
Early stopping at epoch 125
Could not find file results/inventory/gradient/horizon_20/data/networks/upper_quantile_net.pth
Early stopping at epoch 113
---------- Evaluating for epsilon = 0.0 ----------
> Collecting test points
> Estimating exact weights
> Estimate weights for calibration data
> Computing weight of trajectories
> Computing conformal set
-------- Original method --------
Eps: 0.00 | Coverage: 43.50% | Average interval length: 76.00 | Avg Original interval: 187.00-263.00 | Avg New interval: 187.00-263.00 | Quantile: 0.830 |Avg weights: 0.000| log w_hat/w: -16.997| avg_delta_w: 0.517
-------- Double quantile method --------
Eps: 0.00 | Coverage: 43.50% | Average interval length: 72.00 | Avg Original interval: 187.00-263.00 | Avg New interval: 189.00-261.00 | Quantile: -1.298 - 2.771 |Avg weights: 0.000| log w_hat/w: -16.997| avg_delta_w: 0.517
-------- Cumul  method --------
Eps: 0.00 | Coverage: 51.80% | Average interval length: 78.00 | Avg Original interval: 187.00-263.00 | Avg New interval: 188.00-266.00 | Quantile: 188.000 - 266.000 |Avg weights: 0.000| log w_hat/w: -16.997| avg_delta_w: 0.517
---------- Evaluating for epsilon = 0.05 ----------
> Collecting test points
> Estimating exact weights
> Estimate weights for calibration data
> Computing weight of trajectories
> Computing conformal set
-------- Original method --------
Eps: 0.05 | Coverage: 100.00% | Average interval length: 346.00 | Avg Original interval: 187.00-263.00 | Avg New interval: 180.00-526.00 | Quantile: inf |Avg weights: 0.000| log w_hat/w: -8.209| avg_delta_w: 0.517
-------- Double quantile method --------
Eps: 0.05 | Coverage: 99.90% | Average interval length: 341.00 | Avg Original interval: 187.00-263.00 | Avg New interval: 185.00-526.00 | Quantile: inf - inf |Avg weights: 0.000| log w_hat/w: -8.209| avg_delta_w: 0.517
-------- Cumul  method --------
Eps: 0.05 | Coverage: 99.90% | Average interval length: 263.00 | Avg Original interval: 187.00-263.00 | Avg New interval: 185.00-448.00 | Quantile: inf - inf |Avg weights: 0.000| log w_hat/w: -8.209| avg_delta_w: 0.517
---------- Evaluating for epsilon = 0.1 ----------
> Collecting test points
> Estimating exact weights
> Estimate weights for calibration data
> Computing weight of trajectories
> Computing conformal set
-------- Original method --------
Eps: 0.10 | Coverage: 64.20% | Average interval length: 78.00 | Avg Original interval: 187.00-263.00 | Avg New interval: 186.00-264.00 | Quantile: 1.292 |Avg weights: 0.004| log w_hat/w: -4.150| avg_delta_w: 0.515
-------- Double quantile method --------
Eps: 0.10 | Coverage: 62.30% | Average interval length: 74.00 | Avg Original interval: 187.00-263.00 | Avg New interval: 188.00-262.00 | Quantile: -0.943 - 2.771 |Avg weights: 0.004| log w_hat/w: -4.150| avg_delta_w: 0.515
-------- Cumul  method --------
Eps: 0.10 | Coverage: 68.50% | Average interval length: 78.00 | Avg Original interval: 187.00-263.00 | Avg New interval: 188.00-266.00 | Quantile: 188.000 - 266.000 |Avg weights: 0.004| log w_hat/w: -4.150| avg_delta_w: 0.515
---------- Evaluating for epsilon = 0.15000000000000002 ----------
> Collecting test points
> Estimating exact weights
> Estimate weights for calibration data
> Computing weight of trajectories
> Computing conformal set
-------- Original method --------
Eps: 0.15 | Coverage: 99.90% | Average interval length: 341.00 | Avg Original interval: 187.00-263.00 | Avg New interval: 185.00-526.00 | Quantile: inf |Avg weights: 0.040| log w_hat/w: -1.796| avg_delta_w: 0.499
-------- Double quantile method --------
Eps: 0.15 | Coverage: 99.90% | Average interval length: 341.00 | Avg Original interval: 187.00-263.00 | Avg New interval: 185.00-526.00 | Quantile: inf - inf |Avg weights: 0.040| log w_hat/w: -1.796| avg_delta_w: 0.499
-------- Cumul  method --------
Eps: 0.15 | Coverage: 99.90% | Average interval length: 269.00 | Avg Original interval: 187.00-263.00 | Avg New interval: 185.00-454.00 | Quantile: inf - inf |Avg weights: 0.040| log w_hat/w: -1.796| avg_delta_w: 0.499
---------- Evaluating for epsilon = 0.2 ----------
> Collecting test points
> Estimating exact weights
> Estimate weights for calibration data
> Computing weight of trajectories
> Computing conformal set
-------- Original method --------
Eps: 0.20 | Coverage: 77.50% | Average interval length: 78.00 | Avg Original interval: 187.00-263.00 | Avg New interval: 186.00-264.00 | Quantile: 1.135 |Avg weights: 0.167| log w_hat/w: -0.367| avg_delta_w: 0.474
-------- Double quantile method --------
Eps: 0.20 | Coverage: 74.30% | Average interval length: 74.00 | Avg Original interval: 187.00-263.00 | Avg New interval: 188.00-262.00 | Quantile: -0.943 - 2.665 |Avg weights: 0.167| log w_hat/w: -0.367| avg_delta_w: 0.474
-------- Cumul  method --------
Eps: 0.20 | Coverage: 80.30% | Average interval length: 78.00 | Avg Original interval: 187.00-263.00 | Avg New interval: 188.00-266.00 | Quantile: 188.000 - 266.000 |Avg weights: 0.167| log w_hat/w: -0.367| avg_delta_w: 0.474
---------- Evaluating for epsilon = 0.25 ----------
> Collecting test points
> Estimating exact weights
> Estimate weights for calibration data
> Computing weight of trajectories
> Computing conformal set
-------- Original method --------
Eps: 0.25 | Coverage: 82.20% | Average interval length: 76.00 | Avg Original interval: 187.00-263.00 | Avg New interval: 187.00-263.00 | Quantile: 0.609 |Avg weights: 0.403| log w_hat/w: 0.513| avg_delta_w: 0.480
-------- Double quantile method --------
Eps: 0.25 | Coverage: 76.90% | Average interval length: 70.00 | Avg Original interval: 187.00-263.00 | Avg New interval: 190.00-260.00 | Quantile: -2.581 - 2.771 |Avg weights: 0.403| log w_hat/w: 0.513| avg_delta_w: 0.480
-------- Cumul  method --------
Eps: 0.25 | Coverage: 85.50% | Average interval length: 77.00 | Avg Original interval: 187.00-263.00 | Avg New interval: 189.00-266.00 | Quantile: 189.000 - 266.000 |Avg weights: 0.403| log w_hat/w: 0.513| avg_delta_w: 0.480
---------- Evaluating for epsilon = 0.30000000000000004 ----------
> Collecting test points
> Estimating exact weights
> Estimate weights for calibration data
> Computing weight of trajectories
> Computing conformal set
-------- Original method --------
Eps: 0.30 | Coverage: 86.60% | Average interval length: 76.00 | Avg Original interval: 187.00-263.00 | Avg New interval: 187.00-263.00 | Quantile: 0.788 |Avg weights: 0.685| log w_hat/w: 1.045| avg_delta_w: 0.538
-------- Double quantile method --------
Eps: 0.30 | Coverage: 84.70% | Average interval length: 72.00 | Avg Original interval: 187.00-263.00 | Avg New interval: 189.00-261.00 | Quantile: -1.302 - 2.623 |Avg weights: 0.685| log w_hat/w: 1.045| avg_delta_w: 0.538
-------- Cumul  method --------
Eps: 0.30 | Coverage: 88.20% | Average interval length: 78.00 | Avg Original interval: 187.00-263.00 | Avg New interval: 188.00-266.00 | Quantile: 188.000 - 266.000 |Avg weights: 0.685| log w_hat/w: 1.045| avg_delta_w: 0.538
---------- Evaluating for epsilon = 0.35000000000000003 ----------
> Collecting test points
> Estimating exact weights
> Estimate weights for calibration data
> Computing weight of trajectories
> Computing conformal set
-------- Original method --------
Eps: 0.35 | Coverage: 88.90% | Average interval length: 76.00 | Avg Original interval: 187.00-263.00 | Avg New interval: 187.00-263.00 | Quantile: 0.771 |Avg weights: 0.910| log w_hat/w: 1.329| avg_delta_w: 0.595
-------- Double quantile method --------
Eps: 0.35 | Coverage: 87.00% | Average interval length: 72.00 | Avg Original interval: 187.00-263.00 | Avg New interval: 189.00-261.00 | Quantile: -1.581 - 2.657 |Avg weights: 0.910| log w_hat/w: 1.329| avg_delta_w: 0.595
-------- Cumul  method --------
Eps: 0.35 | Coverage: 91.40% | Average interval length: 78.00 | Avg Original interval: 187.00-263.00 | Avg New interval: 188.00-266.00 | Quantile: 188.000 - 266.000 |Avg weights: 0.910| log w_hat/w: 1.329| avg_delta_w: 0.595
---------- Evaluating for epsilon = 0.4 ----------
> Collecting test points
> Estimating exact weights
> Estimate weights for calibration data
> Computing weight of trajectories
> Computing conformal set
-------- Original method --------
Eps: 0.40 | Coverage: 91.10% | Average interval length: 76.00 | Avg Original interval: 187.00-263.00 | Avg New interval: 187.00-263.00 | Quantile: 0.830 |Avg weights: 1.000| log w_hat/w: 1.423| avg_delta_w: 0.620
-------- Double quantile method --------
Eps: 0.40 | Coverage: 88.60% | Average interval length: 72.00 | Avg Original interval: 187.00-263.00 | Avg New interval: 189.00-261.00 | Quantile: -1.171 - 2.771 |Avg weights: 1.000| log w_hat/w: 1.423| avg_delta_w: 0.620
-------- Cumul  method --------
Eps: 0.40 | Coverage: 91.70% | Average interval length: 78.00 | Avg Original interval: 187.00-263.00 | Avg New interval: 188.00-266.00 | Quantile: 188.000 - 266.000 |Avg weights: 1.000| log w_hat/w: 1.423| avg_delta_w: 0.620
---------- Evaluating for epsilon = 0.45 ----------
> Collecting test points
> Estimating exact weights
> Estimate weights for calibration data
> Computing weight of trajectories
> Computing conformal set
-------- Original method --------
Eps: 0.45 | Coverage: 91.10% | Average interval length: 76.00 | Avg Original interval: 187.00-263.00 | Avg New interval: 187.00-263.00 | Quantile: 0.819 |Avg weights: 0.912| log w_hat/w: 1.330| avg_delta_w: 0.596
-------- Double quantile method --------
Eps: 0.45 | Coverage: 88.70% | Average interval length: 72.00 | Avg Original interval: 187.00-263.00 | Avg New interval: 189.00-261.00 | Quantile: -1.536 - 2.641 |Avg weights: 0.912| log w_hat/w: 1.330| avg_delta_w: 0.596
-------- Cumul  method --------
Eps: 0.45 | Coverage: 92.00% | Average interval length: 78.00 | Avg Original interval: 187.00-263.00 | Avg New interval: 188.00-266.00 | Quantile: 188.000 - 266.000 |Avg weights: 0.912| log w_hat/w: 1.330| avg_delta_w: 0.596
---------- Evaluating for epsilon = 0.5 ----------
> Collecting test points
> Estimating exact weights
> Estimate weights for calibration data
> Computing weight of trajectories
> Computing conformal set
-------- Original method --------
Eps: 0.50 | Coverage: 88.30% | Average interval length: 76.00 | Avg Original interval: 187.00-263.00 | Avg New interval: 187.00-263.00 | Quantile: 0.830 |Avg weights: 0.701| log w_hat/w: 1.068| avg_delta_w: 0.541
-------- Double quantile method --------
Eps: 0.50 | Coverage: 86.20% | Average interval length: 72.00 | Avg Original interval: 187.00-263.00 | Avg New interval: 189.00-261.00 | Quantile: -1.471 - 2.657 |Avg weights: 0.701| log w_hat/w: 1.068| avg_delta_w: 0.541
-------- Cumul  method --------
Eps: 0.50 | Coverage: 88.40% | Average interval length: 78.00 | Avg Original interval: 187.00-263.00 | Avg New interval: 188.00-266.00 | Quantile: 188.000 - 266.000 |Avg weights: 0.701| log w_hat/w: 1.068| avg_delta_w: 0.541
---------- Evaluating for epsilon = 0.55 ----------
> Collecting test points
> Estimating exact weights
> Estimate weights for calibration data
> Computing weight of trajectories
> Computing conformal set
-------- Original method --------
Eps: 0.55 | Coverage: 85.80% | Average interval length: 78.00 | Avg Original interval: 187.00-263.00 | Avg New interval: 186.00-264.00 | Quantile: 1.292 |Avg weights: 0.478| log w_hat/w: 0.684| avg_delta_w: 0.495
-------- Double quantile method --------
Eps: 0.55 | Coverage: 84.00% | Average interval length: 74.00 | Avg Original interval: 187.00-263.00 | Avg New interval: 188.00-262.00 | Quantile: -0.893 - 2.813 |Avg weights: 0.478| log w_hat/w: 0.684| avg_delta_w: 0.495
-------- Cumul  method --------
Eps: 0.55 | Coverage: 85.20% | Average interval length: 79.00 | Avg Original interval: 187.00-263.00 | Avg New interval: 187.00-266.00 | Quantile: 187.000 - 266.000 |Avg weights: 0.478| log w_hat/w: 0.684| avg_delta_w: 0.495
---------- Evaluating for epsilon = 0.6000000000000001 ----------
> Collecting test points
> Estimating exact weights
> Estimate weights for calibration data
> Computing weight of trajectories
> Computing conformal set
-------- Original method --------
Eps: 0.60 | Coverage: 83.30% | Average interval length: 76.00 | Avg Original interval: 187.00-263.00 | Avg New interval: 187.00-263.00 | Quantile: 0.829 |Avg weights: 0.252| log w_hat/w: 0.044| avg_delta_w: 0.475
-------- Double quantile method --------
Eps: 0.60 | Coverage: 83.30% | Average interval length: 76.00 | Avg Original interval: 187.00-263.00 | Avg New interval: 187.00-263.00 | Quantile: 0.057 - 1.291 |Avg weights: 0.252| log w_hat/w: 0.044| avg_delta_w: 0.475
-------- Cumul  method --------
Eps: 0.60 | Coverage: 83.30% | Average interval length: 77.00 | Avg Original interval: 187.00-263.00 | Avg New interval: 187.00-264.00 | Quantile: 187.000 - 264.000 |Avg weights: 0.252| log w_hat/w: 0.044| avg_delta_w: 0.475
---------- Evaluating for epsilon = 0.65 ----------
> Collecting test points
> Estimating exact weights
> Estimate weights for calibration data
> Computing weight of trajectories
> Computing conformal set
-------- Original method --------
Eps: 0.65 | Coverage: 79.70% | Average interval length: 78.00 | Avg Original interval: 187.00-263.00 | Avg New interval: 186.00-264.00 | Quantile: 1.309 |Avg weights: 0.121| log w_hat/w: -0.689| avg_delta_w: 0.479
-------- Double quantile method --------
Eps: 0.65 | Coverage: 77.40% | Average interval length: 74.00 | Avg Original interval: 187.00-263.00 | Avg New interval: 188.00-262.00 | Quantile: -0.167 - 2.672 |Avg weights: 0.121| log w_hat/w: -0.689| avg_delta_w: 0.479
-------- Cumul  method --------
Eps: 0.65 | Coverage: 78.80% | Average interval length: 79.00 | Avg Original interval: 187.00-263.00 | Avg New interval: 187.00-266.00 | Quantile: 187.000 - 266.000 |Avg weights: 0.121| log w_hat/w: -0.689| avg_delta_w: 0.479
---------- Evaluating for epsilon = 0.7000000000000001 ----------
> Collecting test points
> Estimating exact weights
> Estimate weights for calibration data
> Computing weight of trajectories
> Computing conformal set
-------- Original method --------
Eps: 0.70 | Coverage: 73.70% | Average interval length: 78.00 | Avg Original interval: 187.00-263.00 | Avg New interval: 186.00-264.00 | Quantile: 1.291 |Avg weights: 0.045| log w_hat/w: -1.682| avg_delta_w: 0.497
-------- Double quantile method --------
Eps: 0.70 | Coverage: 65.90% | Average interval length: 66.00 | Avg Original interval: 187.00-263.00 | Avg New interval: 192.00-258.00 | Quantile: -4.053 - 4.624 |Avg weights: 0.045| log w_hat/w: -1.682| avg_delta_w: 0.497
-------- Cumul  method --------
Eps: 0.70 | Coverage: 67.60% | Average interval length: 77.00 | Avg Original interval: 187.00-263.00 | Avg New interval: 191.00-268.00 | Quantile: 191.000 - 268.000 |Avg weights: 0.045| log w_hat/w: -1.682| avg_delta_w: 0.497
---------- Evaluating for epsilon = 0.75 ----------
> Collecting test points
> Estimating exact weights
> Estimate weights for calibration data
> Computing weight of trajectories
> Computing conformal set
-------- Original method --------
Eps: 0.75 | Coverage: 70.10% | Average interval length: 78.00 | Avg Original interval: 187.00-263.00 | Avg New interval: 186.00-264.00 | Quantile: 1.491 |Avg weights: 0.015| log w_hat/w: -2.773| avg_delta_w: 0.509
-------- Double quantile method --------
Eps: 0.75 | Coverage: 66.40% | Average interval length: 72.00 | Avg Original interval: 187.00-263.00 | Avg New interval: 189.00-261.00 | Quantile: -1.800 - 3.634 |Avg weights: 0.015| log w_hat/w: -2.773| avg_delta_w: 0.509
-------- Cumul  method --------
Eps: 0.75 | Coverage: 67.90% | Average interval length: 79.00 | Avg Original interval: 187.00-263.00 | Avg New interval: 188.00-267.00 | Quantile: 188.000 - 267.000 |Avg weights: 0.015| log w_hat/w: -2.773| avg_delta_w: 0.509
---------- Evaluating for epsilon = 0.8 ----------
> Collecting test points
> Estimating exact weights
> Estimate weights for calibration data
> Computing weight of trajectories
> Computing conformal set
-------- Original method --------
Eps: 0.80 | Coverage: 63.30% | Average interval length: 80.00 | Avg Original interval: 187.00-263.00 | Avg New interval: 185.00-265.00 | Quantile: 2.317 |Avg weights: 0.003| log w_hat/w: -4.281| avg_delta_w: 0.515
-------- Double quantile method --------
Eps: 0.80 | Coverage: 62.20% | Average interval length: 78.00 | Avg Original interval: 187.00-263.00 | Avg New interval: 186.00-264.00 | Quantile: 2.751 - 1.802 |Avg weights: 0.003| log w_hat/w: -4.281| avg_delta_w: 0.515
-------- Cumul  method --------
Eps: 0.80 | Coverage: 63.90% | Average interval length: 81.00 | Avg Original interval: 187.00-263.00 | Avg New interval: 184.00-265.00 | Quantile: 184.000 - 265.159 |Avg weights: 0.003| log w_hat/w: -4.281| avg_delta_w: 0.515
---------- Evaluating for epsilon = 0.8500000000000001 ----------
> Collecting test points
> Estimating exact weights
> Estimate weights for calibration data
> Computing weight of trajectories
> Computing conformal set
-------- Original method --------
Eps: 0.85 | Coverage: 54.30% | Average interval length: 339.00 | Avg Original interval: 187.00-263.00 | Avg New interval: 187.00-526.00 | Quantile: inf |Avg weights: 0.000| log w_hat/w: -6.377| avg_delta_w: 0.516
-------- Double quantile method --------
Eps: 0.85 | Coverage: 52.50% | Average interval length: 338.00 | Avg Original interval: 187.00-263.00 | Avg New interval: 188.00-526.00 | Quantile: inf - inf |Avg weights: 0.000| log w_hat/w: -6.377| avg_delta_w: 0.516
-------- Cumul  method --------
Eps: 0.85 | Coverage: 52.50% | Average interval length: 338.00 | Avg Original interval: 187.00-263.00 | Avg New interval: 188.00-526.00 | Quantile: 188.203 - inf |Avg weights: 0.000| log w_hat/w: -6.377| avg_delta_w: 0.516
---------- Evaluating for epsilon = 0.9 ----------
> Collecting test points
> Estimating exact weights
> Estimate weights for calibration data
> Computing weight of trajectories
> Computing conformal set
-------- Original method --------
Eps: 0.90 | Coverage: 44.10% | Average interval length: 74.00 | Avg Original interval: 187.00-263.00 | Avg New interval: 188.00-262.00 | Quantile: -0.033 |Avg weights: 0.000| log w_hat/w: -8.723| avg_delta_w: 0.517
-------- Double quantile method --------
Eps: 0.90 | Coverage: 41.50% | Average interval length: 70.00 | Avg Original interval: 187.00-263.00 | Avg New interval: 190.00-260.00 | Quantile: -2.777 - 1.980 |Avg weights: 0.000| log w_hat/w: -8.723| avg_delta_w: 0.517
-------- Cumul  method --------
Eps: 0.90 | Coverage: 42.70% | Average interval length: 76.00 | Avg Original interval: 187.00-263.00 | Avg New interval: 189.00-265.00 | Quantile: 189.000 - 265.000 |Avg weights: 0.000| log w_hat/w: -8.723| avg_delta_w: 0.517
---------- Evaluating for epsilon = 0.9500000000000001 ----------
> Collecting test points
> Estimating exact weights
> Estimate weights for calibration data
> Computing weight of trajectories
> Computing conformal set
-------- Original method --------
Eps: 0.95 | Coverage: 43.00% | Average interval length: 82.00 | Avg Original interval: 187.00-263.00 | Avg New interval: 184.00-266.00 | Quantile: 3.658 |Avg weights: 0.000| log w_hat/w: -12.025| avg_delta_w: 0.517
-------- Double quantile method --------
Eps: 0.95 | Coverage: 32.10% | Average interval length: 68.00 | Avg Original interval: 187.00-263.00 | Avg New interval: 191.00-259.00 | Quantile: -3.884 - 6.771 |Avg weights: 0.000| log w_hat/w: -12.025| avg_delta_w: 0.517
-------- Cumul  method --------
Eps: 0.95 | Coverage: 34.40% | Average interval length: 80.00 | Avg Original interval: 187.00-263.00 | Avg New interval: 190.00-270.00 | Quantile: 190.000 - 270.000 |Avg weights: 0.000| log w_hat/w: -12.025| avg_delta_w: 0.517
---------- Evaluating for epsilon = 1.0 ----------
> Collecting test points
> Estimating exact weights
> Estimate weights for calibration data
> Computing weight of trajectories
> Computing conformal set
-------- Original method --------
Eps: 1.00 | Coverage: 32.50% | Average interval length: 76.00 | Avg Original interval: 187.00-263.00 | Avg New interval: 187.00-263.00 | Quantile: 0.832 |Avg weights: 0.000| log w_hat/w: -16.175| avg_delta_w: 0.517
-------- Double quantile method --------
Eps: 1.00 | Coverage: 29.90% | Average interval length: 72.00 | Avg Original interval: 187.00-263.00 | Avg New interval: 189.00-261.00 | Quantile: -1.168 - 2.657 |Avg weights: 0.000| log w_hat/w: -16.175| avg_delta_w: 0.517
-------- Cumul  method --------
Eps: 1.00 | Coverage: 31.20% | Average interval length: 78.00 | Avg Original interval: 187.00-263.00 | Avg New interval: 188.00-266.00 | Quantile: 188.000 - 266.000 |Avg weights: 0.000| log w_hat/w: -16.175| avg_delta_w: 0.517
> Loading/collecting data
> Training/loading quantile networks
---------- Evaluating for epsilon = 0.0 ----------
> Collecting test points
> Estimating exact weights
> Estimate weights for calibration data
> Computing weight of trajectories
> Computing conformal set
-------- Original method --------
Eps: 0.00 | Coverage: 46.10% | Average interval length: 76.00 | Avg Original interval: 187.00-263.00 | Avg New interval: 187.00-263.00 | Quantile: 0.830 |Avg weights: 0.000| log w_hat/w: -16.996| avg_delta_w: 0.517
-------- Double quantile method --------
Eps: 0.00 | Coverage: 46.10% | Average interval length: 72.00 | Avg Original interval: 187.00-263.00 | Avg New interval: 189.00-261.00 | Quantile: -1.169 - 2.739 |Avg weights: 0.000| log w_hat/w: -16.996| avg_delta_w: 0.517
-------- Cumul  method --------
Eps: 0.00 | Coverage: 55.40% | Average interval length: 78.00 | Avg Original interval: 187.00-263.00 | Avg New interval: 188.00-266.00 | Quantile: 188.000 - 266.000 |Avg weights: 0.000| log w_hat/w: -16.996| avg_delta_w: 0.517
---------- Evaluating for epsilon = 0.05 ----------
> Collecting test points
> Estimating exact weights
> Estimate weights for calibration data
> Computing weight of trajectories
> Computing conformal set
-------- Original method --------
Eps: 0.05 | Coverage: 61.30% | Average interval length: 80.00 | Avg Original interval: 187.00-263.00 | Avg New interval: 185.00-265.00 | Quantile: 2.231 |Avg weights: 0.000| log w_hat/w: -8.239| avg_delta_w: 0.517
-------- Double quantile method --------
Eps: 0.05 | Coverage: 47.80% | Average interval length: 70.00 | Avg Original interval: 187.00-263.00 | Avg New interval: 190.00-260.00 | Quantile: -2.488 - 5.021 |Avg weights: 0.000| log w_hat/w: -8.239| avg_delta_w: 0.517
-------- Cumul  method --------
Eps: 0.05 | Coverage: 68.00% | Average interval length: 80.00 | Avg Original interval: 187.00-263.00 | Avg New interval: 189.00-269.00 | Quantile: 189.000 - 269.000 |Avg weights: 0.000| log w_hat/w: -8.239| avg_delta_w: 0.517
---------- Evaluating for epsilon = 0.1 ----------
> Collecting test points
> Estimating exact weights
> Estimate weights for calibration data
> Computing weight of trajectories
> Computing conformal set
-------- Original method --------
Eps: 0.10 | Coverage: 63.10% | Average interval length: 76.00 | Avg Original interval: 187.00-263.00 | Avg New interval: 187.00-263.00 | Quantile: 1.666 |Avg weights: 0.004| log w_hat/w: -4.076| avg_delta_w: 0.515
-------- Double quantile method --------
Eps: 0.10 | Coverage: 99.80% | Average interval length: 334.00 | Avg Original interval: 187.00-263.00 | Avg New interval: 192.00-526.00 | Quantile: inf - inf |Avg weights: 0.004| log w_hat/w: -4.076| avg_delta_w: 0.515
-------- Cumul  method --------
Eps: 0.10 | Coverage: 99.80% | Average interval length: 335.00 | Avg Original interval: 187.00-263.00 | Avg New interval: 191.00-526.00 | Quantile: 191.055 - inf |Avg weights: 0.004| log w_hat/w: -4.076| avg_delta_w: 0.515
---------- Evaluating for epsilon = 0.15000000000000002 ----------
> Collecting test points
> Estimating exact weights
> Estimate weights for calibration data
> Computing weight of trajectories
> Computing conformal set
-------- Original method --------
Eps: 0.15 | Coverage: 99.60% | Average interval length: 339.00 | Avg Original interval: 187.00-263.00 | Avg New interval: 187.00-526.00 | Quantile: inf |Avg weights: 0.041| log w_hat/w: -1.769| avg_delta_w: 0.498
-------- Double quantile method --------
Eps: 0.15 | Coverage: 99.20% | Average interval length: 335.00 | Avg Original interval: 187.00-263.00 | Avg New interval: 191.00-526.00 | Quantile: inf - inf |Avg weights: 0.041| log w_hat/w: -1.769| avg_delta_w: 0.498
-------- Cumul  method --------
Eps: 0.15 | Coverage: 99.30% | Average interval length: 336.00 | Avg Original interval: 187.00-263.00 | Avg New interval: 190.00-526.00 | Quantile: 191.058 - inf |Avg weights: 0.041| log w_hat/w: -1.769| avg_delta_w: 0.498
---------- Evaluating for epsilon = 0.2 ----------
> Collecting test points
> Estimating exact weights
> Estimate weights for calibration data
> Computing weight of trajectories
> Computing conformal set
-------- Original method --------
Eps: 0.20 | Coverage: 74.80% | Average interval length: 76.00 | Avg Original interval: 187.00-263.00 | Avg New interval: 187.00-263.00 | Quantile: 0.771 |Avg weights: 0.155| log w_hat/w: -0.444| avg_delta_w: 0.477
-------- Double quantile method --------
Eps: 0.20 | Coverage: 70.70% | Average interval length: 72.00 | Avg Original interval: 187.00-263.00 | Avg New interval: 189.00-261.00 | Quantile: -1.802 - 2.771 |Avg weights: 0.155| log w_hat/w: -0.444| avg_delta_w: 0.477
-------- Cumul  method --------
Eps: 0.20 | Coverage: 78.40% | Average interval length: 77.00 | Avg Original interval: 187.00-263.00 | Avg New interval: 189.00-266.00 | Quantile: 189.000 - 266.000 |Avg weights: 0.155| log w_hat/w: -0.444| avg_delta_w: 0.477
---------- Evaluating for epsilon = 0.25 ----------
> Collecting test points
> Estimating exact weights
> Estimate weights for calibration data
> Computing weight of trajectories
> Computing conformal set
-------- Original method --------
Eps: 0.25 | Coverage: 82.20% | Average interval length: 76.00 | Avg Original interval: 187.00-263.00 | Avg New interval: 187.00-263.00 | Quantile: 0.268 |Avg weights: 0.389| log w_hat/w: 0.477| avg_delta_w: 0.486
-------- Double quantile method --------
Eps: 0.25 | Coverage: 80.70% | Average interval length: 74.00 | Avg Original interval: 187.00-263.00 | Avg New interval: 188.00-262.00 | Quantile: -0.703 - 1.571 |Avg weights: 0.389| log w_hat/w: 0.477| avg_delta_w: 0.486
-------- Cumul  method --------
Eps: 0.25 | Coverage: 83.10% | Average interval length: 76.00 | Avg Original interval: 187.00-263.00 | Avg New interval: 188.00-264.00 | Quantile: 188.000 - 264.312 |Avg weights: 0.389| log w_hat/w: 0.477| avg_delta_w: 0.486
---------- Evaluating for epsilon = 0.30000000000000004 ----------
> Collecting test points
> Estimating exact weights
> Estimate weights for calibration data
> Computing weight of trajectories
> Computing conformal set
-------- Original method --------
Eps: 0.30 | Coverage: 86.20% | Average interval length: 76.00 | Avg Original interval: 187.00-263.00 | Avg New interval: 187.00-263.00 | Quantile: 0.832 |Avg weights: 0.681| log w_hat/w: 1.038| avg_delta_w: 0.538
-------- Double quantile method --------
Eps: 0.30 | Coverage: 83.90% | Average interval length: 74.00 | Avg Original interval: 187.00-263.00 | Avg New interval: 188.00-262.00 | Quantile: -0.906 - 2.291 |Avg weights: 0.681| log w_hat/w: 1.038| avg_delta_w: 0.538
-------- Cumul  method --------
Eps: 0.30 | Coverage: 87.70% | Average interval length: 78.00 | Avg Original interval: 187.00-263.00 | Avg New interval: 187.00-265.00 | Quantile: 187.000 - 265.000 |Avg weights: 0.681| log w_hat/w: 1.038| avg_delta_w: 0.538
---------- Evaluating for epsilon = 0.35000000000000003 ----------
> Collecting test points
> Estimating exact weights
> Estimate weights for calibration data
> Computing weight of trajectories
> Computing conformal set
-------- Original method --------
Eps: 0.35 | Coverage: 91.20% | Average interval length: 78.00 | Avg Original interval: 187.00-263.00 | Avg New interval: 186.00-264.00 | Quantile: 1.226 |Avg weights: 0.914| log w_hat/w: 1.334| avg_delta_w: 0.594
-------- Double quantile method --------
Eps: 0.35 | Coverage: 87.30% | Average interval length: 72.00 | Avg Original interval: 187.00-263.00 | Avg New interval: 189.00-261.00 | Quantile: -1.050 - 3.019 |Avg weights: 0.914| log w_hat/w: 1.334| avg_delta_w: 0.594
-------- Cumul  method --------
Eps: 0.35 | Coverage: 91.80% | Average interval length: 78.00 | Avg Original interval: 187.00-263.00 | Avg New interval: 188.00-266.00 | Quantile: 188.000 - 266.000 |Avg weights: 0.914| log w_hat/w: 1.334| avg_delta_w: 0.594
---------- Evaluating for epsilon = 0.4 ----------
> Collecting test points
> Estimating exact weights
> Estimate weights for calibration data
> Computing weight of trajectories
> Computing conformal set
-------- Original method --------
Eps: 0.40 | Coverage: 89.10% | Average interval length: 76.00 | Avg Original interval: 187.00-263.00 | Avg New interval: 187.00-263.00 | Quantile: 0.830 |Avg weights: 1.000| log w_hat/w: 1.423| avg_delta_w: 0.620
-------- Double quantile method --------
Eps: 0.40 | Coverage: 87.20% | Average interval length: 72.00 | Avg Original interval: 187.00-263.00 | Avg New interval: 189.00-261.00 | Quantile: -1.168 - 2.771 |Avg weights: 1.000| log w_hat/w: 1.423| avg_delta_w: 0.620
-------- Cumul  method --------
Eps: 0.40 | Coverage: 90.50% | Average interval length: 78.00 | Avg Original interval: 187.00-263.00 | Avg New interval: 188.00-266.00 | Quantile: 188.000 - 266.000 |Avg weights: 1.000| log w_hat/w: 1.423| avg_delta_w: 0.620
---------- Evaluating for epsilon = 0.45 ----------
> Collecting test points
> Estimating exact weights
> Estimate weights for calibration data
> Computing weight of trajectories
> Computing conformal set
-------- Original method --------
Eps: 0.45 | Coverage: 89.50% | Average interval length: 76.00 | Avg Original interval: 187.00-263.00 | Avg New interval: 187.00-263.00 | Quantile: 0.830 |Avg weights: 0.919| log w_hat/w: 1.339| avg_delta_w: 0.597
-------- Double quantile method --------
Eps: 0.45 | Coverage: 87.40% | Average interval length: 72.00 | Avg Original interval: 187.00-263.00 | Avg New interval: 189.00-261.00 | Quantile: -1.233 - 2.719 |Avg weights: 0.919| log w_hat/w: 1.339| avg_delta_w: 0.597
-------- Cumul  method --------
Eps: 0.45 | Coverage: 89.80% | Average interval length: 78.00 | Avg Original interval: 187.00-263.00 | Avg New interval: 188.00-266.00 | Quantile: 188.000 - 266.000 |Avg weights: 0.919| log w_hat/w: 1.339| avg_delta_w: 0.597
---------- Evaluating for epsilon = 0.5 ----------
> Collecting test points
> Estimating exact weights
> Estimate weights for calibration data
> Computing weight of trajectories
> Computing conformal set
-------- Original method --------
Eps: 0.50 | Coverage: 88.70% | Average interval length: 78.00 | Avg Original interval: 187.00-263.00 | Avg New interval: 186.00-264.00 | Quantile: 1.056 |Avg weights: 0.709| log w_hat/w: 1.079| avg_delta_w: 0.542
-------- Double quantile method --------
Eps: 0.50 | Coverage: 86.50% | Average interval length: 74.00 | Avg Original interval: 187.00-263.00 | Avg New interval: 188.00-262.00 | Quantile: -0.936 - 2.684 |Avg weights: 0.709| log w_hat/w: 1.079| avg_delta_w: 0.542
-------- Cumul  method --------
Eps: 0.50 | Coverage: 88.10% | Average interval length: 78.00 | Avg Original interval: 187.00-263.00 | Avg New interval: 188.00-266.00 | Quantile: 188.000 - 266.000 |Avg weights: 0.709| log w_hat/w: 1.079| avg_delta_w: 0.542
---------- Evaluating for epsilon = 0.55 ----------
> Collecting test points
> Estimating exact weights
> Estimate weights for calibration data
> Computing weight of trajectories
> Computing conformal set
-------- Original method --------
Eps: 0.55 | Coverage: 85.50% | Average interval length: 76.00 | Avg Original interval: 187.00-263.00 | Avg New interval: 187.00-263.00 | Quantile: 0.632 |Avg weights: 0.463| log w_hat/w: 0.653| avg_delta_w: 0.496
-------- Double quantile method --------
Eps: 0.55 | Coverage: 84.40% | Average interval length: 74.00 | Avg Original interval: 187.00-263.00 | Avg New interval: 188.00-262.00 | Quantile: -0.943 - 1.980 |Avg weights: 0.463| log w_hat/w: 0.653| avg_delta_w: 0.496
-------- Cumul  method --------
Eps: 0.55 | Coverage: 84.70% | Average interval length: 77.00 | Avg Original interval: 187.00-263.00 | Avg New interval: 188.00-265.00 | Quantile: 188.000 - 265.000 |Avg weights: 0.463| log w_hat/w: 0.653| avg_delta_w: 0.496
---------- Evaluating for epsilon = 0.6000000000000001 ----------
> Collecting test points
> Estimating exact weights
> Estimate weights for calibration data
> Computing weight of trajectories
> Computing conformal set
-------- Original method --------
Eps: 0.60 | Coverage: 85.80% | Average interval length: 340.00 | Avg Original interval: 187.00-263.00 | Avg New interval: 186.00-526.00 | Quantile: inf |Avg weights: 0.263| log w_hat/w: 0.087| avg_delta_w: 0.470
-------- Double quantile method --------
Eps: 0.60 | Coverage: 83.50% | Average interval length: 338.00 | Avg Original interval: 187.00-263.00 | Avg New interval: 188.00-526.00 | Quantile: inf - inf |Avg weights: 0.263| log w_hat/w: 0.087| avg_delta_w: 0.470
-------- Cumul  method --------
Eps: 0.60 | Coverage: 83.50% | Average interval length: 338.00 | Avg Original interval: 187.00-263.00 | Avg New interval: 188.00-526.00 | Quantile: 189.938 - inf |Avg weights: 0.263| log w_hat/w: 0.087| avg_delta_w: 0.470
---------- Evaluating for epsilon = 0.65 ----------
> Collecting test points
> Estimating exact weights
> Estimate weights for calibration data
> Computing weight of trajectories
> Computing conformal set
-------- Original method --------
Eps: 0.65 | Coverage: 81.20% | Average interval length: 80.00 | Avg Original interval: 187.00-263.00 | Avg New interval: 185.00-265.00 | Quantile: 2.097 |Avg weights: 0.121| log w_hat/w: -0.691| avg_delta_w: 0.480
-------- Double quantile method --------
Eps: 0.65 | Coverage: 78.70% | Average interval length: 76.00 | Avg Original interval: 187.00-263.00 | Avg New interval: 187.00-263.00 | Quantile: 0.086 - 3.339 |Avg weights: 0.121| log w_hat/w: -0.691| avg_delta_w: 0.480
-------- Cumul  method --------
Eps: 0.65 | Coverage: 79.00% | Average interval length: 80.00 | Avg Original interval: 187.00-263.00 | Avg New interval: 187.00-267.00 | Quantile: 187.000 - 266.460 |Avg weights: 0.121| log w_hat/w: -0.691| avg_delta_w: 0.480
---------- Evaluating for epsilon = 0.7000000000000001 ----------
> Collecting test points
> Estimating exact weights
> Estimate weights for calibration data
> Computing weight of trajectories
> Computing conformal set
-------- Original method --------
Eps: 0.70 | Coverage: 75.50% | Average interval length: 78.00 | Avg Original interval: 187.00-263.00 | Avg New interval: 186.00-264.00 | Quantile: 2.626 |Avg weights: 0.047| log w_hat/w: -1.641| avg_delta_w: 0.497
-------- Double quantile method --------
Eps: 0.70 | Coverage: 71.60% | Average interval length: 337.00 | Avg Original interval: 187.00-263.00 | Avg New interval: 189.00-526.00 | Quantile: inf - inf |Avg weights: 0.047| log w_hat/w: -1.641| avg_delta_w: 0.497
-------- Cumul  method --------
Eps: 0.70 | Coverage: 72.90% | Average interval length: 338.00 | Avg Original interval: 187.00-263.00 | Avg New interval: 188.00-526.00 | Quantile: 188.095 - inf |Avg weights: 0.047| log w_hat/w: -1.641| avg_delta_w: 0.497
---------- Evaluating for epsilon = 0.75 ----------
> Collecting test points
> Estimating exact weights
> Estimate weights for calibration data
> Computing weight of trajectories
> Computing conformal set
-------- Original method --------
Eps: 0.75 | Coverage: 66.30% | Average interval length: 338.00 | Avg Original interval: 187.00-263.00 | Avg New interval: 188.00-526.00 | Quantile: inf |Avg weights: 0.015| log w_hat/w: -2.797| avg_delta_w: 0.509
-------- Double quantile method --------
Eps: 0.75 | Coverage: 66.30% | Average interval length: 338.00 | Avg Original interval: 187.00-263.00 | Avg New interval: 188.00-526.00 | Quantile: inf - inf |Avg weights: 0.015| log w_hat/w: -2.797| avg_delta_w: 0.509
-------- Cumul  method --------
Eps: 0.75 | Coverage: 66.30% | Average interval length: 292.00 | Avg Original interval: 187.00-263.00 | Avg New interval: 188.00-480.00 | Quantile: inf - inf |Avg weights: 0.015| log w_hat/w: -2.797| avg_delta_w: 0.509
---------- Evaluating for epsilon = 0.8 ----------
> Collecting test points
> Estimating exact weights
> Estimate weights for calibration data
> Computing weight of trajectories
> Computing conformal set
-------- Original method --------
Eps: 0.80 | Coverage: 58.50% | Average interval length: 76.00 | Avg Original interval: 187.00-263.00 | Avg New interval: 187.00-263.00 | Quantile: 0.719 |Avg weights: 0.003| log w_hat/w: -4.267| avg_delta_w: 0.515
-------- Double quantile method --------
Eps: 0.80 | Coverage: 52.70% | Average interval length: 68.00 | Avg Original interval: 187.00-263.00 | Avg New interval: 191.00-259.00 | Quantile: -3.581 - 3.684 |Avg weights: 0.003| log w_hat/w: -4.267| avg_delta_w: 0.515
-------- Cumul  method --------
Eps: 0.80 | Coverage: 53.90% | Average interval length: 76.00 | Avg Original interval: 187.00-263.00 | Avg New interval: 190.00-266.00 | Quantile: 190.000 - 266.000 |Avg weights: 0.003| log w_hat/w: -4.267| avg_delta_w: 0.515
---------- Evaluating for epsilon = 0.8500000000000001 ----------
> Collecting test points
> Estimating exact weights
> Estimate weights for calibration data
> Computing weight of trajectories
> Computing conformal set
-------- Original method --------
Eps: 0.85 | Coverage: 52.20% | Average interval length: 78.00 | Avg Original interval: 187.00-263.00 | Avg New interval: 186.00-264.00 | Quantile: 1.387 |Avg weights: 0.000| log w_hat/w: -6.320| avg_delta_w: 0.516
-------- Double quantile method --------
Eps: 0.85 | Coverage: 51.10% | Average interval length: 76.00 | Avg Original interval: 187.00-263.00 | Avg New interval: 187.00-263.00 | Quantile: 0.672 - 1.980 |Avg weights: 0.000| log w_hat/w: -6.320| avg_delta_w: 0.516
-------- Cumul  method --------
Eps: 0.85 | Coverage: 52.20% | Average interval length: 79.00 | Avg Original interval: 187.00-263.00 | Avg New interval: 186.00-265.00 | Quantile: 186.000 - 265.000 |Avg weights: 0.000| log w_hat/w: -6.320| avg_delta_w: 0.516
---------- Evaluating for epsilon = 0.9 ----------
> Collecting test points
> Estimating exact weights
> Estimate weights for calibration data
> Computing weight of trajectories
> Computing conformal set
-------- Original method --------
Eps: 0.90 | Coverage: 48.10% | Average interval length: 78.00 | Avg Original interval: 187.00-263.00 | Avg New interval: 186.00-264.00 | Quantile: 2.054 |Avg weights: 0.000| log w_hat/w: -8.693| avg_delta_w: 0.517
-------- Double quantile method --------
Eps: 0.90 | Coverage: 43.40% | Average interval length: 70.00 | Avg Original interval: 187.00-263.00 | Avg New interval: 190.00-260.00 | Quantile: -2.087 - 5.136 |Avg weights: 0.000| log w_hat/w: -8.693| avg_delta_w: 0.517
-------- Cumul  method --------
Eps: 0.90 | Coverage: 44.60% | Average interval length: 79.00 | Avg Original interval: 187.00-263.00 | Avg New interval: 189.00-268.00 | Quantile: 189.000 - 268.476 |Avg weights: 0.000| log w_hat/w: -8.693| avg_delta_w: 0.517
---------- Evaluating for epsilon = 0.9500000000000001 ----------
> Collecting test points
> Estimating exact weights
> Estimate weights for calibration data
> Computing weight of trajectories
> Computing conformal set
-------- Original method --------
Eps: 0.95 | Coverage: 36.00% | Average interval length: 74.00 | Avg Original interval: 187.00-263.00 | Avg New interval: 188.00-262.00 | Quantile: -1.016 |Avg weights: 0.000| log w_hat/w: -12.145| avg_delta_w: 0.517
-------- Double quantile method --------
Eps: 0.95 | Coverage: 33.40% | Average interval length: 70.00 | Avg Original interval: 187.00-263.00 | Avg New interval: 190.00-260.00 | Quantile: -2.910 - 0.569 |Avg weights: 0.000| log w_hat/w: -12.145| avg_delta_w: 0.517
-------- Cumul  method --------
Eps: 0.95 | Coverage: 33.40% | Average interval length: 74.00 | Avg Original interval: 187.00-263.00 | Avg New interval: 190.00-264.00 | Quantile: 190.000 - 263.520 |Avg weights: 0.000| log w_hat/w: -12.145| avg_delta_w: 0.517
---------- Evaluating for epsilon = 1.0 ----------
> Collecting test points
> Estimating exact weights
> Estimate weights for calibration data
> Computing weight of trajectories
> Computing conformal set
-------- Original method --------
Eps: 1.00 | Coverage: 28.60% | Average interval length: 76.00 | Avg Original interval: 187.00-263.00 | Avg New interval: 187.00-263.00 | Quantile: 0.830 |Avg weights: 0.000| log w_hat/w: -16.166| avg_delta_w: 0.517
-------- Double quantile method --------
Eps: 1.00 | Coverage: 25.50% | Average interval length: 70.00 | Avg Original interval: 187.00-263.00 | Avg New interval: 190.00-260.00 | Quantile: -2.992 - 3.559 |Avg weights: 0.000| log w_hat/w: -16.166| avg_delta_w: 0.517
-------- Cumul  method --------
Eps: 1.00 | Coverage: 25.50% | Average interval length: 77.00 | Avg Original interval: 187.00-263.00 | Avg New interval: 190.00-267.00 | Quantile: 190.000 - 267.000 |Avg weights: 0.000| log w_hat/w: -16.166| avg_delta_w: 0.517
> Loading/collecting data
> Training/loading quantile networks
---------- Evaluating for epsilon = 0.0 ----------
> Collecting test points
> Estimating exact weights
> Estimate weights for calibration data
> Computing weight of trajectories
> Computing conformal set
-------- Original method --------
Eps: 0.00 | Coverage: 42.10% | Average interval length: 76.00 | Avg Original interval: 187.00-263.00 | Avg New interval: 187.00-263.00 | Quantile: 0.830 |Avg weights: 0.000| log w_hat/w: -16.997| avg_delta_w: 0.517
-------- Double quantile method --------
Eps: 0.00 | Coverage: 42.10% | Average interval length: 72.00 | Avg Original interval: 187.00-263.00 | Avg New interval: 189.00-261.00 | Quantile: -1.286 - 2.771 |Avg weights: 0.000| log w_hat/w: -16.997| avg_delta_w: 0.517
-------- Cumul  method --------
Eps: 0.00 | Coverage: 50.90% | Average interval length: 78.00 | Avg Original interval: 187.00-263.00 | Avg New interval: 188.00-266.00 | Quantile: 188.000 - 266.000 |Avg weights: 0.000| log w_hat/w: -16.997| avg_delta_w: 0.517
---------- Evaluating for epsilon = 0.05 ----------
> Collecting test points
> Estimating exact weights
> Estimate weights for calibration data
> Computing weight of trajectories
> Computing conformal set
-------- Original method --------
Eps: 0.05 | Coverage: 52.30% | Average interval length: 76.00 | Avg Original interval: 187.00-263.00 | Avg New interval: 187.00-263.00 | Quantile: 0.548 |Avg weights: 0.000| log w_hat/w: -8.268| avg_delta_w: 0.517
-------- Double quantile method --------
Eps: 0.05 | Coverage: 44.70% | Average interval length: 68.00 | Avg Original interval: 187.00-263.00 | Avg New interval: 191.00-259.00 | Quantile: -3.003 - 3.449 |Avg weights: 0.000| log w_hat/w: -8.268| avg_delta_w: 0.517
-------- Cumul  method --------
Eps: 0.05 | Coverage: 57.50% | Average interval length: 76.00 | Avg Original interval: 187.00-263.00 | Avg New interval: 190.00-266.00 | Quantile: 190.000 - 266.000 |Avg weights: 0.000| log w_hat/w: -8.268| avg_delta_w: 0.517
---------- Evaluating for epsilon = 0.1 ----------
> Collecting test points
> Estimating exact weights
> Estimate weights for calibration data
> Computing weight of trajectories
> Computing conformal set
-------- Original method --------
Eps: 0.10 | Coverage: 64.40% | Average interval length: 78.00 | Avg Original interval: 187.00-263.00 | Avg New interval: 186.00-264.00 | Quantile: 1.997 |Avg weights: 0.004| log w_hat/w: -4.142| avg_delta_w: 0.515
-------- Double quantile method --------
Eps: 0.10 | Coverage: 53.80% | Average interval length: 66.00 | Avg Original interval: 187.00-263.00 | Avg New interval: 192.00-258.00 | Quantile: -4.240 - 5.725 |Avg weights: 0.004| log w_hat/w: -4.142| avg_delta_w: 0.515
-------- Cumul  method --------
Eps: 0.10 | Coverage: 75.00% | Average interval length: 78.00 | Avg Original interval: 187.00-263.00 | Avg New interval: 191.00-269.00 | Quantile: 191.000 - 269.115 |Avg weights: 0.004| log w_hat/w: -4.142| avg_delta_w: 0.515
---------- Evaluating for epsilon = 0.15000000000000002 ----------
> Collecting test points
> Estimating exact weights
> Estimate weights for calibration data
> Computing weight of trajectories
> Computing conformal set
-------- Original method --------
Eps: 0.15 | Coverage: 69.70% | Average interval length: 76.00 | Avg Original interval: 187.00-263.00 | Avg New interval: 187.00-263.00 | Quantile: 0.825 |Avg weights: 0.038| log w_hat/w: -1.859| avg_delta_w: 0.500
-------- Double quantile method --------
Eps: 0.15 | Coverage: 66.90% | Average interval length: 74.00 | Avg Original interval: 187.00-263.00 | Avg New interval: 188.00-262.00 | Quantile: -0.053 - 1.291 |Avg weights: 0.038| log w_hat/w: -1.859| avg_delta_w: 0.500
-------- Cumul  method --------
Eps: 0.15 | Coverage: 70.50% | Average interval length: 77.00 | Avg Original interval: 187.00-263.00 | Avg New interval: 187.00-264.00 | Quantile: 187.000 - 264.000 |Avg weights: 0.038| log w_hat/w: -1.859| avg_delta_w: 0.500
---------- Evaluating for epsilon = 0.2 ----------
> Collecting test points
> Estimating exact weights
> Estimate weights for calibration data
> Computing weight of trajectories
> Computing conformal set
-------- Original method --------
Eps: 0.20 | Coverage: 79.00% | Average interval length: 76.00 | Avg Original interval: 187.00-263.00 | Avg New interval: 187.00-263.00 | Quantile: 0.583 |Avg weights: 0.165| log w_hat/w: -0.380| avg_delta_w: 0.475
-------- Double quantile method --------
Eps: 0.20 | Coverage: 76.40% | Average interval length: 74.00 | Avg Original interval: 187.00-263.00 | Avg New interval: 188.00-262.00 | Quantile: -0.712 - 2.110 |Avg weights: 0.165| log w_hat/w: -0.380| avg_delta_w: 0.475
-------- Cumul  method --------
Eps: 0.20 | Coverage: 81.10% | Average interval length: 77.00 | Avg Original interval: 187.00-263.00 | Avg New interval: 188.00-265.00 | Quantile: 188.000 - 265.247 |Avg weights: 0.165| log w_hat/w: -0.380| avg_delta_w: 0.475
---------- Evaluating for epsilon = 0.25 ----------
> Collecting test points
> Estimating exact weights
> Estimate weights for calibration data
> Computing weight of trajectories
> Computing conformal set
-------- Original method --------
Eps: 0.25 | Coverage: 82.10% | Average interval length: 78.00 | Avg Original interval: 187.00-263.00 | Avg New interval: 186.00-264.00 | Quantile: 1.351 |Avg weights: 0.404| log w_hat/w: 0.516| avg_delta_w: 0.488
-------- Double quantile method --------
Eps: 0.25 | Coverage: 78.20% | Average interval length: 74.00 | Avg Original interval: 187.00-263.00 | Avg New interval: 188.00-262.00 | Quantile: -0.358 - 2.878 |Avg weights: 0.404| log w_hat/w: 0.516| avg_delta_w: 0.488
-------- Cumul  method --------
Eps: 0.25 | Coverage: 84.90% | Average interval length: 79.00 | Avg Original interval: 187.00-263.00 | Avg New interval: 187.00-266.00 | Quantile: 187.000 - 266.000 |Avg weights: 0.404| log w_hat/w: 0.516| avg_delta_w: 0.488
---------- Evaluating for epsilon = 0.30000000000000004 ----------
> Collecting test points
> Estimating exact weights
> Estimate weights for calibration data
> Computing weight of trajectories
> Computing conformal set
-------- Original method --------
Eps: 0.30 | Coverage: 86.60% | Average interval length: 76.00 | Avg Original interval: 187.00-263.00 | Avg New interval: 187.00-263.00 | Quantile: 0.843 |Avg weights: 0.693| log w_hat/w: 1.056| avg_delta_w: 0.539
-------- Double quantile method --------
Eps: 0.30 | Coverage: 83.50% | Average interval length: 72.00 | Avg Original interval: 187.00-263.00 | Avg New interval: 189.00-261.00 | Quantile: -1.168 - 2.771 |Avg weights: 0.693| log w_hat/w: 1.056| avg_delta_w: 0.539
-------- Cumul  method --------
Eps: 0.30 | Coverage: 88.70% | Average interval length: 78.00 | Avg Original interval: 187.00-263.00 | Avg New interval: 188.00-266.00 | Quantile: 188.000 - 266.000 |Avg weights: 0.693| log w_hat/w: 1.056| avg_delta_w: 0.539
---------- Evaluating for epsilon = 0.35000000000000003 ----------
> Collecting test points
> Estimating exact weights
> Estimate weights for calibration data
> Computing weight of trajectories
> Computing conformal set
-------- Original method --------
Eps: 0.35 | Coverage: 89.30% | Average interval length: 76.00 | Avg Original interval: 187.00-263.00 | Avg New interval: 187.00-263.00 | Quantile: 0.830 |Avg weights: 0.913| log w_hat/w: 1.332| avg_delta_w: 0.593
-------- Double quantile method --------
Eps: 0.35 | Coverage: 86.80% | Average interval length: 72.00 | Avg Original interval: 187.00-263.00 | Avg New interval: 189.00-261.00 | Quantile: -1.548 - 2.781 |Avg weights: 0.913| log w_hat/w: 1.332| avg_delta_w: 0.593
-------- Cumul  method --------
Eps: 0.35 | Coverage: 91.10% | Average interval length: 78.00 | Avg Original interval: 187.00-263.00 | Avg New interval: 188.00-266.00 | Quantile: 188.000 - 266.000 |Avg weights: 0.913| log w_hat/w: 1.332| avg_delta_w: 0.593
---------- Evaluating for epsilon = 0.4 ----------
> Collecting test points
> Estimating exact weights
> Estimate weights for calibration data
> Computing weight of trajectories
> Computing conformal set
-------- Original method --------
Eps: 0.40 | Coverage: 89.40% | Average interval length: 76.00 | Avg Original interval: 187.00-263.00 | Avg New interval: 187.00-263.00 | Quantile: 0.830 |Avg weights: 1.000| log w_hat/w: 1.423| avg_delta_w: 0.620
-------- Double quantile method --------
Eps: 0.40 | Coverage: 86.90% | Average interval length: 72.00 | Avg Original interval: 187.00-263.00 | Avg New interval: 189.00-261.00 | Quantile: -1.171 - 2.771 |Avg weights: 1.000| log w_hat/w: 1.423| avg_delta_w: 0.620
-------- Cumul  method --------
Eps: 0.40 | Coverage: 90.50% | Average interval length: 78.00 | Avg Original interval: 187.00-263.00 | Avg New interval: 188.00-266.00 | Quantile: 188.000 - 266.000 |Avg weights: 1.000| log w_hat/w: 1.423| avg_delta_w: 0.620
---------- Evaluating for epsilon = 0.45 ----------
> Collecting test points
> Estimating exact weights
> Estimate weights for calibration data
> Computing weight of trajectories
> Computing conformal set
-------- Original method --------
Eps: 0.45 | Coverage: 89.80% | Average interval length: 76.00 | Avg Original interval: 187.00-263.00 | Avg New interval: 187.00-263.00 | Quantile: 0.830 |Avg weights: 0.925| log w_hat/w: 1.345| avg_delta_w: 0.599
-------- Double quantile method --------
Eps: 0.45 | Coverage: 87.20% | Average interval length: 72.00 | Avg Original interval: 187.00-263.00 | Avg New interval: 189.00-261.00 | Quantile: -1.536 - 2.758 |Avg weights: 0.925| log w_hat/w: 1.345| avg_delta_w: 0.599
-------- Cumul  method --------
Eps: 0.45 | Coverage: 90.30% | Average interval length: 78.00 | Avg Original interval: 187.00-263.00 | Avg New interval: 188.00-266.00 | Quantile: 188.000 - 266.000 |Avg weights: 0.925| log w_hat/w: 1.345| avg_delta_w: 0.599
---------- Evaluating for epsilon = 0.5 ----------
> Collecting test points
> Estimating exact weights
> Estimate weights for calibration data
> Computing weight of trajectories
> Computing conformal set
-------- Original method --------
Eps: 0.50 | Coverage: 89.20% | Average interval length: 76.00 | Avg Original interval: 187.00-263.00 | Avg New interval: 187.00-263.00 | Quantile: 0.292 |Avg weights: 0.705| log w_hat/w: 1.074| avg_delta_w: 0.544
-------- Double quantile method --------
Eps: 0.50 | Coverage: 87.10% | Average interval length: 72.00 | Avg Original interval: 187.00-263.00 | Avg New interval: 189.00-261.00 | Quantile: -1.833 - 2.291 |Avg weights: 0.705| log w_hat/w: 1.074| avg_delta_w: 0.544
-------- Cumul  method --------
Eps: 0.50 | Coverage: 88.80% | Average interval length: 76.00 | Avg Original interval: 187.00-263.00 | Avg New interval: 189.00-265.00 | Quantile: 189.000 - 265.000 |Avg weights: 0.705| log w_hat/w: 1.074| avg_delta_w: 0.544
---------- Evaluating for epsilon = 0.55 ----------
> Collecting test points
> Estimating exact weights
> Estimate weights for calibration data
> Computing weight of trajectories
> Computing conformal set
-------- Original method --------
Eps: 0.55 | Coverage: 88.10% | Average interval length: 78.00 | Avg Original interval: 187.00-263.00 | Avg New interval: 186.00-264.00 | Quantile: 1.667 |Avg weights: 0.459| log w_hat/w: 0.642| avg_delta_w: 0.488
-------- Double quantile method --------
Eps: 0.55 | Coverage: 86.20% | Average interval length: 74.00 | Avg Original interval: 187.00-263.00 | Avg New interval: 188.00-262.00 | Quantile: -0.758 - 3.291 |Avg weights: 0.459| log w_hat/w: 0.642| avg_delta_w: 0.488
-------- Cumul  method --------
Eps: 0.55 | Coverage: 88.10% | Average interval length: 79.00 | Avg Original interval: 187.00-263.00 | Avg New interval: 187.00-266.00 | Quantile: 187.000 - 266.000 |Avg weights: 0.459| log w_hat/w: 0.642| avg_delta_w: 0.488
---------- Evaluating for epsilon = 0.6000000000000001 ----------
> Collecting test points
> Estimating exact weights
> Estimate weights for calibration data
> Computing weight of trajectories
> Computing conformal set
-------- Original method --------
Eps: 0.60 | Coverage: 86.00% | Average interval length: 78.00 | Avg Original interval: 187.00-263.00 | Avg New interval: 186.00-264.00 | Quantile: 1.257 |Avg weights: 0.267| log w_hat/w: 0.100| avg_delta_w: 0.474
-------- Double quantile method --------
Eps: 0.60 | Coverage: 82.50% | Average interval length: 72.00 | Avg Original interval: 187.00-263.00 | Avg New interval: 189.00-261.00 | Quantile: -1.164 - 3.021 |Avg weights: 0.267| log w_hat/w: 0.100| avg_delta_w: 0.474
-------- Cumul  method --------
Eps: 0.60 | Coverage: 84.30% | Average interval length: 78.00 | Avg Original interval: 187.00-263.00 | Avg New interval: 188.00-266.00 | Quantile: 188.000 - 266.000 |Avg weights: 0.267| log w_hat/w: 0.100| avg_delta_w: 0.474
---------- Evaluating for epsilon = 0.65 ----------
> Collecting test points
> Estimating exact weights
> Estimate weights for calibration data
> Computing weight of trajectories
> Computing conformal set
-------- Original method --------
Eps: 0.65 | Coverage: 79.50% | Average interval length: 78.00 | Avg Original interval: 187.00-263.00 | Avg New interval: 186.00-264.00 | Quantile: 1.553 |Avg weights: 0.119| log w_hat/w: -0.708| avg_delta_w: 0.479
-------- Double quantile method --------
Eps: 0.65 | Coverage: 77.00% | Average interval length: 74.00 | Avg Original interval: 187.00-263.00 | Avg New interval: 188.00-262.00 | Quantile: -0.932 - 3.292 |Avg weights: 0.119| log w_hat/w: -0.708| avg_delta_w: 0.479
-------- Cumul  method --------
Eps: 0.65 | Coverage: 77.10% | Average interval length: 78.00 | Avg Original interval: 187.00-263.00 | Avg New interval: 188.00-266.00 | Quantile: 188.000 - 266.000 |Avg weights: 0.119| log w_hat/w: -0.708| avg_delta_w: 0.479
---------- Evaluating for epsilon = 0.7000000000000001 ----------
> Collecting test points
> Estimating exact weights
> Estimate weights for calibration data
> Computing weight of trajectories
> Computing conformal set
-------- Original method --------
Eps: 0.70 | Coverage: 72.40% | Average interval length: 76.00 | Avg Original interval: 187.00-263.00 | Avg New interval: 187.00-263.00 | Quantile: 0.832 |Avg weights: 0.045| log w_hat/w: -1.682| avg_delta_w: 0.497
-------- Double quantile method --------
Eps: 0.70 | Coverage: 69.90% | Average interval length: 72.00 | Avg Original interval: 187.00-263.00 | Avg New interval: 189.00-261.00 | Quantile: -2.138 - 3.021 |Avg weights: 0.045| log w_hat/w: -1.682| avg_delta_w: 0.497
-------- Cumul  method --------
Eps: 0.70 | Coverage: 71.20% | Average interval length: 78.00 | Avg Original interval: 187.00-263.00 | Avg New interval: 188.00-266.00 | Quantile: 188.000 - 266.000 |Avg weights: 0.045| log w_hat/w: -1.682| avg_delta_w: 0.497
---------- Evaluating for epsilon = 0.75 ----------
> Collecting test points
> Estimating exact weights
> Estimate weights for calibration data
> Computing weight of trajectories
> Computing conformal set
-------- Original method --------
Eps: 0.75 | Coverage: 66.30% | Average interval length: 76.00 | Avg Original interval: 187.00-263.00 | Avg New interval: 187.00-263.00 | Quantile: 0.291 |Avg weights: 0.015| log w_hat/w: -2.799| avg_delta_w: 0.509
-------- Double quantile method --------
Eps: 0.75 | Coverage: 61.30% | Average interval length: 70.00 | Avg Original interval: 187.00-263.00 | Avg New interval: 190.00-260.00 | Quantile: -2.911 - 2.657 |Avg weights: 0.015| log w_hat/w: -2.799| avg_delta_w: 0.509
-------- Cumul  method --------
Eps: 0.75 | Coverage: 63.50% | Average interval length: 77.00 | Avg Original interval: 187.00-263.00 | Avg New interval: 189.00-266.00 | Quantile: 189.000 - 266.000 |Avg weights: 0.015| log w_hat/w: -2.799| avg_delta_w: 0.509
---------- Evaluating for epsilon = 0.8 ----------
> Collecting test points
> Estimating exact weights
> Estimate weights for calibration data
> Computing weight of trajectories
> Computing conformal set
-------- Original method --------
Eps: 0.80 | Coverage: 60.60% | Average interval length: 74.00 | Avg Original interval: 187.00-263.00 | Avg New interval: 188.00-262.00 | Quantile: 1.441 |Avg weights: 0.004| log w_hat/w: -4.228| avg_delta_w: 0.515
-------- Double quantile method --------
Eps: 0.80 | Coverage: 55.30% | Average interval length: 335.00 | Avg Original interval: 187.00-263.00 | Avg New interval: 191.00-526.00 | Quantile: inf - inf |Avg weights: 0.004| log w_hat/w: -4.228| avg_delta_w: 0.515
-------- Cumul  method --------
Eps: 0.80 | Coverage: 56.90% | Average interval length: 336.00 | Avg Original interval: 187.00-263.00 | Avg New interval: 190.00-526.00 | Quantile: 190.044 - inf |Avg weights: 0.004| log w_hat/w: -4.228| avg_delta_w: 0.515
---------- Evaluating for epsilon = 0.8500000000000001 ----------
> Collecting test points
> Estimating exact weights
> Estimate weights for calibration data
> Computing weight of trajectories
> Computing conformal set
-------- Original method --------
Eps: 0.85 | Coverage: 51.90% | Average interval length: 74.00 | Avg Original interval: 187.00-263.00 | Avg New interval: 188.00-262.00 | Quantile: 0.204 |Avg weights: 0.000| log w_hat/w: -6.262| avg_delta_w: 0.516
-------- Double quantile method --------
Eps: 0.85 | Coverage: 47.80% | Average interval length: 70.00 | Avg Original interval: 187.00-263.00 | Avg New interval: 190.00-260.00 | Quantile: -1.756 - 2.692 |Avg weights: 0.000| log w_hat/w: -6.262| avg_delta_w: 0.516
-------- Cumul  method --------
Eps: 0.85 | Coverage: 49.80% | Average interval length: 76.00 | Avg Original interval: 187.00-263.00 | Avg New interval: 189.00-265.00 | Quantile: 189.000 - 265.455 |Avg weights: 0.000| log w_hat/w: -6.262| avg_delta_w: 0.516
---------- Evaluating for epsilon = 0.9 ----------
> Collecting test points
> Estimating exact weights
> Estimate weights for calibration data
> Computing weight of trajectories
> Computing conformal set
-------- Original method --------
Eps: 0.90 | Coverage: 49.90% | Average interval length: 76.00 | Avg Original interval: 187.00-263.00 | Avg New interval: 187.00-263.00 | Quantile: 0.816 |Avg weights: 0.000| log w_hat/w: -8.718| avg_delta_w: 0.517
-------- Double quantile method --------
Eps: 0.90 | Coverage: 43.20% | Average interval length: 68.00 | Avg Original interval: 187.00-263.00 | Avg New interval: 191.00-259.00 | Quantile: 4.235 - -2.734 |Avg weights: 0.000| log w_hat/w: -8.718| avg_delta_w: 0.517
-------- Cumul  method --------
Eps: 0.90 | Coverage: 55.40% | Average interval length: 77.00 | Avg Original interval: 187.00-263.00 | Avg New interval: 183.00-260.00 | Quantile: 183.000 - 260.557 |Avg weights: 0.000| log w_hat/w: -8.718| avg_delta_w: 0.517
---------- Evaluating for epsilon = 0.9500000000000001 ----------
> Collecting test points
> Estimating exact weights
> Estimate weights for calibration data
> Computing weight of trajectories
> Computing conformal set
-------- Original method --------
Eps: 0.95 | Coverage: 41.20% | Average interval length: 78.00 | Avg Original interval: 187.00-263.00 | Avg New interval: 186.00-264.00 | Quantile: 1.545 |Avg weights: 0.000| log w_hat/w: -12.180| avg_delta_w: 0.517
-------- Double quantile method --------
Eps: 0.95 | Coverage: 36.70% | Average interval length: 72.00 | Avg Original interval: 187.00-263.00 | Avg New interval: 189.00-261.00 | Quantile: -1.146 - 3.644 |Avg weights: 0.000| log w_hat/w: -12.180| avg_delta_w: 0.517
-------- Cumul  method --------
Eps: 0.95 | Coverage: 38.70% | Average interval length: 78.00 | Avg Original interval: 187.00-263.00 | Avg New interval: 188.00-266.00 | Quantile: 188.000 - 266.000 |Avg weights: 0.000| log w_hat/w: -12.180| avg_delta_w: 0.517
---------- Evaluating for epsilon = 1.0 ----------
> Collecting test points
> Estimating exact weights
> Estimate weights for calibration data
> Computing weight of trajectories
> Computing conformal set
-------- Original method --------
Eps: 1.00 | Coverage: 33.70% | Average interval length: 80.00 | Avg Original interval: 187.00-263.00 | Avg New interval: 185.00-265.00 | Quantile: 2.829 |Avg weights: 0.000| log w_hat/w: -16.176| avg_delta_w: 0.517
-------- Double quantile method --------
Eps: 1.00 | Coverage: 33.70% | Average interval length: 80.00 | Avg Original interval: 187.00-263.00 | Avg New interval: 185.00-265.00 | Quantile: 2.862 - 2.801 |Avg weights: 0.000| log w_hat/w: -16.176| avg_delta_w: 0.517
-------- Cumul  method --------
Eps: 1.00 | Coverage: 35.90% | Average interval length: 82.00 | Avg Original interval: 187.00-263.00 | Avg New interval: 184.00-266.00 | Quantile: 184.000 - 266.000 |Avg weights: 0.000| log w_hat/w: -16.176| avg_delta_w: 0.517
> Loading/collecting data
> Training/loading quantile networks
---------- Evaluating for epsilon = 0.0 ----------
> Collecting test points
> Estimating exact weights
> Estimate weights for calibration data
> Computing weight of trajectories
> Computing conformal set
-------- Original method --------
Eps: 0.00 | Coverage: 44.30% | Average interval length: 76.00 | Avg Original interval: 187.00-263.00 | Avg New interval: 187.00-263.00 | Quantile: 0.830 |Avg weights: 0.000| log w_hat/w: -16.997| avg_delta_w: 0.517
-------- Double quantile method --------
Eps: 0.00 | Coverage: 44.30% | Average interval length: 72.00 | Avg Original interval: 187.00-263.00 | Avg New interval: 189.00-261.00 | Quantile: -1.301 - 2.771 |Avg weights: 0.000| log w_hat/w: -16.997| avg_delta_w: 0.517
-------- Cumul  method --------
Eps: 0.00 | Coverage: 52.70% | Average interval length: 78.00 | Avg Original interval: 187.00-263.00 | Avg New interval: 188.00-266.00 | Quantile: 188.000 - 266.000 |Avg weights: 0.000| log w_hat/w: -16.997| avg_delta_w: 0.517
---------- Evaluating for epsilon = 0.05 ----------
> Collecting test points
> Estimating exact weights
> Estimate weights for calibration data
> Computing weight of trajectories
> Computing conformal set
-------- Original method --------
Eps: 0.05 | Coverage: 60.00% | Average interval length: 82.00 | Avg Original interval: 187.00-263.00 | Avg New interval: 184.00-266.00 | Quantile: 3.449 |Avg weights: 0.000| log w_hat/w: -8.355| avg_delta_w: 0.517
-------- Double quantile method --------
Eps: 0.05 | Coverage: 59.40% | Average interval length: 80.00 | Avg Original interval: 187.00-263.00 | Avg New interval: 185.00-265.00 | Quantile: 2.141 - 4.692 |Avg weights: 0.000| log w_hat/w: -8.355| avg_delta_w: 0.517
-------- Cumul  method --------
Eps: 0.05 | Coverage: 62.70% | Average interval length: 83.00 | Avg Original interval: 187.00-263.00 | Avg New interval: 185.00-268.00 | Quantile: 185.000 - 268.095 |Avg weights: 0.000| log w_hat/w: -8.355| avg_delta_w: 0.517
---------- Evaluating for epsilon = 0.1 ----------
> Collecting test points
> Estimating exact weights
> Estimate weights for calibration data
> Computing weight of trajectories
> Computing conformal set
-------- Original method --------
Eps: 0.10 | Coverage: 65.40% | Average interval length: 76.00 | Avg Original interval: 187.00-263.00 | Avg New interval: 187.00-263.00 | Quantile: 0.335 |Avg weights: 0.004| log w_hat/w: -4.090| avg_delta_w: 0.515
-------- Double quantile method --------
Eps: 0.10 | Coverage: 53.20% | Average interval length: 64.00 | Avg Original interval: 187.00-263.00 | Avg New interval: 193.00-257.00 | Quantile: -5.339 - 4.609 |Avg weights: 0.004| log w_hat/w: -4.090| avg_delta_w: 0.515
-------- Cumul  method --------
Eps: 0.10 | Coverage: 74.00% | Average interval length: 75.00 | Avg Original interval: 187.00-263.00 | Avg New interval: 192.00-267.00 | Quantile: 192.000 - 267.000 |Avg weights: 0.004| log w_hat/w: -4.090| avg_delta_w: 0.515
---------- Evaluating for epsilon = 0.15000000000000002 ----------
> Collecting test points
> Estimating exact weights
> Estimate weights for calibration data
> Computing weight of trajectories
> Computing conformal set
-------- Original method --------
Eps: 0.15 | Coverage: 76.70% | Average interval length: 80.00 | Avg Original interval: 187.00-263.00 | Avg New interval: 185.00-265.00 | Quantile: 2.091 |Avg weights: 0.038| log w_hat/w: -1.851| avg_delta_w: 0.500
-------- Double quantile method --------
Eps: 0.15 | Coverage: 76.70% | Average interval length: 80.00 | Avg Original interval: 187.00-263.00 | Avg New interval: 185.00-265.00 | Quantile: 2.064 - 2.460 |Avg weights: 0.038| log w_hat/w: -1.851| avg_delta_w: 0.500
-------- Cumul  method --------
Eps: 0.15 | Coverage: 76.70% | Average interval length: 80.00 | Avg Original interval: 187.00-263.00 | Avg New interval: 185.00-265.00 | Quantile: 185.000 - 265.882 |Avg weights: 0.038| log w_hat/w: -1.851| avg_delta_w: 0.500
---------- Evaluating for epsilon = 0.2 ----------
> Collecting test points
> Estimating exact weights
> Estimate weights for calibration data
> Computing weight of trajectories
> Computing conformal set
-------- Original method --------
Eps: 0.20 | Coverage: 81.20% | Average interval length: 78.00 | Avg Original interval: 187.00-263.00 | Avg New interval: 186.00-264.00 | Quantile: 1.291 |Avg weights: 0.174| log w_hat/w: -0.330| avg_delta_w: 0.475
-------- Double quantile method --------
Eps: 0.20 | Coverage: 80.50% | Average interval length: 76.00 | Avg Original interval: 187.00-263.00 | Avg New interval: 187.00-263.00 | Quantile: -0.027 - 1.980 |Avg weights: 0.174| log w_hat/w: -0.330| avg_delta_w: 0.475
-------- Cumul  method --------
Eps: 0.20 | Coverage: 83.70% | Average interval length: 78.00 | Avg Original interval: 187.00-263.00 | Avg New interval: 187.00-265.00 | Quantile: 187.000 - 265.000 |Avg weights: 0.174| log w_hat/w: -0.330| avg_delta_w: 0.475
---------- Evaluating for epsilon = 0.25 ----------
> Collecting test points
> Estimating exact weights
> Estimate weights for calibration data
> Computing weight of trajectories
> Computing conformal set
-------- Original method --------
Eps: 0.25 | Coverage: 83.60% | Average interval length: 76.00 | Avg Original interval: 187.00-263.00 | Avg New interval: 187.00-263.00 | Quantile: 0.515 |Avg weights: 0.396| log w_hat/w: 0.496| avg_delta_w: 0.482
-------- Double quantile method --------
Eps: 0.25 | Coverage: 81.30% | Average interval length: 72.00 | Avg Original interval: 187.00-263.00 | Avg New interval: 189.00-261.00 | Quantile: -1.924 - 2.421 |Avg weights: 0.396| log w_hat/w: 0.496| avg_delta_w: 0.482
-------- Cumul  method --------
Eps: 0.25 | Coverage: 86.20% | Average interval length: 77.00 | Avg Original interval: 187.00-263.00 | Avg New interval: 189.00-266.00 | Quantile: 189.000 - 266.000 |Avg weights: 0.396| log w_hat/w: 0.496| avg_delta_w: 0.482
---------- Evaluating for epsilon = 0.30000000000000004 ----------
> Collecting test points
> Estimating exact weights
> Estimate weights for calibration data
> Computing weight of trajectories
> Computing conformal set
-------- Original method --------
Eps: 0.30 | Coverage: 89.40% | Average interval length: 78.00 | Avg Original interval: 187.00-263.00 | Avg New interval: 186.00-264.00 | Quantile: 1.190 |Avg weights: 0.699| log w_hat/w: 1.064| avg_delta_w: 0.536
-------- Double quantile method --------
Eps: 0.30 | Coverage: 86.20% | Average interval length: 72.00 | Avg Original interval: 187.00-263.00 | Avg New interval: 189.00-261.00 | Quantile: -1.542 - 3.292 |Avg weights: 0.699| log w_hat/w: 1.064| avg_delta_w: 0.536
-------- Cumul  method --------
Eps: 0.30 | Coverage: 90.80% | Average interval length: 78.00 | Avg Original interval: 187.00-263.00 | Avg New interval: 188.00-266.00 | Quantile: 188.000 - 266.000 |Avg weights: 0.699| log w_hat/w: 1.064| avg_delta_w: 0.536
---------- Evaluating for epsilon = 0.35000000000000003 ----------
> Collecting test points
> Estimating exact weights
> Estimate weights for calibration data
> Computing weight of trajectories
> Computing conformal set
-------- Original method --------
Eps: 0.35 | Coverage: 88.90% | Average interval length: 76.00 | Avg Original interval: 187.00-263.00 | Avg New interval: 187.00-263.00 | Quantile: 0.756 |Avg weights: 0.914| log w_hat/w: 1.333| avg_delta_w: 0.596
-------- Double quantile method --------
Eps: 0.35 | Coverage: 87.20% | Average interval length: 72.00 | Avg Original interval: 187.00-263.00 | Avg New interval: 189.00-261.00 | Quantile: -1.822 - 2.658 |Avg weights: 0.914| log w_hat/w: 1.333| avg_delta_w: 0.596
-------- Cumul  method --------
Eps: 0.35 | Coverage: 90.60% | Average interval length: 77.00 | Avg Original interval: 187.00-263.00 | Avg New interval: 189.00-266.00 | Quantile: 189.000 - 266.000 |Avg weights: 0.914| log w_hat/w: 1.333| avg_delta_w: 0.596
---------- Evaluating for epsilon = 0.4 ----------
> Collecting test points
> Estimating exact weights
> Estimate weights for calibration data
> Computing weight of trajectories
> Computing conformal set
-------- Original method --------
Eps: 0.40 | Coverage: 90.10% | Average interval length: 76.00 | Avg Original interval: 187.00-263.00 | Avg New interval: 187.00-263.00 | Quantile: 0.830 |Avg weights: 1.000| log w_hat/w: 1.423| avg_delta_w: 0.620
-------- Double quantile method --------
Eps: 0.40 | Coverage: 88.50% | Average interval length: 72.00 | Avg Original interval: 187.00-263.00 | Avg New interval: 189.00-261.00 | Quantile: -1.171 - 2.771 |Avg weights: 1.000| log w_hat/w: 1.423| avg_delta_w: 0.620
-------- Cumul  method --------
Eps: 0.40 | Coverage: 91.70% | Average interval length: 78.00 | Avg Original interval: 187.00-263.00 | Avg New interval: 188.00-266.00 | Quantile: 188.000 - 266.000 |Avg weights: 1.000| log w_hat/w: 1.423| avg_delta_w: 0.620
---------- Evaluating for epsilon = 0.45 ----------
> Collecting test points
> Estimating exact weights
> Estimate weights for calibration data
> Computing weight of trajectories
> Computing conformal set
-------- Original method --------
Eps: 0.45 | Coverage: 89.70% | Average interval length: 76.00 | Avg Original interval: 187.00-263.00 | Avg New interval: 187.00-263.00 | Quantile: 0.832 |Avg weights: 0.923| log w_hat/w: 1.343| avg_delta_w: 0.596
-------- Double quantile method --------
Eps: 0.45 | Coverage: 88.20% | Average interval length: 72.00 | Avg Original interval: 187.00-263.00 | Avg New interval: 189.00-261.00 | Quantile: -1.171 - 2.771 |Avg weights: 0.923| log w_hat/w: 1.343| avg_delta_w: 0.596
-------- Cumul  method --------
Eps: 0.45 | Coverage: 90.60% | Average interval length: 78.00 | Avg Original interval: 187.00-263.00 | Avg New interval: 188.00-266.00 | Quantile: 188.000 - 266.000 |Avg weights: 0.923| log w_hat/w: 1.343| avg_delta_w: 0.596
---------- Evaluating for epsilon = 0.5 ----------
> Collecting test points
> Estimating exact weights
> Estimate weights for calibration data
> Computing weight of trajectories
> Computing conformal set
-------- Original method --------
Eps: 0.50 | Coverage: 89.60% | Average interval length: 76.00 | Avg Original interval: 187.00-263.00 | Avg New interval: 187.00-263.00 | Quantile: 0.830 |Avg weights: 0.729| log w_hat/w: 1.106| avg_delta_w: 0.548
-------- Double quantile method --------
Eps: 0.50 | Coverage: 87.60% | Average interval length: 72.00 | Avg Original interval: 187.00-263.00 | Avg New interval: 189.00-261.00 | Quantile: -1.366 - 2.738 |Avg weights: 0.729| log w_hat/w: 1.106| avg_delta_w: 0.548
-------- Cumul  method --------
Eps: 0.50 | Coverage: 90.10% | Average interval length: 78.00 | Avg Original interval: 187.00-263.00 | Avg New interval: 188.00-266.00 | Quantile: 188.000 - 266.000 |Avg weights: 0.729| log w_hat/w: 1.106| avg_delta_w: 0.548
---------- Evaluating for epsilon = 0.55 ----------
> Collecting test points
> Estimating exact weights
> Estimate weights for calibration data
> Computing weight of trajectories
> Computing conformal set
-------- Original method --------
Eps: 0.55 | Coverage: 87.10% | Average interval length: 78.00 | Avg Original interval: 187.00-263.00 | Avg New interval: 186.00-264.00 | Quantile: 1.386 |Avg weights: 0.462| log w_hat/w: 0.650| avg_delta_w: 0.491
-------- Double quantile method --------
Eps: 0.55 | Coverage: 83.50% | Average interval length: 72.00 | Avg Original interval: 187.00-263.00 | Avg New interval: 189.00-261.00 | Quantile: -1.101 - 3.400 |Avg weights: 0.462| log w_hat/w: 0.650| avg_delta_w: 0.491
-------- Cumul  method --------
Eps: 0.55 | Coverage: 85.50% | Average interval length: 78.00 | Avg Original interval: 187.00-263.00 | Avg New interval: 188.00-266.00 | Quantile: 188.000 - 266.261 |Avg weights: 0.462| log w_hat/w: 0.650| avg_delta_w: 0.491
---------- Evaluating for epsilon = 0.6000000000000001 ----------
> Collecting test points
> Estimating exact weights
> Estimate weights for calibration data
> Computing weight of trajectories
> Computing conformal set
-------- Original method --------
Eps: 0.60 | Coverage: 81.10% | Average interval length: 76.00 | Avg Original interval: 187.00-263.00 | Avg New interval: 187.00-263.00 | Quantile: 0.448 |Avg weights: 0.240| log w_hat/w: -0.004| avg_delta_w: 0.471
-------- Double quantile method --------
Eps: 0.60 | Coverage: 78.90% | Average interval length: 72.00 | Avg Original interval: 187.00-263.00 | Avg New interval: 189.00-261.00 | Quantile: -1.928 - 2.291 |Avg weights: 0.240| log w_hat/w: -0.004| avg_delta_w: 0.471
-------- Cumul  method --------
Eps: 0.60 | Coverage: 79.30% | Average interval length: 76.00 | Avg Original interval: 187.00-263.00 | Avg New interval: 189.00-265.00 | Quantile: 189.000 - 265.000 |Avg weights: 0.240| log w_hat/w: -0.004| avg_delta_w: 0.471
---------- Evaluating for epsilon = 0.65 ----------
> Collecting test points
> Estimating exact weights
> Estimate weights for calibration data
> Computing weight of trajectories
> Computing conformal set
-------- Original method --------
Eps: 0.65 | Coverage: 80.50% | Average interval length: 78.00 | Avg Original interval: 187.00-263.00 | Avg New interval: 186.00-264.00 | Quantile: 1.580 |Avg weights: 0.106| log w_hat/w: -0.821| avg_delta_w: 0.481
-------- Double quantile method --------
Eps: 0.65 | Coverage: 77.10% | Average interval length: 72.00 | Avg Original interval: 187.00-263.00 | Avg New interval: 189.00-261.00 | Quantile: -1.305 - 3.658 |Avg weights: 0.106| log w_hat/w: -0.821| avg_delta_w: 0.481
-------- Cumul  method --------
Eps: 0.65 | Coverage: 78.70% | Average interval length: 79.00 | Avg Original interval: 187.00-263.00 | Avg New interval: 188.00-267.00 | Quantile: 188.000 - 266.986 |Avg weights: 0.106| log w_hat/w: -0.821| avg_delta_w: 0.481
---------- Evaluating for epsilon = 0.7000000000000001 ----------
> Collecting test points
> Estimating exact weights
> Estimate weights for calibration data
> Computing weight of trajectories
> Computing conformal set
-------- Original method --------
Eps: 0.70 | Coverage: 74.70% | Average interval length: 78.00 | Avg Original interval: 187.00-263.00 | Avg New interval: 186.00-264.00 | Quantile: 1.292 |Avg weights: 0.047| log w_hat/w: -1.639| avg_delta_w: 0.496
-------- Double quantile method --------
Eps: 0.70 | Coverage: 66.80% | Average interval length: 68.00 | Avg Original interval: 187.00-263.00 | Avg New interval: 191.00-259.00 | Quantile: -3.168 - 3.863 |Avg weights: 0.047| log w_hat/w: -1.639| avg_delta_w: 0.496
-------- Cumul  method --------
Eps: 0.70 | Coverage: 69.10% | Average interval length: 77.00 | Avg Original interval: 187.00-263.00 | Avg New interval: 190.00-267.00 | Quantile: 190.000 - 267.000 |Avg weights: 0.047| log w_hat/w: -1.639| avg_delta_w: 0.496
---------- Evaluating for epsilon = 0.75 ----------
> Collecting test points
> Estimating exact weights
> Estimate weights for calibration data
> Computing weight of trajectories
> Computing conformal set
-------- Original method --------
Eps: 0.75 | Coverage: 67.50% | Average interval length: 78.00 | Avg Original interval: 187.00-263.00 | Avg New interval: 186.00-264.00 | Quantile: 1.980 |Avg weights: 0.016| log w_hat/w: -2.714| avg_delta_w: 0.509
-------- Double quantile method --------
Eps: 0.75 | Coverage: 65.40% | Average interval length: 74.00 | Avg Original interval: 187.00-263.00 | Avg New interval: 188.00-262.00 | Quantile: -0.171 - 3.579 |Avg weights: 0.016| log w_hat/w: -2.714| avg_delta_w: 0.509
-------- Cumul  method --------
Eps: 0.75 | Coverage: 66.50% | Average interval length: 79.00 | Avg Original interval: 187.00-263.00 | Avg New interval: 187.00-266.00 | Quantile: 187.000 - 266.000 |Avg weights: 0.016| log w_hat/w: -2.714| avg_delta_w: 0.509
---------- Evaluating for epsilon = 0.8 ----------
> Collecting test points
> Estimating exact weights
> Estimate weights for calibration data
> Computing weight of trajectories
> Computing conformal set
-------- Original method --------
Eps: 0.80 | Coverage: 60.00% | Average interval length: 78.00 | Avg Original interval: 187.00-263.00 | Avg New interval: 186.00-264.00 | Quantile: 1.199 |Avg weights: 0.004| log w_hat/w: -4.219| avg_delta_w: 0.515
-------- Double quantile method --------
Eps: 0.80 | Coverage: 52.80% | Average interval length: 70.00 | Avg Original interval: 187.00-263.00 | Avg New interval: 190.00-260.00 | Quantile: -2.911 - 3.657 |Avg weights: 0.004| log w_hat/w: -4.219| avg_delta_w: 0.515
-------- Cumul  method --------
Eps: 0.80 | Coverage: 52.80% | Average interval length: 76.00 | Avg Original interval: 187.00-263.00 | Avg New interval: 190.00-266.00 | Quantile: 190.000 - 266.000 |Avg weights: 0.004| log w_hat/w: -4.219| avg_delta_w: 0.515
---------- Evaluating for epsilon = 0.8500000000000001 ----------
> Collecting test points
> Estimating exact weights
> Estimate weights for calibration data
> Computing weight of trajectories
> Computing conformal set
