Horizon chosen 5 - Seed: 10000 - Method: gradient - Runs: [6, 7, 8, 9, 10, 11]
Starting with horizon: 5
> Loading/collecting data
> Training/loading quantile networks
---------- Evaluating for epsilon = 0.0 ----------
> Collecting test points
> Estimating exact weights
> Estimate weights for calibration data
> Computing weight of trajectories
> Computing conformal set
-------- Original method --------
Eps: 0.00 | Coverage: 70.30% | Average interval length: 35.00 | Avg Original interval: 38.00-75.00 | Avg New interval: 39.00-74.00 | Quantile: -0.082 |Avg weights: 0.000| log w_hat/w: -17.915| avg_delta_w: 0.546
-------- Double quantile method --------
Eps: 0.00 | Coverage: 70.30% | Average interval length: 37.00 | Avg Original interval: 38.00-75.00 | Avg New interval: 37.00-74.00 | Quantile: 1.262 - -0.183 |Avg weights: 0.000| log w_hat/w: -17.915| avg_delta_w: 0.546
-------- Cumul  method --------
Eps: 0.00 | Coverage: 99.10% | Average interval length: 38.00 | Avg Original interval: 38.00-75.00 | Avg New interval: 37.00-75.00 | Quantile: 37.000 - 75.000 |Avg weights: 0.000| log w_hat/w: -17.915| avg_delta_w: 0.546
---------- Evaluating for epsilon = 0.05 ----------
> Collecting test points
> Estimating exact weights
> Estimate weights for calibration data
> Computing weight of trajectories
> Computing conformal set
-------- Original method --------
Eps: 0.05 | Coverage: 71.80% | Average interval length: 35.00 | Avg Original interval: 38.00-75.00 | Avg New interval: 39.00-74.00 | Quantile: -0.082 |Avg weights: 0.082| log w_hat/w: -2.135| avg_delta_w: 0.505
-------- Double quantile method --------
Eps: 0.05 | Coverage: 71.90% | Average interval length: 36.00 | Avg Original interval: 38.00-75.00 | Avg New interval: 38.00-74.00 | Quantile: 0.603 - -0.151 |Avg weights: 0.082| log w_hat/w: -2.135| avg_delta_w: 0.505
-------- Cumul  method --------
Eps: 0.05 | Coverage: 98.00% | Average interval length: 37.00 | Avg Original interval: 38.00-75.00 | Avg New interval: 38.00-75.00 | Quantile: 38.000 - 75.000 |Avg weights: 0.082| log w_hat/w: -2.135| avg_delta_w: 0.505
---------- Evaluating for epsilon = 0.1 ----------
> Collecting test points
> Estimating exact weights
> Estimate weights for calibration data
> Computing weight of trajectories
> Computing conformal set
-------- Original method --------
Eps: 0.10 | Coverage: 75.70% | Average interval length: 35.00 | Avg Original interval: 38.00-75.00 | Avg New interval: 39.00-74.00 | Quantile: -0.082 |Avg weights: 0.308| log w_hat/w: -0.813| avg_delta_w: 0.410
-------- Double quantile method --------
Eps: 0.10 | Coverage: 76.10% | Average interval length: 37.00 | Avg Original interval: 38.00-75.00 | Avg New interval: 37.00-74.00 | Quantile: 1.756 - -0.183 |Avg weights: 0.308| log w_hat/w: -0.813| avg_delta_w: 0.410
-------- Cumul  method --------
Eps: 0.10 | Coverage: 96.70% | Average interval length: 38.00 | Avg Original interval: 38.00-75.00 | Avg New interval: 37.00-75.00 | Quantile: 37.000 - 75.000 |Avg weights: 0.308| log w_hat/w: -0.813| avg_delta_w: 0.410
---------- Evaluating for epsilon = 0.15000000000000002 ----------
> Collecting test points
> Estimating exact weights
> Estimate weights for calibration data
> Computing weight of trajectories
> Computing conformal set
-------- Original method --------
Eps: 0.15 | Coverage: 81.40% | Average interval length: 35.00 | Avg Original interval: 38.00-75.00 | Avg New interval: 39.00-74.00 | Quantile: -0.082 |Avg weights: 0.509| log w_hat/w: -0.309| avg_delta_w: 0.363
-------- Double quantile method --------
Eps: 0.15 | Coverage: 81.70% | Average interval length: 36.00 | Avg Original interval: 38.00-75.00 | Avg New interval: 38.00-74.00 | Quantile: 0.854 - -0.182 |Avg weights: 0.509| log w_hat/w: -0.309| avg_delta_w: 0.363
-------- Cumul  method --------
Eps: 0.15 | Coverage: 96.80% | Average interval length: 37.00 | Avg Original interval: 38.00-75.00 | Avg New interval: 38.00-75.00 | Quantile: 38.000 - 75.000 |Avg weights: 0.509| log w_hat/w: -0.309| avg_delta_w: 0.363
---------- Evaluating for epsilon = 0.2 ----------
> Collecting test points
> Estimating exact weights
> Estimate weights for calibration data
> Computing weight of trajectories
> Computing conformal set
-------- Original method --------
Eps: 0.20 | Coverage: 84.00% | Average interval length: 35.00 | Avg Original interval: 38.00-75.00 | Avg New interval: 39.00-74.00 | Quantile: -0.082 |Avg weights: 0.677| log w_hat/w: -0.024| avg_delta_w: 0.356
-------- Double quantile method --------
Eps: 0.20 | Coverage: 84.20% | Average interval length: 36.00 | Avg Original interval: 38.00-75.00 | Avg New interval: 38.00-74.00 | Quantile: 0.756 - -0.144 |Avg weights: 0.677| log w_hat/w: -0.024| avg_delta_w: 0.356
-------- Cumul  method --------
Eps: 0.20 | Coverage: 95.60% | Average interval length: 37.00 | Avg Original interval: 38.00-75.00 | Avg New interval: 38.00-75.00 | Quantile: 38.000 - 75.000 |Avg weights: 0.677| log w_hat/w: -0.024| avg_delta_w: 0.356
---------- Evaluating for epsilon = 0.25 ----------
> Collecting test points
> Estimating exact weights
> Estimate weights for calibration data
> Computing weight of trajectories
> Computing conformal set
-------- Original method --------
Eps: 0.25 | Coverage: 87.10% | Average interval length: 35.00 | Avg Original interval: 38.00-75.00 | Avg New interval: 39.00-74.00 | Quantile: -0.082 |Avg weights: 0.819| log w_hat/w: 0.167| avg_delta_w: 0.369
-------- Double quantile method --------
Eps: 0.25 | Coverage: 87.60% | Average interval length: 37.00 | Avg Original interval: 38.00-75.00 | Avg New interval: 37.00-74.00 | Quantile: 1.290 - -0.183 |Avg weights: 0.819| log w_hat/w: 0.167| avg_delta_w: 0.369
-------- Cumul  method --------
Eps: 0.25 | Coverage: 95.90% | Average interval length: 38.00 | Avg Original interval: 38.00-75.00 | Avg New interval: 37.00-75.00 | Quantile: 37.000 - 75.000 |Avg weights: 0.819| log w_hat/w: 0.167| avg_delta_w: 0.369
---------- Evaluating for epsilon = 0.30000000000000004 ----------
> Collecting test points
> Estimating exact weights
> Estimate weights for calibration data
> Computing weight of trajectories
> Computing conformal set
-------- Original method --------
Eps: 0.30 | Coverage: 87.20% | Average interval length: 35.00 | Avg Original interval: 38.00-75.00 | Avg New interval: 39.00-74.00 | Quantile: -0.082 |Avg weights: 0.910| log w_hat/w: 0.273| avg_delta_w: 0.377
-------- Double quantile method --------
Eps: 0.30 | Coverage: 88.00% | Average interval length: 37.00 | Avg Original interval: 38.00-75.00 | Avg New interval: 37.00-74.00 | Quantile: 1.209 - -0.183 |Avg weights: 0.910| log w_hat/w: 0.273| avg_delta_w: 0.377
-------- Cumul  method --------
Eps: 0.30 | Coverage: 94.20% | Average interval length: 38.00 | Avg Original interval: 38.00-75.00 | Avg New interval: 37.00-75.00 | Quantile: 37.000 - 75.000 |Avg weights: 0.910| log w_hat/w: 0.273| avg_delta_w: 0.377
---------- Evaluating for epsilon = 0.35000000000000003 ----------
> Collecting test points
> Estimating exact weights
> Estimate weights for calibration data
> Computing weight of trajectories
> Computing conformal set
-------- Original method --------
Eps: 0.35 | Coverage: 86.90% | Average interval length: 35.00 | Avg Original interval: 38.00-75.00 | Avg New interval: 39.00-74.00 | Quantile: -0.082 |Avg weights: 0.980| log w_hat/w: 0.348| avg_delta_w: 0.387
-------- Double quantile method --------
Eps: 0.35 | Coverage: 87.50% | Average interval length: 36.00 | Avg Original interval: 38.00-75.00 | Avg New interval: 38.00-74.00 | Quantile: 0.756 - -0.183 |Avg weights: 0.980| log w_hat/w: 0.348| avg_delta_w: 0.387
-------- Cumul  method --------
Eps: 0.35 | Coverage: 94.70% | Average interval length: 38.00 | Avg Original interval: 38.00-75.00 | Avg New interval: 37.00-75.00 | Quantile: 37.000 - 75.000 |Avg weights: 0.980| log w_hat/w: 0.348| avg_delta_w: 0.387
---------- Evaluating for epsilon = 0.4 ----------
> Collecting test points
> Estimating exact weights
> Estimate weights for calibration data
> Computing weight of trajectories
> Computing conformal set
-------- Original method --------
Eps: 0.40 | Coverage: 88.20% | Average interval length: 35.00 | Avg Original interval: 38.00-75.00 | Avg New interval: 39.00-74.00 | Quantile: -0.082 |Avg weights: 1.000| log w_hat/w: 0.367| avg_delta_w: 0.391
-------- Double quantile method --------
Eps: 0.40 | Coverage: 88.70% | Average interval length: 36.00 | Avg Original interval: 38.00-75.00 | Avg New interval: 38.00-74.00 | Quantile: 0.756 - -0.183 |Avg weights: 1.000| log w_hat/w: 0.367| avg_delta_w: 0.391
-------- Cumul  method --------
Eps: 0.40 | Coverage: 92.60% | Average interval length: 37.00 | Avg Original interval: 38.00-75.00 | Avg New interval: 38.00-75.00 | Quantile: 38.000 - 75.000 |Avg weights: 1.000| log w_hat/w: 0.367| avg_delta_w: 0.391
---------- Evaluating for epsilon = 0.45 ----------
> Collecting test points
> Estimating exact weights
> Estimate weights for calibration data
> Computing weight of trajectories
> Computing conformal set
-------- Original method --------
Eps: 0.45 | Coverage: 87.00% | Average interval length: 35.00 | Avg Original interval: 38.00-75.00 | Avg New interval: 39.00-74.00 | Quantile: -0.082 |Avg weights: 0.985| log w_hat/w: 0.353| avg_delta_w: 0.389
-------- Double quantile method --------
Eps: 0.45 | Coverage: 88.60% | Average interval length: 37.00 | Avg Original interval: 38.00-75.00 | Avg New interval: 37.00-74.00 | Quantile: 1.248 - -0.181 |Avg weights: 0.985| log w_hat/w: 0.353| avg_delta_w: 0.389
-------- Cumul  method --------
Eps: 0.45 | Coverage: 91.80% | Average interval length: 38.00 | Avg Original interval: 38.00-75.00 | Avg New interval: 37.00-75.00 | Quantile: 37.000 - 75.000 |Avg weights: 0.985| log w_hat/w: 0.353| avg_delta_w: 0.389
---------- Evaluating for epsilon = 0.5 ----------
> Collecting test points
> Estimating exact weights
> Estimate weights for calibration data
> Computing weight of trajectories
> Computing conformal set
-------- Original method --------
Eps: 0.50 | Coverage: 87.50% | Average interval length: 35.00 | Avg Original interval: 38.00-75.00 | Avg New interval: 39.00-74.00 | Quantile: -0.082 |Avg weights: 0.907| log w_hat/w: 0.269| avg_delta_w: 0.373
-------- Double quantile method --------
Eps: 0.50 | Coverage: 88.10% | Average interval length: 36.00 | Avg Original interval: 38.00-75.00 | Avg New interval: 38.00-74.00 | Quantile: 0.756 - -0.183 |Avg weights: 0.907| log w_hat/w: 0.269| avg_delta_w: 0.373
-------- Cumul  method --------
Eps: 0.50 | Coverage: 90.60% | Average interval length: 37.00 | Avg Original interval: 38.00-75.00 | Avg New interval: 38.00-75.00 | Quantile: 38.000 - 75.000 |Avg weights: 0.907| log w_hat/w: 0.269| avg_delta_w: 0.373
---------- Evaluating for epsilon = 0.55 ----------
> Collecting test points
> Estimating exact weights
> Estimate weights for calibration data
> Computing weight of trajectories
> Computing conformal set
-------- Original method --------
Eps: 0.55 | Coverage: 87.40% | Average interval length: 35.00 | Avg Original interval: 38.00-75.00 | Avg New interval: 39.00-74.00 | Quantile: -0.082 |Avg weights: 0.801| log w_hat/w: 0.145| avg_delta_w: 0.364
-------- Double quantile method --------
Eps: 0.55 | Coverage: 90.10% | Average interval length: 37.00 | Avg Original interval: 38.00-75.00 | Avg New interval: 37.00-74.00 | Quantile: 1.034 - -0.183 |Avg weights: 0.801| log w_hat/w: 0.145| avg_delta_w: 0.364
-------- Cumul  method --------
Eps: 0.55 | Coverage: 92.50% | Average interval length: 38.00 | Avg Original interval: 38.00-75.00 | Avg New interval: 37.00-75.00 | Quantile: 37.000 - 75.000 |Avg weights: 0.801| log w_hat/w: 0.145| avg_delta_w: 0.364
---------- Evaluating for epsilon = 0.6000000000000001 ----------
> Collecting test points
> Estimating exact weights
> Estimate weights for calibration data
> Computing weight of trajectories
> Computing conformal set
-------- Original method --------
Eps: 0.60 | Coverage: 84.00% | Average interval length: 35.00 | Avg Original interval: 38.00-75.00 | Avg New interval: 39.00-74.00 | Quantile: -0.082 |Avg weights: 0.694| log w_hat/w: 0.001| avg_delta_w: 0.356
-------- Double quantile method --------
Eps: 0.60 | Coverage: 84.70% | Average interval length: 36.00 | Avg Original interval: 38.00-75.00 | Avg New interval: 38.00-74.00 | Quantile: 0.664 - -0.144 |Avg weights: 0.694| log w_hat/w: 0.001| avg_delta_w: 0.356
-------- Cumul  method --------
Eps: 0.60 | Coverage: 86.40% | Average interval length: 37.00 | Avg Original interval: 38.00-75.00 | Avg New interval: 38.00-75.00 | Quantile: 38.000 - 75.000 |Avg weights: 0.694| log w_hat/w: 0.001| avg_delta_w: 0.356
---------- Evaluating for epsilon = 0.65 ----------
> Collecting test points
> Estimating exact weights
> Estimate weights for calibration data
> Computing weight of trajectories
> Computing conformal set
-------- Original method --------
Eps: 0.65 | Coverage: 83.80% | Average interval length: 35.00 | Avg Original interval: 38.00-75.00 | Avg New interval: 39.00-74.00 | Quantile: -0.082 |Avg weights: 0.571| log w_hat/w: -0.193| avg_delta_w: 0.360
-------- Double quantile method --------
Eps: 0.65 | Coverage: 84.30% | Average interval length: 36.00 | Avg Original interval: 38.00-75.00 | Avg New interval: 38.00-74.00 | Quantile: 0.921 - -0.183 |Avg weights: 0.571| log w_hat/w: -0.193| avg_delta_w: 0.360
-------- Cumul  method --------
Eps: 0.65 | Coverage: 88.60% | Average interval length: 38.00 | Avg Original interval: 38.00-75.00 | Avg New interval: 37.00-75.00 | Quantile: 37.000 - 75.000 |Avg weights: 0.571| log w_hat/w: -0.193| avg_delta_w: 0.360
---------- Evaluating for epsilon = 0.7000000000000001 ----------
> Collecting test points
> Estimating exact weights
> Estimate weights for calibration data
> Computing weight of trajectories
> Computing conformal set
-------- Original method --------
Eps: 0.70 | Coverage: 84.10% | Average interval length: 35.00 | Avg Original interval: 38.00-75.00 | Avg New interval: 39.00-74.00 | Quantile: -0.142 |Avg weights: 0.421| log w_hat/w: -0.498| avg_delta_w: 0.373
-------- Double quantile method --------
Eps: 0.70 | Coverage: 84.80% | Average interval length: 36.00 | Avg Original interval: 38.00-75.00 | Avg New interval: 38.00-74.00 | Quantile: 0.273 - -0.169 |Avg weights: 0.421| log w_hat/w: -0.498| avg_delta_w: 0.373
-------- Cumul  method --------
Eps: 0.70 | Coverage: 85.50% | Average interval length: 36.00 | Avg Original interval: 38.00-75.00 | Avg New interval: 39.00-75.00 | Quantile: 39.000 - 75.000 |Avg weights: 0.421| log w_hat/w: -0.498| avg_delta_w: 0.373
---------- Evaluating for epsilon = 0.75 ----------
> Collecting test points
> Estimating exact weights
> Estimate weights for calibration data
> Computing weight of trajectories
> Computing conformal set
-------- Original method --------
Eps: 0.75 | Coverage: 84.30% | Average interval length: 35.00 | Avg Original interval: 38.00-75.00 | Avg New interval: 39.00-74.00 | Quantile: -0.082 |Avg weights: 0.303| log w_hat/w: -0.826| avg_delta_w: 0.410
-------- Double quantile method --------
Eps: 0.75 | Coverage: 86.90% | Average interval length: 37.00 | Avg Original interval: 38.00-75.00 | Avg New interval: 37.00-74.00 | Quantile: 1.360 - -0.183 |Avg weights: 0.303| log w_hat/w: -0.826| avg_delta_w: 0.410
-------- Cumul  method --------
Eps: 0.75 | Coverage: 87.50% | Average interval length: 38.00 | Avg Original interval: 38.00-75.00 | Avg New interval: 37.00-75.00 | Quantile: 37.000 - 75.000 |Avg weights: 0.303| log w_hat/w: -0.826| avg_delta_w: 0.410
---------- Evaluating for epsilon = 0.8 ----------
> Collecting test points
> Estimating exact weights
> Estimate weights for calibration data
> Computing weight of trajectories
> Computing conformal set
-------- Original method --------
Eps: 0.80 | Coverage: 76.90% | Average interval length: 35.00 | Avg Original interval: 38.00-75.00 | Avg New interval: 39.00-74.00 | Quantile: -0.082 |Avg weights: 0.199| log w_hat/w: -1.251| avg_delta_w: 0.450
-------- Double quantile method --------
Eps: 0.80 | Coverage: 81.70% | Average interval length: 37.00 | Avg Original interval: 38.00-75.00 | Avg New interval: 37.00-74.00 | Quantile: 1.289 - -0.183 |Avg weights: 0.199| log w_hat/w: -1.251| avg_delta_w: 0.450
-------- Cumul  method --------
Eps: 0.80 | Coverage: 82.40% | Average interval length: 38.00 | Avg Original interval: 38.00-75.00 | Avg New interval: 37.00-75.00 | Quantile: 37.000 - 75.000 |Avg weights: 0.199| log w_hat/w: -1.251| avg_delta_w: 0.450
---------- Evaluating for epsilon = 0.8500000000000001 ----------
> Collecting test points
> Estimating exact weights
> Estimate weights for calibration data
> Computing weight of trajectories
> Computing conformal set
-------- Original method --------
Eps: 0.85 | Coverage: 80.40% | Average interval length: 35.00 | Avg Original interval: 38.00-75.00 | Avg New interval: 39.00-74.00 | Quantile: -0.082 |Avg weights: 0.131| log w_hat/w: -1.666| avg_delta_w: 0.481
-------- Double quantile method --------
Eps: 0.85 | Coverage: 83.40% | Average interval length: 37.00 | Avg Original interval: 38.00-75.00 | Avg New interval: 37.00-74.00 | Quantile: 1.360 - -0.183 |Avg weights: 0.131| log w_hat/w: -1.666| avg_delta_w: 0.481
-------- Cumul  method --------
Eps: 0.85 | Coverage: 83.90% | Average interval length: 38.00 | Avg Original interval: 38.00-75.00 | Avg New interval: 37.00-75.00 | Quantile: 37.000 - 75.000 |Avg weights: 0.131| log w_hat/w: -1.666| avg_delta_w: 0.481
---------- Evaluating for epsilon = 0.9 ----------
> Collecting test points
> Estimating exact weights
> Estimate weights for calibration data
> Computing weight of trajectories
> Computing conformal set
-------- Original method --------
Eps: 0.90 | Coverage: 74.20% | Average interval length: 35.00 | Avg Original interval: 38.00-75.00 | Avg New interval: 39.00-74.00 | Quantile: -0.082 |Avg weights: 0.071| log w_hat/w: -2.275| avg_delta_w: 0.511
-------- Double quantile method --------
Eps: 0.90 | Coverage: 80.20% | Average interval length: 37.00 | Avg Original interval: 38.00-75.00 | Avg New interval: 37.00-74.00 | Quantile: 1.360 - -0.183 |Avg weights: 0.071| log w_hat/w: -2.275| avg_delta_w: 0.511
-------- Cumul  method --------
Eps: 0.90 | Coverage: 80.40% | Average interval length: 38.00 | Avg Original interval: 38.00-75.00 | Avg New interval: 37.00-75.00 | Quantile: 37.000 - 75.000 |Avg weights: 0.071| log w_hat/w: -2.275| avg_delta_w: 0.511
---------- Evaluating for epsilon = 0.9500000000000001 ----------
> Collecting test points
> Estimating exact weights
> Estimate weights for calibration data
> Computing weight of trajectories
> Computing conformal set
-------- Original method --------
Eps: 0.95 | Coverage: 73.20% | Average interval length: 111.00 | Avg Original interval: 38.00-75.00 | Avg New interval: 39.00-150.00 | Quantile: inf |Avg weights: 0.034| log w_hat/w: -3.006| avg_delta_w: 0.529
-------- Double quantile method --------
Eps: 0.95 | Coverage: 75.90% | Average interval length: 112.00 | Avg Original interval: 38.00-75.00 | Avg New interval: 38.00-150.00 | Quantile: inf - inf |Avg weights: 0.034| log w_hat/w: -3.006| avg_delta_w: 0.529
-------- Cumul  method --------
Eps: 0.95 | Coverage: 75.90% | Average interval length: 112.00 | Avg Original interval: 38.00-75.00 | Avg New interval: 38.00-150.00 | Quantile: 38.557 - inf |Avg weights: 0.034| log w_hat/w: -3.006| avg_delta_w: 0.529
---------- Evaluating for epsilon = 1.0 ----------
> Collecting test points
> Estimating exact weights
> Estimate weights for calibration data
> Computing weight of trajectories
> Computing conformal set
-------- Original method --------
Eps: 1.00 | Coverage: 70.50% | Average interval length: 35.00 | Avg Original interval: 38.00-75.00 | Avg New interval: 39.00-74.00 | Quantile: -0.082 |Avg weights: 0.011| log w_hat/w: -4.131| avg_delta_w: 0.540
-------- Double quantile method --------
Eps: 1.00 | Coverage: 76.00% | Average interval length: 37.00 | Avg Original interval: 38.00-75.00 | Avg New interval: 37.00-74.00 | Quantile: 1.457 - -0.183 |Avg weights: 0.011| log w_hat/w: -4.131| avg_delta_w: 0.540
-------- Cumul  method --------
Eps: 1.00 | Coverage: 76.30% | Average interval length: 38.00 | Avg Original interval: 38.00-75.00 | Avg New interval: 37.00-75.00 | Quantile: 37.000 - 75.000 |Avg weights: 0.011| log w_hat/w: -4.131| avg_delta_w: 0.540
> Loading/collecting data
> Training/loading quantile networks
Could not find file results/inventory/gradient/horizon_5/data/networks/lower_quantile_net_7.pth
Early stopping at epoch 112
Could not find file results/inventory/gradient/horizon_5/data/networks/upper_quantile_net_7.pth
---------- Evaluating for epsilon = 0.0 ----------
> Collecting test points
> Estimating exact weights
> Estimate weights for calibration data
> Computing weight of trajectories
> Computing conformal set
-------- Original method --------
Eps: 0.00 | Coverage: 69.00% | Average interval length: 36.00 | Avg Original interval: 38.00-74.00 | Avg New interval: 38.00-74.00 | Quantile: 0.033 |Avg weights: 0.000| log w_hat/w: -17.943| avg_delta_w: 0.540
-------- Double quantile method --------
Eps: 0.00 | Coverage: 69.00% | Average interval length: 36.00 | Avg Original interval: 38.00-74.00 | Avg New interval: 38.00-74.00 | Quantile: 0.913 - 0.030 |Avg weights: 0.000| log w_hat/w: -17.943| avg_delta_w: 0.540
-------- Cumul  method --------
Eps: 0.00 | Coverage: 99.40% | Average interval length: 36.00 | Avg Original interval: 38.00-74.00 | Avg New interval: 39.00-75.00 | Quantile: 39.000 - 75.000 |Avg weights: 0.000| log w_hat/w: -17.943| avg_delta_w: 0.540
---------- Evaluating for epsilon = 0.05 ----------
> Collecting test points
> Estimating exact weights
> Estimate weights for calibration data
> Computing weight of trajectories
> Computing conformal set
-------- Original method --------
Eps: 0.05 | Coverage: 74.70% | Average interval length: 36.00 | Avg Original interval: 38.00-74.00 | Avg New interval: 38.00-74.00 | Quantile: 0.033 |Avg weights: 0.078| log w_hat/w: -2.193| avg_delta_w: 0.502
-------- Double quantile method --------
Eps: 0.05 | Coverage: 74.70% | Average interval length: 36.00 | Avg Original interval: 38.00-74.00 | Avg New interval: 37.00-73.00 | Quantile: 1.327 - -0.002 |Avg weights: 0.078| log w_hat/w: -2.193| avg_delta_w: 0.502
-------- Cumul  method --------
Eps: 0.05 | Coverage: 98.10% | Average interval length: 37.00 | Avg Original interval: 38.00-74.00 | Avg New interval: 38.00-75.00 | Quantile: 38.000 - 75.000 |Avg weights: 0.078| log w_hat/w: -2.193| avg_delta_w: 0.502
---------- Evaluating for epsilon = 0.1 ----------
> Collecting test points
> Estimating exact weights
> Estimate weights for calibration data
> Computing weight of trajectories
> Computing conformal set
-------- Original method --------
Eps: 0.10 | Coverage: 76.50% | Average interval length: 36.00 | Avg Original interval: 38.00-74.00 | Avg New interval: 38.00-74.00 | Quantile: 0.035 |Avg weights: 0.267| log w_hat/w: -0.963| avg_delta_w: 0.415
-------- Double quantile method --------
Eps: 0.10 | Coverage: 76.50% | Average interval length: 36.00 | Avg Original interval: 38.00-74.00 | Avg New interval: 38.00-74.00 | Quantile: 0.935 - 0.030 |Avg weights: 0.267| log w_hat/w: -0.963| avg_delta_w: 0.415
-------- Cumul  method --------
Eps: 0.10 | Coverage: 96.30% | Average interval length: 36.00 | Avg Original interval: 38.00-74.00 | Avg New interval: 39.00-75.00 | Quantile: 39.000 - 75.000 |Avg weights: 0.267| log w_hat/w: -0.963| avg_delta_w: 0.415
---------- Evaluating for epsilon = 0.15000000000000002 ----------
> Collecting test points
> Estimating exact weights
> Estimate weights for calibration data
> Computing weight of trajectories
> Computing conformal set
-------- Original method --------
Eps: 0.15 | Coverage: 80.80% | Average interval length: 36.00 | Avg Original interval: 38.00-74.00 | Avg New interval: 38.00-74.00 | Quantile: 0.030 |Avg weights: 0.482| log w_hat/w: -0.368| avg_delta_w: 0.359
-------- Double quantile method --------
Eps: 0.15 | Coverage: 80.80% | Average interval length: 36.00 | Avg Original interval: 38.00-74.00 | Avg New interval: 38.00-74.00 | Quantile: 0.449 - 0.030 |Avg weights: 0.482| log w_hat/w: -0.368| avg_delta_w: 0.359
-------- Cumul  method --------
Eps: 0.15 | Coverage: 96.70% | Average interval length: 36.00 | Avg Original interval: 38.00-74.00 | Avg New interval: 39.00-75.00 | Quantile: 39.000 - 75.000 |Avg weights: 0.482| log w_hat/w: -0.368| avg_delta_w: 0.359
---------- Evaluating for epsilon = 0.2 ----------
> Collecting test points
> Estimating exact weights
> Estimate weights for calibration data
> Computing weight of trajectories
> Computing conformal set
-------- Original method --------
Eps: 0.20 | Coverage: 85.00% | Average interval length: 36.00 | Avg Original interval: 38.00-74.00 | Avg New interval: 38.00-74.00 | Quantile: 0.035 |Avg weights: 0.659| log w_hat/w: -0.056| avg_delta_w: 0.351
-------- Double quantile method --------
Eps: 0.20 | Coverage: 85.00% | Average interval length: 36.00 | Avg Original interval: 38.00-74.00 | Avg New interval: 38.00-74.00 | Quantile: 0.935 - 0.018 |Avg weights: 0.659| log w_hat/w: -0.056| avg_delta_w: 0.351
-------- Cumul  method --------
Eps: 0.20 | Coverage: 95.40% | Average interval length: 36.00 | Avg Original interval: 38.00-74.00 | Avg New interval: 39.00-75.00 | Quantile: 39.000 - 75.000 |Avg weights: 0.659| log w_hat/w: -0.056| avg_delta_w: 0.351
---------- Evaluating for epsilon = 0.25 ----------
> Collecting test points
> Estimating exact weights
> Estimate weights for calibration data
> Computing weight of trajectories
> Computing conformal set
-------- Original method --------
Eps: 0.25 | Coverage: 82.20% | Average interval length: 36.00 | Avg Original interval: 38.00-74.00 | Avg New interval: 38.00-74.00 | Quantile: 0.035 |Avg weights: 0.797| log w_hat/w: 0.135| avg_delta_w: 0.354
-------- Double quantile method --------
Eps: 0.25 | Coverage: 82.20% | Average interval length: 36.00 | Avg Original interval: 38.00-74.00 | Avg New interval: 38.00-74.00 | Quantile: 0.935 - 0.030 |Avg weights: 0.797| log w_hat/w: 0.135| avg_delta_w: 0.354
-------- Cumul  method --------
Eps: 0.25 | Coverage: 93.10% | Average interval length: 36.00 | Avg Original interval: 38.00-74.00 | Avg New interval: 39.00-75.00 | Quantile: 39.000 - 75.000 |Avg weights: 0.797| log w_hat/w: 0.135| avg_delta_w: 0.354
---------- Evaluating for epsilon = 0.30000000000000004 ----------
> Collecting test points
> Estimating exact weights
> Estimate weights for calibration data
> Computing weight of trajectories
> Computing conformal set
-------- Original method --------
Eps: 0.30 | Coverage: 86.20% | Average interval length: 36.00 | Avg Original interval: 38.00-74.00 | Avg New interval: 38.00-74.00 | Quantile: 0.035 |Avg weights: 0.910| log w_hat/w: 0.268| avg_delta_w: 0.362
-------- Double quantile method --------
Eps: 0.30 | Coverage: 86.20% | Average interval length: 36.00 | Avg Original interval: 38.00-74.00 | Avg New interval: 38.00-74.00 | Quantile: 0.935 - 0.030 |Avg weights: 0.910| log w_hat/w: 0.268| avg_delta_w: 0.362
-------- Cumul  method --------
Eps: 0.30 | Coverage: 94.00% | Average interval length: 36.00 | Avg Original interval: 38.00-74.00 | Avg New interval: 39.00-75.00 | Quantile: 39.000 - 75.000 |Avg weights: 0.910| log w_hat/w: 0.268| avg_delta_w: 0.362
---------- Evaluating for epsilon = 0.35000000000000003 ----------
> Collecting test points
> Estimating exact weights
> Estimate weights for calibration data
> Computing weight of trajectories
> Computing conformal set
-------- Original method --------
Eps: 0.35 | Coverage: 86.40% | Average interval length: 36.00 | Avg Original interval: 38.00-74.00 | Avg New interval: 38.00-74.00 | Quantile: 0.035 |Avg weights: 0.976| log w_hat/w: 0.338| avg_delta_w: 0.375
-------- Double quantile method --------
Eps: 0.35 | Coverage: 87.30% | Average interval length: 37.00 | Avg Original interval: 38.00-74.00 | Avg New interval: 37.00-74.00 | Quantile: 1.048 - 0.030 |Avg weights: 0.976| log w_hat/w: 0.338| avg_delta_w: 0.375
-------- Cumul  method --------
Eps: 0.35 | Coverage: 91.70% | Average interval length: 36.00 | Avg Original interval: 38.00-74.00 | Avg New interval: 39.00-75.00 | Quantile: 39.000 - 75.000 |Avg weights: 0.976| log w_hat/w: 0.338| avg_delta_w: 0.375
---------- Evaluating for epsilon = 0.4 ----------
> Collecting test points
> Estimating exact weights
> Estimate weights for calibration data
> Computing weight of trajectories
> Computing conformal set
-------- Original method --------
Eps: 0.40 | Coverage: 87.50% | Average interval length: 36.00 | Avg Original interval: 38.00-74.00 | Avg New interval: 38.00-74.00 | Quantile: 0.035 |Avg weights: 1.000| log w_hat/w: 0.363| avg_delta_w: 0.379
-------- Double quantile method --------
Eps: 0.40 | Coverage: 88.10% | Average interval length: 37.00 | Avg Original interval: 38.00-74.00 | Avg New interval: 37.00-74.00 | Quantile: 1.097 - 0.030 |Avg weights: 1.000| log w_hat/w: 0.363| avg_delta_w: 0.379
-------- Cumul  method --------
Eps: 0.40 | Coverage: 92.70% | Average interval length: 36.00 | Avg Original interval: 38.00-74.00 | Avg New interval: 39.00-75.00 | Quantile: 39.000 - 75.000 |Avg weights: 1.000| log w_hat/w: 0.363| avg_delta_w: 0.379
---------- Evaluating for epsilon = 0.45 ----------
> Collecting test points
> Estimating exact weights
> Estimate weights for calibration data
> Computing weight of trajectories
> Computing conformal set
-------- Original method --------
Eps: 0.45 | Coverage: 87.00% | Average interval length: 36.00 | Avg Original interval: 38.00-74.00 | Avg New interval: 38.00-74.00 | Quantile: 0.035 |Avg weights: 0.980| log w_hat/w: 0.342| avg_delta_w: 0.375
-------- Double quantile method --------
Eps: 0.45 | Coverage: 87.60% | Average interval length: 37.00 | Avg Original interval: 38.00-74.00 | Avg New interval: 37.00-74.00 | Quantile: 1.097 - 0.030 |Avg weights: 0.980| log w_hat/w: 0.342| avg_delta_w: 0.375
-------- Cumul  method --------
Eps: 0.45 | Coverage: 90.50% | Average interval length: 36.00 | Avg Original interval: 38.00-74.00 | Avg New interval: 39.00-75.00 | Quantile: 39.000 - 75.000 |Avg weights: 0.980| log w_hat/w: 0.342| avg_delta_w: 0.375
---------- Evaluating for epsilon = 0.5 ----------
> Collecting test points
> Estimating exact weights
> Estimate weights for calibration data
> Computing weight of trajectories
> Computing conformal set
-------- Original method --------
Eps: 0.50 | Coverage: 87.60% | Average interval length: 36.00 | Avg Original interval: 38.00-74.00 | Avg New interval: 38.00-74.00 | Quantile: 0.035 |Avg weights: 0.926| log w_hat/w: 0.285| avg_delta_w: 0.364
-------- Double quantile method --------
Eps: 0.50 | Coverage: 88.40% | Average interval length: 37.00 | Avg Original interval: 38.00-74.00 | Avg New interval: 37.00-74.00 | Quantile: 1.097 - 0.030 |Avg weights: 0.926| log w_hat/w: 0.285| avg_delta_w: 0.364
-------- Cumul  method --------
Eps: 0.50 | Coverage: 90.40% | Average interval length: 37.00 | Avg Original interval: 38.00-74.00 | Avg New interval: 38.00-75.00 | Quantile: 38.000 - 75.000 |Avg weights: 0.926| log w_hat/w: 0.285| avg_delta_w: 0.364
---------- Evaluating for epsilon = 0.55 ----------
> Collecting test points
> Estimating exact weights
> Estimate weights for calibration data
> Computing weight of trajectories
> Computing conformal set
-------- Original method --------
Eps: 0.55 | Coverage: 87.90% | Average interval length: 36.00 | Avg Original interval: 38.00-74.00 | Avg New interval: 38.00-74.00 | Quantile: 0.035 |Avg weights: 0.832| log w_hat/w: 0.179| avg_delta_w: 0.351
-------- Double quantile method --------
Eps: 0.55 | Coverage: 87.90% | Average interval length: 36.00 | Avg Original interval: 38.00-74.00 | Avg New interval: 38.00-74.00 | Quantile: 0.755 - 0.030 |Avg weights: 0.832| log w_hat/w: 0.179| avg_delta_w: 0.351
-------- Cumul  method --------
Eps: 0.55 | Coverage: 89.00% | Average interval length: 36.00 | Avg Original interval: 38.00-74.00 | Avg New interval: 39.00-75.00 | Quantile: 39.000 - 75.000 |Avg weights: 0.832| log w_hat/w: 0.179| avg_delta_w: 0.351
---------- Evaluating for epsilon = 0.6000000000000001 ----------
> Collecting test points
> Estimating exact weights
> Estimate weights for calibration data
> Computing weight of trajectories
> Computing conformal set
-------- Original method --------
Eps: 0.60 | Coverage: 84.40% | Average interval length: 36.00 | Avg Original interval: 38.00-74.00 | Avg New interval: 38.00-74.00 | Quantile: 0.035 |Avg weights: 0.725| log w_hat/w: 0.041| avg_delta_w: 0.351
-------- Double quantile method --------
Eps: 0.60 | Coverage: 85.90% | Average interval length: 37.00 | Avg Original interval: 38.00-74.00 | Avg New interval: 37.00-74.00 | Quantile: 1.469 - 0.030 |Avg weights: 0.725| log w_hat/w: 0.041| avg_delta_w: 0.351
-------- Cumul  method --------
Eps: 0.60 | Coverage: 86.90% | Average interval length: 37.00 | Avg Original interval: 38.00-74.00 | Avg New interval: 38.00-75.00 | Quantile: 38.000 - 75.000 |Avg weights: 0.725| log w_hat/w: 0.041| avg_delta_w: 0.351
---------- Evaluating for epsilon = 0.65 ----------
> Collecting test points
> Estimating exact weights
> Estimate weights for calibration data
> Computing weight of trajectories
> Computing conformal set
-------- Original method --------
Eps: 0.65 | Coverage: 87.10% | Average interval length: 36.00 | Avg Original interval: 38.00-74.00 | Avg New interval: 38.00-74.00 | Quantile: 0.035 |Avg weights: 0.594| log w_hat/w: -0.159| avg_delta_w: 0.348
-------- Double quantile method --------
Eps: 0.65 | Coverage: 87.10% | Average interval length: 36.00 | Avg Original interval: 38.00-74.00 | Avg New interval: 38.00-74.00 | Quantile: 0.935 - 0.030 |Avg weights: 0.594| log w_hat/w: -0.159| avg_delta_w: 0.348
-------- Cumul  method --------
Eps: 0.65 | Coverage: 86.90% | Average interval length: 36.00 | Avg Original interval: 38.00-74.00 | Avg New interval: 39.00-75.00 | Quantile: 39.000 - 75.000 |Avg weights: 0.594| log w_hat/w: -0.159| avg_delta_w: 0.348
---------- Evaluating for epsilon = 0.7000000000000001 ----------
> Collecting test points
> Estimating exact weights
> Estimate weights for calibration data
> Computing weight of trajectories
> Computing conformal set
-------- Original method --------
Eps: 0.70 | Coverage: 87.00% | Average interval length: 36.00 | Avg Original interval: 38.00-74.00 | Avg New interval: 38.00-74.00 | Quantile: 0.038 |Avg weights: 0.418| log w_hat/w: -0.511| avg_delta_w: 0.373
-------- Double quantile method --------
Eps: 0.70 | Coverage: 87.00% | Average interval length: 36.00 | Avg Original interval: 38.00-74.00 | Avg New interval: 38.00-74.00 | Quantile: 1.196 - 0.031 |Avg weights: 0.418| log w_hat/w: -0.511| avg_delta_w: 0.373
-------- Cumul  method --------
Eps: 0.70 | Coverage: 85.60% | Average interval length: 36.00 | Avg Original interval: 38.00-74.00 | Avg New interval: 39.00-75.00 | Quantile: 39.000 - 75.078 |Avg weights: 0.418| log w_hat/w: -0.511| avg_delta_w: 0.373
---------- Evaluating for epsilon = 0.75 ----------
> Collecting test points
> Estimating exact weights
> Estimate weights for calibration data
> Computing weight of trajectories
> Computing conformal set
-------- Original method --------
Eps: 0.75 | Coverage: 81.30% | Average interval length: 36.00 | Avg Original interval: 38.00-74.00 | Avg New interval: 38.00-74.00 | Quantile: 0.035 |Avg weights: 0.303| log w_hat/w: -0.834| avg_delta_w: 0.403
-------- Double quantile method --------
Eps: 0.75 | Coverage: 83.10% | Average interval length: 37.00 | Avg Original interval: 38.00-74.00 | Avg New interval: 37.00-74.00 | Quantile: 1.196 - 0.030 |Avg weights: 0.303| log w_hat/w: -0.834| avg_delta_w: 0.403
-------- Cumul  method --------
Eps: 0.75 | Coverage: 80.70% | Average interval length: 36.00 | Avg Original interval: 38.00-74.00 | Avg New interval: 39.00-75.00 | Quantile: 39.000 - 75.000 |Avg weights: 0.303| log w_hat/w: -0.834| avg_delta_w: 0.403
---------- Evaluating for epsilon = 0.8 ----------
> Collecting test points
> Estimating exact weights
> Estimate weights for calibration data
> Computing weight of trajectories
> Computing conformal set
-------- Original method --------
Eps: 0.80 | Coverage: 81.90% | Average interval length: 36.00 | Avg Original interval: 38.00-74.00 | Avg New interval: 38.00-74.00 | Quantile: 0.033 |Avg weights: 0.213| log w_hat/w: -1.186| avg_delta_w: 0.438
-------- Double quantile method --------
Eps: 0.80 | Coverage: 81.90% | Average interval length: 36.00 | Avg Original interval: 38.00-74.00 | Avg New interval: 38.00-74.00 | Quantile: 0.935 - 0.018 |Avg weights: 0.213| log w_hat/w: -1.186| avg_delta_w: 0.438
-------- Cumul  method --------
Eps: 0.80 | Coverage: 80.00% | Average interval length: 36.00 | Avg Original interval: 38.00-74.00 | Avg New interval: 39.00-75.00 | Quantile: 39.000 - 75.000 |Avg weights: 0.213| log w_hat/w: -1.186| avg_delta_w: 0.438
---------- Evaluating for epsilon = 0.8500000000000001 ----------
> Collecting test points
> Estimating exact weights
> Estimate weights for calibration data
> Computing weight of trajectories
> Computing conformal set
-------- Original method --------
Eps: 0.85 | Coverage: 81.40% | Average interval length: 36.00 | Avg Original interval: 38.00-74.00 | Avg New interval: 38.00-74.00 | Quantile: 0.030 |Avg weights: 0.129| log w_hat/w: -1.686| avg_delta_w: 0.476
-------- Double quantile method --------
Eps: 0.85 | Coverage: 81.40% | Average interval length: 36.00 | Avg Original interval: 38.00-74.00 | Avg New interval: 38.00-74.00 | Quantile: 0.424 - 0.018 |Avg weights: 0.129| log w_hat/w: -1.686| avg_delta_w: 0.476
-------- Cumul  method --------
Eps: 0.85 | Coverage: 80.80% | Average interval length: 36.00 | Avg Original interval: 38.00-74.00 | Avg New interval: 39.00-75.00 | Quantile: 39.000 - 75.000 |Avg weights: 0.129| log w_hat/w: -1.686| avg_delta_w: 0.476
---------- Evaluating for epsilon = 0.9 ----------
> Collecting test points
> Estimating exact weights
> Estimate weights for calibration data
> Computing weight of trajectories
> Computing conformal set
-------- Original method --------
Eps: 0.90 | Coverage: 77.50% | Average interval length: 36.00 | Avg Original interval: 38.00-74.00 | Avg New interval: 38.00-74.00 | Quantile: 0.035 |Avg weights: 0.077| log w_hat/w: -2.210| avg_delta_w: 0.502
-------- Double quantile method --------
Eps: 0.90 | Coverage: 77.50% | Average interval length: 36.00 | Avg Original interval: 38.00-74.00 | Avg New interval: 38.00-74.00 | Quantile: 0.449 - 0.030 |Avg weights: 0.077| log w_hat/w: -2.210| avg_delta_w: 0.502
-------- Cumul  method --------
Eps: 0.90 | Coverage: 76.60% | Average interval length: 36.00 | Avg Original interval: 38.00-74.00 | Avg New interval: 39.00-75.00 | Quantile: 39.000 - 75.000 |Avg weights: 0.077| log w_hat/w: -2.210| avg_delta_w: 0.502
---------- Evaluating for epsilon = 0.9500000000000001 ----------
> Collecting test points
> Estimating exact weights
> Estimate weights for calibration data
> Computing weight of trajectories
> Computing conformal set
-------- Original method --------
Eps: 0.95 | Coverage: 75.90% | Average interval length: 36.00 | Avg Original interval: 38.00-74.00 | Avg New interval: 38.00-74.00 | Quantile: 0.035 |Avg weights: 0.038| log w_hat/w: -2.918| avg_delta_w: 0.522
-------- Double quantile method --------
Eps: 0.95 | Coverage: 75.90% | Average interval length: 36.00 | Avg Original interval: 38.00-74.00 | Avg New interval: 38.00-74.00 | Quantile: 0.449 - 0.035 |Avg weights: 0.038| log w_hat/w: -2.918| avg_delta_w: 0.522
-------- Cumul  method --------
Eps: 0.95 | Coverage: 74.30% | Average interval length: 36.00 | Avg Original interval: 38.00-74.00 | Avg New interval: 39.00-75.00 | Quantile: 39.000 - 75.000 |Avg weights: 0.038| log w_hat/w: -2.918| avg_delta_w: 0.522
---------- Evaluating for epsilon = 1.0 ----------
> Collecting test points
> Estimating exact weights
> Estimate weights for calibration data
> Computing weight of trajectories
> Computing conformal set
-------- Original method --------
Eps: 1.00 | Coverage: 72.40% | Average interval length: 36.00 | Avg Original interval: 38.00-74.00 | Avg New interval: 38.00-74.00 | Quantile: 0.035 |Avg weights: 0.012| log w_hat/w: -4.071| avg_delta_w: 0.534
-------- Double quantile method --------
Eps: 1.00 | Coverage: 72.40% | Average interval length: 36.00 | Avg Original interval: 38.00-74.00 | Avg New interval: 38.00-74.00 | Quantile: 0.935 - 0.030 |Avg weights: 0.012| log w_hat/w: -4.071| avg_delta_w: 0.534
-------- Cumul  method --------
Eps: 1.00 | Coverage: 70.30% | Average interval length: 36.00 | Avg Original interval: 38.00-74.00 | Avg New interval: 39.00-75.00 | Quantile: 39.000 - 75.000 |Avg weights: 0.012| log w_hat/w: -4.071| avg_delta_w: 0.534
> Loading/collecting data
> Training/loading quantile networks
Could not find file results/inventory/gradient/horizon_5/data/networks/lower_quantile_net_8.pth
Early stopping at epoch 191
Could not find file results/inventory/gradient/horizon_5/data/networks/upper_quantile_net_8.pth
Early stopping at epoch 123
---------- Evaluating for epsilon = 0.0 ----------
> Collecting test points
> Estimating exact weights
> Estimate weights for calibration data
> Computing weight of trajectories
> Computing conformal set
-------- Original method --------
Eps: 0.00 | Coverage: 69.20% | Average interval length: 36.00 | Avg Original interval: 38.00-74.00 | Avg New interval: 38.00-74.00 | Quantile: 0.091 |Avg weights: 0.000| log w_hat/w: -17.889| avg_delta_w: 0.522
-------- Double quantile method --------
Eps: 0.00 | Coverage: 69.20% | Average interval length: 36.00 | Avg Original interval: 38.00-74.00 | Avg New interval: 38.00-74.00 | Quantile: 0.059 - 0.091 |Avg weights: 0.000| log w_hat/w: -17.889| avg_delta_w: 0.522
-------- Cumul  method --------
Eps: 0.00 | Coverage: 98.60% | Average interval length: 37.00 | Avg Original interval: 38.00-74.00 | Avg New interval: 38.00-75.00 | Quantile: 38.000 - 75.000 |Avg weights: 0.000| log w_hat/w: -17.889| avg_delta_w: 0.522
---------- Evaluating for epsilon = 0.05 ----------
> Collecting test points
> Estimating exact weights
> Estimate weights for calibration data
> Computing weight of trajectories
> Computing conformal set
-------- Original method --------
Eps: 0.05 | Coverage: 98.60% | Average interval length: 110.00 | Avg Original interval: 38.00-74.00 | Avg New interval: 38.00-148.00 | Quantile: inf |Avg weights: 0.083| log w_hat/w: -2.084| avg_delta_w: 0.482
-------- Double quantile method --------
Eps: 0.05 | Coverage: 98.60% | Average interval length: 109.00 | Avg Original interval: 38.00-74.00 | Avg New interval: 39.00-148.00 | Quantile: inf - inf |Avg weights: 0.083| log w_hat/w: -2.084| avg_delta_w: 0.482
-------- Cumul  method --------
Eps: 0.05 | Coverage: 98.60% | Average interval length: 110.00 | Avg Original interval: 38.00-74.00 | Avg New interval: 38.00-148.00 | Quantile: 38.380 - inf |Avg weights: 0.083| log w_hat/w: -2.084| avg_delta_w: 0.482
---------- Evaluating for epsilon = 0.1 ----------
> Collecting test points
> Estimating exact weights
> Estimate weights for calibration data
> Computing weight of trajectories
> Computing conformal set
-------- Original method --------
Eps: 0.10 | Coverage: 77.60% | Average interval length: 36.00 | Avg Original interval: 38.00-74.00 | Avg New interval: 38.00-74.00 | Quantile: 0.091 |Avg weights: 0.287| log w_hat/w: -0.841| avg_delta_w: 0.395
-------- Double quantile method --------
Eps: 0.10 | Coverage: 77.60% | Average interval length: 36.00 | Avg Original interval: 38.00-74.00 | Avg New interval: 38.00-74.00 | Quantile: 0.895 - 0.030 |Avg weights: 0.287| log w_hat/w: -0.841| avg_delta_w: 0.395
-------- Cumul  method --------
Eps: 0.10 | Coverage: 96.70% | Average interval length: 38.00 | Avg Original interval: 38.00-74.00 | Avg New interval: 37.00-75.00 | Quantile: 37.000 - 75.000 |Avg weights: 0.287| log w_hat/w: -0.841| avg_delta_w: 0.395
---------- Evaluating for epsilon = 0.15000000000000002 ----------
> Collecting test points
> Estimating exact weights
> Estimate weights for calibration data
> Computing weight of trajectories
> Computing conformal set
-------- Original method --------
Eps: 0.15 | Coverage: 81.20% | Average interval length: 36.00 | Avg Original interval: 38.00-74.00 | Avg New interval: 38.00-74.00 | Quantile: 0.091 |Avg weights: 0.509| log w_hat/w: -0.264| avg_delta_w: 0.343
-------- Double quantile method --------
Eps: 0.15 | Coverage: 81.20% | Average interval length: 36.00 | Avg Original interval: 38.00-74.00 | Avg New interval: 38.00-74.00 | Quantile: 0.078 - 0.091 |Avg weights: 0.509| log w_hat/w: -0.264| avg_delta_w: 0.343
-------- Cumul  method --------
Eps: 0.15 | Coverage: 96.80% | Average interval length: 37.00 | Avg Original interval: 38.00-74.00 | Avg New interval: 38.00-75.00 | Quantile: 38.000 - 75.000 |Avg weights: 0.509| log w_hat/w: -0.264| avg_delta_w: 0.343
---------- Evaluating for epsilon = 0.2 ----------
> Collecting test points
> Estimating exact weights
> Estimate weights for calibration data
> Computing weight of trajectories
> Computing conformal set
-------- Original method --------
Eps: 0.20 | Coverage: 84.90% | Average interval length: 36.00 | Avg Original interval: 38.00-74.00 | Avg New interval: 38.00-74.00 | Quantile: 0.091 |Avg weights: 0.637| log w_hat/w: -0.039| avg_delta_w: 0.332
-------- Double quantile method --------
Eps: 0.20 | Coverage: 84.50% | Average interval length: 35.00 | Avg Original interval: 38.00-74.00 | Avg New interval: 39.00-74.00 | Quantile: -0.132 - 0.132 |Avg weights: 0.637| log w_hat/w: -0.039| avg_delta_w: 0.332
-------- Cumul  method --------
Eps: 0.20 | Coverage: 95.10% | Average interval length: 37.00 | Avg Original interval: 38.00-74.00 | Avg New interval: 38.00-75.00 | Quantile: 38.000 - 75.000 |Avg weights: 0.637| log w_hat/w: -0.039| avg_delta_w: 0.332
---------- Evaluating for epsilon = 0.25 ----------
> Collecting test points
> Estimating exact weights
> Estimate weights for calibration data
> Computing weight of trajectories
> Computing conformal set
-------- Original method --------
Eps: 0.25 | Coverage: 84.80% | Average interval length: 36.00 | Avg Original interval: 38.00-74.00 | Avg New interval: 38.00-74.00 | Quantile: 0.091 |Avg weights: 0.809| log w_hat/w: 0.200| avg_delta_w: 0.339
-------- Double quantile method --------
Eps: 0.25 | Coverage: 84.60% | Average interval length: 35.00 | Avg Original interval: 38.00-74.00 | Avg New interval: 39.00-74.00 | Quantile: -0.016 - 0.093 |Avg weights: 0.809| log w_hat/w: 0.200| avg_delta_w: 0.339
-------- Cumul  method --------
Eps: 0.25 | Coverage: 94.00% | Average interval length: 37.00 | Avg Original interval: 38.00-74.00 | Avg New interval: 38.00-75.00 | Quantile: 38.000 - 75.000 |Avg weights: 0.809| log w_hat/w: 0.200| avg_delta_w: 0.339
---------- Evaluating for epsilon = 0.30000000000000004 ----------
> Collecting test points
> Estimating exact weights
> Estimate weights for calibration data
> Computing weight of trajectories
> Computing conformal set
-------- Original method --------
Eps: 0.30 | Coverage: 85.90% | Average interval length: 36.00 | Avg Original interval: 38.00-74.00 | Avg New interval: 38.00-74.00 | Quantile: 0.091 |Avg weights: 0.914| log w_hat/w: 0.322| avg_delta_w: 0.355
-------- Double quantile method --------
Eps: 0.30 | Coverage: 85.90% | Average interval length: 36.00 | Avg Original interval: 38.00-74.00 | Avg New interval: 38.00-74.00 | Quantile: 0.011 - 0.091 |Avg weights: 0.914| log w_hat/w: 0.322| avg_delta_w: 0.355
-------- Cumul  method --------
Eps: 0.30 | Coverage: 93.80% | Average interval length: 37.00 | Avg Original interval: 38.00-74.00 | Avg New interval: 38.00-75.00 | Quantile: 38.000 - 75.000 |Avg weights: 0.914| log w_hat/w: 0.322| avg_delta_w: 0.355
---------- Evaluating for epsilon = 0.35000000000000003 ----------
> Collecting test points
> Estimating exact weights
> Estimate weights for calibration data
> Computing weight of trajectories
> Computing conformal set
-------- Original method --------
Eps: 0.35 | Coverage: 86.70% | Average interval length: 36.00 | Avg Original interval: 38.00-74.00 | Avg New interval: 38.00-74.00 | Quantile: 0.091 |Avg weights: 0.978| log w_hat/w: 0.390| avg_delta_w: 0.364
-------- Double quantile method --------
Eps: 0.35 | Coverage: 86.30% | Average interval length: 35.00 | Avg Original interval: 38.00-74.00 | Avg New interval: 39.00-74.00 | Quantile: -0.055 - 0.132 |Avg weights: 0.978| log w_hat/w: 0.390| avg_delta_w: 0.364
-------- Cumul  method --------
Eps: 0.35 | Coverage: 93.80% | Average interval length: 37.00 | Avg Original interval: 38.00-74.00 | Avg New interval: 38.00-75.00 | Quantile: 38.000 - 75.000 |Avg weights: 0.978| log w_hat/w: 0.390| avg_delta_w: 0.364
---------- Evaluating for epsilon = 0.4 ----------
> Collecting test points
> Estimating exact weights
> Estimate weights for calibration data
> Computing weight of trajectories
> Computing conformal set
-------- Original method --------
Eps: 0.40 | Coverage: 86.60% | Average interval length: 36.00 | Avg Original interval: 38.00-74.00 | Avg New interval: 38.00-74.00 | Quantile: 0.091 |Avg weights: 1.000| log w_hat/w: 0.412| avg_delta_w: 0.370
-------- Double quantile method --------
Eps: 0.40 | Coverage: 86.60% | Average interval length: 36.00 | Avg Original interval: 38.00-74.00 | Avg New interval: 38.00-74.00 | Quantile: 0.078 - 0.091 |Avg weights: 1.000| log w_hat/w: 0.412| avg_delta_w: 0.370
-------- Cumul  method --------
Eps: 0.40 | Coverage: 92.10% | Average interval length: 37.00 | Avg Original interval: 38.00-74.00 | Avg New interval: 38.00-75.00 | Quantile: 38.000 - 75.000 |Avg weights: 1.000| log w_hat/w: 0.412| avg_delta_w: 0.370
---------- Evaluating for epsilon = 0.45 ----------
> Collecting test points
> Estimating exact weights
> Estimate weights for calibration data
> Computing weight of trajectories
> Computing conformal set
-------- Original method --------
Eps: 0.45 | Coverage: 89.10% | Average interval length: 36.00 | Avg Original interval: 38.00-74.00 | Avg New interval: 38.00-74.00 | Quantile: 0.091 |Avg weights: 0.978| log w_hat/w: 0.390| avg_delta_w: 0.363
-------- Double quantile method --------
Eps: 0.45 | Coverage: 88.30% | Average interval length: 35.00 | Avg Original interval: 38.00-74.00 | Avg New interval: 39.00-74.00 | Quantile: -0.055 - 0.091 |Avg weights: 0.978| log w_hat/w: 0.390| avg_delta_w: 0.363
-------- Cumul  method --------
Eps: 0.45 | Coverage: 92.90% | Average interval length: 37.00 | Avg Original interval: 38.00-74.00 | Avg New interval: 38.00-75.00 | Quantile: 38.000 - 75.000 |Avg weights: 0.978| log w_hat/w: 0.390| avg_delta_w: 0.363
---------- Evaluating for epsilon = 0.5 ----------
> Collecting test points
> Estimating exact weights
> Estimate weights for calibration data
> Computing weight of trajectories
> Computing conformal set
-------- Original method --------
Eps: 0.50 | Coverage: 88.90% | Average interval length: 36.00 | Avg Original interval: 38.00-74.00 | Avg New interval: 38.00-74.00 | Quantile: 0.091 |Avg weights: 0.914| log w_hat/w: 0.321| avg_delta_w: 0.352
-------- Double quantile method --------
Eps: 0.50 | Coverage: 88.10% | Average interval length: 35.00 | Avg Original interval: 38.00-74.00 | Avg New interval: 39.00-74.00 | Quantile: -0.105 - 0.132 |Avg weights: 0.914| log w_hat/w: 0.321| avg_delta_w: 0.352
-------- Cumul  method --------
Eps: 0.50 | Coverage: 92.00% | Average interval length: 37.00 | Avg Original interval: 38.00-74.00 | Avg New interval: 38.00-75.00 | Quantile: 38.000 - 75.000 |Avg weights: 0.914| log w_hat/w: 0.321| avg_delta_w: 0.352
---------- Evaluating for epsilon = 0.55 ----------
> Collecting test points
> Estimating exact weights
> Estimate weights for calibration data
> Computing weight of trajectories
> Computing conformal set
-------- Original method --------
Eps: 0.55 | Coverage: 85.80% | Average interval length: 36.00 | Avg Original interval: 38.00-74.00 | Avg New interval: 38.00-74.00 | Quantile: 0.132 |Avg weights: 0.829| log w_hat/w: 0.224| avg_delta_w: 0.347
-------- Double quantile method --------
Eps: 0.55 | Coverage: 85.80% | Average interval length: 36.00 | Avg Original interval: 38.00-74.00 | Avg New interval: 38.00-74.00 | Quantile: 0.856 - 0.091 |Avg weights: 0.829| log w_hat/w: 0.224| avg_delta_w: 0.347
-------- Cumul  method --------
Eps: 0.55 | Coverage: 90.30% | Average interval length: 38.00 | Avg Original interval: 38.00-74.00 | Avg New interval: 37.00-75.00 | Quantile: 37.000 - 75.000 |Avg weights: 0.829| log w_hat/w: 0.224| avg_delta_w: 0.347
---------- Evaluating for epsilon = 0.6000000000000001 ----------
> Collecting test points
> Estimating exact weights
> Estimate weights for calibration data
> Computing weight of trajectories
> Computing conformal set
-------- Original method --------
Eps: 0.60 | Coverage: 84.80% | Average interval length: 36.00 | Avg Original interval: 38.00-74.00 | Avg New interval: 38.00-74.00 | Quantile: 0.132 |Avg weights: 0.703| log w_hat/w: 0.059| avg_delta_w: 0.337
-------- Double quantile method --------
Eps: 0.60 | Coverage: 84.80% | Average interval length: 36.00 | Avg Original interval: 38.00-74.00 | Avg New interval: 38.00-74.00 | Quantile: 0.689 - 0.132 |Avg weights: 0.703| log w_hat/w: 0.059| avg_delta_w: 0.337
-------- Cumul  method --------
Eps: 0.60 | Coverage: 86.20% | Average interval length: 37.00 | Avg Original interval: 38.00-74.00 | Avg New interval: 38.00-75.00 | Quantile: 38.000 - 75.000 |Avg weights: 0.703| log w_hat/w: 0.059| avg_delta_w: 0.337
---------- Evaluating for epsilon = 0.65 ----------
> Collecting test points
> Estimating exact weights
> Estimate weights for calibration data
> Computing weight of trajectories
> Computing conformal set
-------- Original method --------
Eps: 0.65 | Coverage: 86.30% | Average interval length: 36.00 | Avg Original interval: 38.00-74.00 | Avg New interval: 38.00-74.00 | Quantile: 0.091 |Avg weights: 0.573| log w_hat/w: -0.146| avg_delta_w: 0.335
-------- Double quantile method --------
Eps: 0.65 | Coverage: 86.30% | Average interval length: 36.00 | Avg Original interval: 38.00-74.00 | Avg New interval: 38.00-74.00 | Quantile: 0.044 - 0.091 |Avg weights: 0.573| log w_hat/w: -0.146| avg_delta_w: 0.335
-------- Cumul  method --------
Eps: 0.65 | Coverage: 87.40% | Average interval length: 37.00 | Avg Original interval: 38.00-74.00 | Avg New interval: 38.00-75.00 | Quantile: 38.000 - 75.000 |Avg weights: 0.573| log w_hat/w: -0.146| avg_delta_w: 0.335
---------- Evaluating for epsilon = 0.7000000000000001 ----------
> Collecting test points
> Estimating exact weights
> Estimate weights for calibration data
> Computing weight of trajectories
> Computing conformal set
-------- Original method --------
Eps: 0.70 | Coverage: 84.20% | Average interval length: 36.00 | Avg Original interval: 38.00-74.00 | Avg New interval: 38.00-74.00 | Quantile: 0.085 |Avg weights: 0.435| log w_hat/w: -0.423| avg_delta_w: 0.354
-------- Double quantile method --------
Eps: 0.70 | Coverage: 82.50% | Average interval length: 35.00 | Avg Original interval: 38.00-74.00 | Avg New interval: 39.00-74.00 | Quantile: -0.049 - 0.102 |Avg weights: 0.435| log w_hat/w: -0.423| avg_delta_w: 0.354
-------- Cumul  method --------
Eps: 0.70 | Coverage: 85.30% | Average interval length: 37.00 | Avg Original interval: 38.00-74.00 | Avg New interval: 38.00-75.00 | Quantile: 38.000 - 75.000 |Avg weights: 0.435| log w_hat/w: -0.423| avg_delta_w: 0.354
---------- Evaluating for epsilon = 0.75 ----------
> Collecting test points
> Estimating exact weights
> Estimate weights for calibration data
> Computing weight of trajectories
> Computing conformal set
-------- Original method --------
Eps: 0.75 | Coverage: 84.10% | Average interval length: 36.00 | Avg Original interval: 38.00-74.00 | Avg New interval: 38.00-74.00 | Quantile: 0.091 |Avg weights: 0.300| log w_hat/w: -0.793| avg_delta_w: 0.385
-------- Double quantile method --------
Eps: 0.75 | Coverage: 82.20% | Average interval length: 35.00 | Avg Original interval: 38.00-74.00 | Avg New interval: 39.00-74.00 | Quantile: -0.132 - 0.091 |Avg weights: 0.300| log w_hat/w: -0.793| avg_delta_w: 0.385
-------- Cumul  method --------
Eps: 0.75 | Coverage: 84.90% | Average interval length: 37.00 | Avg Original interval: 38.00-74.00 | Avg New interval: 38.00-75.00 | Quantile: 38.000 - 75.000 |Avg weights: 0.300| log w_hat/w: -0.793| avg_delta_w: 0.385
---------- Evaluating for epsilon = 0.8 ----------
> Collecting test points
> Estimating exact weights
> Estimate weights for calibration data
> Computing weight of trajectories
> Computing conformal set
-------- Original method --------
Eps: 0.80 | Coverage: 81.50% | Average interval length: 36.00 | Avg Original interval: 38.00-74.00 | Avg New interval: 38.00-74.00 | Quantile: 0.135 |Avg weights: 0.199| log w_hat/w: -1.204| avg_delta_w: 0.427
-------- Double quantile method --------
Eps: 0.80 | Coverage: 81.50% | Average interval length: 36.00 | Avg Original interval: 38.00-74.00 | Avg New interval: 38.00-74.00 | Quantile: 0.667 - 0.135 |Avg weights: 0.199| log w_hat/w: -1.204| avg_delta_w: 0.427
-------- Cumul  method --------
Eps: 0.80 | Coverage: 82.30% | Average interval length: 37.00 | Avg Original interval: 38.00-74.00 | Avg New interval: 38.00-75.00 | Quantile: 38.000 - 75.225 |Avg weights: 0.199| log w_hat/w: -1.204| avg_delta_w: 0.427
---------- Evaluating for epsilon = 0.8500000000000001 ----------
> Collecting test points
> Estimating exact weights
> Estimate weights for calibration data
> Computing weight of trajectories
> Computing conformal set
-------- Original method --------
Eps: 0.85 | Coverage: 80.50% | Average interval length: 36.00 | Avg Original interval: 38.00-74.00 | Avg New interval: 38.00-74.00 | Quantile: 0.091 |Avg weights: 0.133| log w_hat/w: -1.611| avg_delta_w: 0.457
-------- Double quantile method --------
Eps: 0.85 | Coverage: 80.50% | Average interval length: 36.00 | Avg Original interval: 38.00-74.00 | Avg New interval: 38.00-74.00 | Quantile: 0.856 - 0.065 |Avg weights: 0.133| log w_hat/w: -1.611| avg_delta_w: 0.457
-------- Cumul  method --------
Eps: 0.85 | Coverage: 83.10% | Average interval length: 38.00 | Avg Original interval: 38.00-74.00 | Avg New interval: 37.00-75.00 | Quantile: 37.000 - 75.000 |Avg weights: 0.133| log w_hat/w: -1.611| avg_delta_w: 0.457
---------- Evaluating for epsilon = 0.9 ----------
> Collecting test points
> Estimating exact weights
> Estimate weights for calibration data
> Computing weight of trajectories
> Computing conformal set
-------- Original method --------
Eps: 0.90 | Coverage: 76.10% | Average interval length: 36.00 | Avg Original interval: 38.00-74.00 | Avg New interval: 38.00-74.00 | Quantile: 0.092 |Avg weights: 0.074| log w_hat/w: -2.201| avg_delta_w: 0.486
-------- Double quantile method --------
Eps: 0.90 | Coverage: 74.80% | Average interval length: 35.00 | Avg Original interval: 38.00-74.00 | Avg New interval: 39.00-74.00 | Quantile: -0.309 - 0.144 |Avg weights: 0.074| log w_hat/w: -2.201| avg_delta_w: 0.486
-------- Cumul  method --------
Eps: 0.90 | Coverage: 75.20% | Average interval length: 36.00 | Avg Original interval: 38.00-74.00 | Avg New interval: 39.00-75.00 | Quantile: 39.000 - 75.163 |Avg weights: 0.074| log w_hat/w: -2.201| avg_delta_w: 0.486
---------- Evaluating for epsilon = 0.9500000000000001 ----------
> Collecting test points
> Estimating exact weights
> Estimate weights for calibration data
> Computing weight of trajectories
> Computing conformal set
-------- Original method --------
Eps: 0.95 | Coverage: 76.00% | Average interval length: 36.00 | Avg Original interval: 38.00-74.00 | Avg New interval: 38.00-74.00 | Quantile: 0.132 |Avg weights: 0.036| log w_hat/w: -2.916| avg_delta_w: 0.504
-------- Double quantile method --------
Eps: 0.95 | Coverage: 79.30% | Average interval length: 37.00 | Avg Original interval: 38.00-74.00 | Avg New interval: 37.00-74.00 | Quantile: 1.011 - 0.091 |Avg weights: 0.036| log w_hat/w: -2.916| avg_delta_w: 0.504
-------- Cumul  method --------
Eps: 0.95 | Coverage: 79.60% | Average interval length: 38.00 | Avg Original interval: 38.00-74.00 | Avg New interval: 37.00-75.00 | Quantile: 37.000 - 75.000 |Avg weights: 0.036| log w_hat/w: -2.916| avg_delta_w: 0.504
---------- Evaluating for epsilon = 1.0 ----------
> Collecting test points
> Estimating exact weights
> Estimate weights for calibration data
> Computing weight of trajectories
> Computing conformal set
-------- Original method --------
Eps: 1.00 | Coverage: 72.40% | Average interval length: 36.00 | Avg Original interval: 38.00-74.00 | Avg New interval: 38.00-74.00 | Quantile: 0.001 |Avg weights: 0.012| log w_hat/w: -4.035| avg_delta_w: 0.516
-------- Double quantile method --------
Eps: 1.00 | Coverage: 70.10% | Average interval length: 35.00 | Avg Original interval: 38.00-74.00 | Avg New interval: 39.00-74.00 | Quantile: -0.055 - 0.030 |Avg weights: 0.012| log w_hat/w: -4.035| avg_delta_w: 0.516
-------- Cumul  method --------
Eps: 1.00 | Coverage: 72.80% | Average interval length: 37.00 | Avg Original interval: 38.00-74.00 | Avg New interval: 38.00-75.00 | Quantile: 38.000 - 75.000 |Avg weights: 0.012| log w_hat/w: -4.035| avg_delta_w: 0.516
> Loading/collecting data
> Training/loading quantile networks
Could not find file results/inventory/gradient/horizon_5/data/networks/lower_quantile_net_9.pth
Early stopping at epoch 76
Could not find file results/inventory/gradient/horizon_5/data/networks/upper_quantile_net_9.pth
Early stopping at epoch 239
---------- Evaluating for epsilon = 0.0 ----------
> Collecting test points
> Estimating exact weights
> Estimate weights for calibration data
> Computing weight of trajectories
> Computing conformal set
-------- Original method --------
Eps: 0.00 | Coverage: 70.30% | Average interval length: 37.00 | Avg Original interval: 37.00-74.00 | Avg New interval: 37.00-74.00 | Quantile: 0.026 |Avg weights: 0.000| log w_hat/w: -17.865| avg_delta_w: 0.531
-------- Double quantile method --------
Eps: 0.00 | Coverage: 70.30% | Average interval length: 37.00 | Avg Original interval: 37.00-74.00 | Avg New interval: 37.00-74.00 | Quantile: 0.399 - 0.013 |Avg weights: 0.000| log w_hat/w: -17.865| avg_delta_w: 0.531
-------- Cumul  method --------
Eps: 0.00 | Coverage: 99.10% | Average interval length: 38.00 | Avg Original interval: 37.00-74.00 | Avg New interval: 38.00-76.00 | Quantile: 38.000 - 76.000 |Avg weights: 0.000| log w_hat/w: -17.865| avg_delta_w: 0.531
---------- Evaluating for epsilon = 0.05 ----------
> Collecting test points
> Estimating exact weights
> Estimate weights for calibration data
> Computing weight of trajectories
> Computing conformal set
-------- Original method --------
Eps: 0.05 | Coverage: 71.90% | Average interval length: 37.00 | Avg Original interval: 37.00-74.00 | Avg New interval: 37.00-74.00 | Quantile: 0.029 |Avg weights: 0.084| log w_hat/w: -2.052| avg_delta_w: 0.490
-------- Double quantile method --------
Eps: 0.05 | Coverage: 71.90% | Average interval length: 37.00 | Avg Original interval: 37.00-74.00 | Avg New interval: 37.00-74.00 | Quantile: 0.327 - 0.028 |Avg weights: 0.084| log w_hat/w: -2.052| avg_delta_w: 0.490
-------- Cumul  method --------
Eps: 0.05 | Coverage: 97.30% | Average interval length: 37.00 | Avg Original interval: 37.00-74.00 | Avg New interval: 39.00-76.00 | Quantile: 39.000 - 76.015 |Avg weights: 0.084| log w_hat/w: -2.052| avg_delta_w: 0.490
---------- Evaluating for epsilon = 0.1 ----------
> Collecting test points
> Estimating exact weights
> Estimate weights for calibration data
> Computing weight of trajectories
> Computing conformal set
-------- Original method --------
Eps: 0.10 | Coverage: 77.00% | Average interval length: 37.00 | Avg Original interval: 37.00-74.00 | Avg New interval: 37.00-74.00 | Quantile: 0.079 |Avg weights: 0.282| log w_hat/w: -0.837| avg_delta_w: 0.407
-------- Double quantile method --------
Eps: 0.10 | Coverage: 77.10% | Average interval length: 38.00 | Avg Original interval: 37.00-74.00 | Avg New interval: 36.00-74.00 | Quantile: 1.539 - 0.005 |Avg weights: 0.282| log w_hat/w: -0.837| avg_delta_w: 0.407
-------- Cumul  method --------
Eps: 0.10 | Coverage: 97.00% | Average interval length: 38.00 | Avg Original interval: 37.00-74.00 | Avg New interval: 37.00-75.00 | Quantile: 37.000 - 75.031 |Avg weights: 0.282| log w_hat/w: -0.837| avg_delta_w: 0.407
---------- Evaluating for epsilon = 0.15000000000000002 ----------
> Collecting test points
> Estimating exact weights
> Estimate weights for calibration data
> Computing weight of trajectories
> Computing conformal set
-------- Original method --------
Eps: 0.15 | Coverage: 81.20% | Average interval length: 37.00 | Avg Original interval: 37.00-74.00 | Avg New interval: 37.00-74.00 | Quantile: 0.035 |Avg weights: 0.513| log w_hat/w: -0.238| avg_delta_w: 0.354
-------- Double quantile method --------
Eps: 0.15 | Coverage: 81.20% | Average interval length: 37.00 | Avg Original interval: 37.00-74.00 | Avg New interval: 37.00-74.00 | Quantile: 0.661 - 0.017 |Avg weights: 0.513| log w_hat/w: -0.238| avg_delta_w: 0.354
-------- Cumul  method --------
Eps: 0.15 | Coverage: 96.30% | Average interval length: 37.00 | Avg Original interval: 37.00-74.00 | Avg New interval: 38.00-75.00 | Quantile: 38.000 - 75.400 |Avg weights: 0.513| log w_hat/w: -0.238| avg_delta_w: 0.354
---------- Evaluating for epsilon = 0.2 ----------
> Collecting test points
> Estimating exact weights
> Estimate weights for calibration data
> Computing weight of trajectories
> Computing conformal set
-------- Original method --------
Eps: 0.20 | Coverage: 81.60% | Average interval length: 37.00 | Avg Original interval: 37.00-74.00 | Avg New interval: 37.00-74.00 | Quantile: 0.026 |Avg weights: 0.651| log w_hat/w: 0.000| avg_delta_w: 0.352
-------- Double quantile method --------
Eps: 0.20 | Coverage: 81.60% | Average interval length: 37.00 | Avg Original interval: 37.00-74.00 | Avg New interval: 37.00-74.00 | Quantile: 0.401 - 0.013 |Avg weights: 0.651| log w_hat/w: 0.000| avg_delta_w: 0.352
-------- Cumul  method --------
Eps: 0.20 | Coverage: 95.10% | Average interval length: 38.00 | Avg Original interval: 37.00-74.00 | Avg New interval: 38.00-76.00 | Quantile: 38.000 - 76.000 |Avg weights: 0.651| log w_hat/w: 0.000| avg_delta_w: 0.352
---------- Evaluating for epsilon = 0.25 ----------
> Collecting test points
> Estimating exact weights
> Estimate weights for calibration data
> Computing weight of trajectories
> Computing conformal set
-------- Original method --------
Eps: 0.25 | Coverage: 85.30% | Average interval length: 37.00 | Avg Original interval: 37.00-74.00 | Avg New interval: 37.00-74.00 | Quantile: 0.026 |Avg weights: 0.803| log w_hat/w: 0.211| avg_delta_w: 0.361
-------- Double quantile method --------
Eps: 0.25 | Coverage: 85.30% | Average interval length: 37.00 | Avg Original interval: 37.00-74.00 | Avg New interval: 37.00-74.00 | Quantile: 0.920 - 0.013 |Avg weights: 0.803| log w_hat/w: 0.211| avg_delta_w: 0.361
-------- Cumul  method --------
Eps: 0.25 | Coverage: 93.70% | Average interval length: 37.00 | Avg Original interval: 37.00-74.00 | Avg New interval: 38.00-75.00 | Quantile: 38.000 - 75.000 |Avg weights: 0.803| log w_hat/w: 0.211| avg_delta_w: 0.361
---------- Evaluating for epsilon = 0.30000000000000004 ----------
> Collecting test points
> Estimating exact weights
> Estimate weights for calibration data
> Computing weight of trajectories
> Computing conformal set
-------- Original method --------
Eps: 0.30 | Coverage: 84.40% | Average interval length: 37.00 | Avg Original interval: 37.00-74.00 | Avg New interval: 37.00-74.00 | Quantile: 0.026 |Avg weights: 0.920| log w_hat/w: 0.347| avg_delta_w: 0.375
-------- Double quantile method --------
Eps: 0.30 | Coverage: 84.60% | Average interval length: 38.00 | Avg Original interval: 37.00-74.00 | Avg New interval: 36.00-74.00 | Quantile: 1.000 - 0.013 |Avg weights: 0.920| log w_hat/w: 0.347| avg_delta_w: 0.375
-------- Cumul  method --------
Eps: 0.30 | Coverage: 92.90% | Average interval length: 37.00 | Avg Original interval: 37.00-74.00 | Avg New interval: 38.00-75.00 | Quantile: 38.000 - 75.000 |Avg weights: 0.920| log w_hat/w: 0.347| avg_delta_w: 0.375
---------- Evaluating for epsilon = 0.35000000000000003 ----------
> Collecting test points
> Estimating exact weights
> Estimate weights for calibration data
> Computing weight of trajectories
> Computing conformal set
-------- Original method --------
Eps: 0.35 | Coverage: 86.60% | Average interval length: 37.00 | Avg Original interval: 37.00-74.00 | Avg New interval: 37.00-74.00 | Quantile: 0.026 |Avg weights: 0.982| log w_hat/w: 0.413| avg_delta_w: 0.382
-------- Double quantile method --------
Eps: 0.35 | Coverage: 86.60% | Average interval length: 37.00 | Avg Original interval: 37.00-74.00 | Avg New interval: 37.00-74.00 | Quantile: 0.531 - 0.013 |Avg weights: 0.982| log w_hat/w: 0.413| avg_delta_w: 0.382
-------- Cumul  method --------
Eps: 0.35 | Coverage: 92.60% | Average interval length: 37.00 | Avg Original interval: 37.00-74.00 | Avg New interval: 38.00-75.00 | Quantile: 38.000 - 75.000 |Avg weights: 0.982| log w_hat/w: 0.413| avg_delta_w: 0.382
---------- Evaluating for epsilon = 0.4 ----------
> Collecting test points
> Estimating exact weights
> Estimate weights for calibration data
> Computing weight of trajectories
> Computing conformal set
-------- Original method --------
Eps: 0.40 | Coverage: 89.70% | Average interval length: 37.00 | Avg Original interval: 37.00-74.00 | Avg New interval: 37.00-74.00 | Quantile: 0.026 |Avg weights: 1.000| log w_hat/w: 0.431| avg_delta_w: 0.387
-------- Double quantile method --------
Eps: 0.40 | Coverage: 89.70% | Average interval length: 37.00 | Avg Original interval: 37.00-74.00 | Avg New interval: 37.00-74.00 | Quantile: 0.833 - 0.013 |Avg weights: 1.000| log w_hat/w: 0.431| avg_delta_w: 0.387
-------- Cumul  method --------
Eps: 0.40 | Coverage: 93.10% | Average interval length: 37.00 | Avg Original interval: 37.00-74.00 | Avg New interval: 38.00-75.00 | Quantile: 38.000 - 75.000 |Avg weights: 1.000| log w_hat/w: 0.431| avg_delta_w: 0.387
---------- Evaluating for epsilon = 0.45 ----------
> Collecting test points
> Estimating exact weights
> Estimate weights for calibration data
> Computing weight of trajectories
> Computing conformal set
-------- Original method --------
Eps: 0.45 | Coverage: 89.40% | Average interval length: 37.00 | Avg Original interval: 37.00-74.00 | Avg New interval: 37.00-74.00 | Quantile: 0.026 |Avg weights: 0.969| log w_hat/w: 0.399| avg_delta_w: 0.380
-------- Double quantile method --------
Eps: 0.45 | Coverage: 89.40% | Average interval length: 37.00 | Avg Original interval: 37.00-74.00 | Avg New interval: 37.00-74.00 | Quantile: 0.833 - 0.013 |Avg weights: 0.969| log w_hat/w: 0.399| avg_delta_w: 0.380
-------- Cumul  method --------
Eps: 0.45 | Coverage: 91.80% | Average interval length: 37.00 | Avg Original interval: 37.00-74.00 | Avg New interval: 38.00-75.00 | Quantile: 38.000 - 75.000 |Avg weights: 0.969| log w_hat/w: 0.399| avg_delta_w: 0.380
---------- Evaluating for epsilon = 0.5 ----------
> Collecting test points
> Estimating exact weights
> Estimate weights for calibration data
> Computing weight of trajectories
> Computing conformal set
-------- Original method --------
Eps: 0.50 | Coverage: 87.90% | Average interval length: 37.00 | Avg Original interval: 37.00-74.00 | Avg New interval: 37.00-74.00 | Quantile: 0.026 |Avg weights: 0.909| log w_hat/w: 0.336| avg_delta_w: 0.372
-------- Double quantile method --------
Eps: 0.50 | Coverage: 87.90% | Average interval length: 37.00 | Avg Original interval: 37.00-74.00 | Avg New interval: 37.00-74.00 | Quantile: 0.833 - 0.013 |Avg weights: 0.909| log w_hat/w: 0.336| avg_delta_w: 0.372
-------- Cumul  method --------
Eps: 0.50 | Coverage: 89.60% | Average interval length: 37.00 | Avg Original interval: 37.00-74.00 | Avg New interval: 38.00-75.00 | Quantile: 38.000 - 75.000 |Avg weights: 0.909| log w_hat/w: 0.336| avg_delta_w: 0.372
---------- Evaluating for epsilon = 0.55 ----------
> Collecting test points
> Estimating exact weights
> Estimate weights for calibration data
> Computing weight of trajectories
> Computing conformal set
-------- Original method --------
Eps: 0.55 | Coverage: 88.80% | Average interval length: 37.00 | Avg Original interval: 37.00-74.00 | Avg New interval: 37.00-74.00 | Quantile: 0.026 |Avg weights: 0.793| log w_hat/w: 0.199| avg_delta_w: 0.357
-------- Double quantile method --------
Eps: 0.55 | Coverage: 88.80% | Average interval length: 37.00 | Avg Original interval: 37.00-74.00 | Avg New interval: 37.00-74.00 | Quantile: 0.833 - 0.013 |Avg weights: 0.793| log w_hat/w: 0.199| avg_delta_w: 0.357
-------- Cumul  method --------
Eps: 0.55 | Coverage: 89.20% | Average interval length: 38.00 | Avg Original interval: 37.00-74.00 | Avg New interval: 38.00-76.00 | Quantile: 38.000 - 76.000 |Avg weights: 0.793| log w_hat/w: 0.199| avg_delta_w: 0.357
---------- Evaluating for epsilon = 0.6000000000000001 ----------
> Collecting test points
> Estimating exact weights
> Estimate weights for calibration data
> Computing weight of trajectories
> Computing conformal set
-------- Original method --------
Eps: 0.60 | Coverage: 86.80% | Average interval length: 37.00 | Avg Original interval: 37.00-74.00 | Avg New interval: 37.00-74.00 | Quantile: 0.059 |Avg weights: 0.704| log w_hat/w: 0.079| avg_delta_w: 0.349
-------- Double quantile method --------
Eps: 0.60 | Coverage: 88.10% | Average interval length: 38.00 | Avg Original interval: 37.00-74.00 | Avg New interval: 36.00-74.00 | Quantile: 1.000 - 0.026 |Avg weights: 0.704| log w_hat/w: 0.079| avg_delta_w: 0.349
-------- Cumul  method --------
Eps: 0.60 | Coverage: 86.60% | Average interval length: 38.00 | Avg Original interval: 37.00-74.00 | Avg New interval: 38.00-76.00 | Quantile: 38.000 - 76.000 |Avg weights: 0.704| log w_hat/w: 0.079| avg_delta_w: 0.349
---------- Evaluating for epsilon = 0.65 ----------
> Collecting test points
> Estimating exact weights
> Estimate weights for calibration data
> Computing weight of trajectories
> Computing conformal set
-------- Original method --------
Eps: 0.65 | Coverage: 85.30% | Average interval length: 37.00 | Avg Original interval: 37.00-74.00 | Avg New interval: 37.00-74.00 | Quantile: 0.047 |Avg weights: 0.570| log w_hat/w: -0.133| avg_delta_w: 0.357
-------- Double quantile method --------
Eps: 0.65 | Coverage: 86.20% | Average interval length: 38.00 | Avg Original interval: 37.00-74.00 | Avg New interval: 36.00-74.00 | Quantile: 1.000 - 0.013 |Avg weights: 0.570| log w_hat/w: -0.133| avg_delta_w: 0.357
-------- Cumul  method --------
Eps: 0.65 | Coverage: 87.40% | Average interval length: 38.00 | Avg Original interval: 37.00-74.00 | Avg New interval: 37.00-75.00 | Quantile: 37.000 - 75.000 |Avg weights: 0.570| log w_hat/w: -0.133| avg_delta_w: 0.357
---------- Evaluating for epsilon = 0.7000000000000001 ----------
> Collecting test points
> Estimating exact weights
> Estimate weights for calibration data
> Computing weight of trajectories
> Computing conformal set
-------- Original method --------
Eps: 0.70 | Coverage: 86.10% | Average interval length: 37.00 | Avg Original interval: 37.00-74.00 | Avg New interval: 37.00-74.00 | Quantile: 0.048 |Avg weights: 0.426| log w_hat/w: -0.422| avg_delta_w: 0.367
-------- Double quantile method --------
Eps: 0.70 | Coverage: 87.90% | Average interval length: 38.00 | Avg Original interval: 37.00-74.00 | Avg New interval: 36.00-74.00 | Quantile: 1.085 - 0.015 |Avg weights: 0.426| log w_hat/w: -0.422| avg_delta_w: 0.367
-------- Cumul  method --------
Eps: 0.70 | Coverage: 85.30% | Average interval length: 37.00 | Avg Original interval: 37.00-74.00 | Avg New interval: 38.00-75.00 | Quantile: 38.000 - 75.308 |Avg weights: 0.426| log w_hat/w: -0.422| avg_delta_w: 0.367
---------- Evaluating for epsilon = 0.75 ----------
> Collecting test points
> Estimating exact weights
> Estimate weights for calibration data
> Computing weight of trajectories
> Computing conformal set
-------- Original method --------
Eps: 0.75 | Coverage: 86.50% | Average interval length: 37.00 | Avg Original interval: 37.00-74.00 | Avg New interval: 37.00-74.00 | Quantile: 0.013 |Avg weights: 0.296| log w_hat/w: -0.787| avg_delta_w: 0.399
-------- Double quantile method --------
Eps: 0.75 | Coverage: 86.50% | Average interval length: 37.00 | Avg Original interval: 37.00-74.00 | Avg New interval: 37.00-74.00 | Quantile: 0.397 - 0.013 |Avg weights: 0.296| log w_hat/w: -0.787| avg_delta_w: 0.399
-------- Cumul  method --------
Eps: 0.75 | Coverage: 85.40% | Average interval length: 37.00 | Avg Original interval: 37.00-74.00 | Avg New interval: 38.00-75.00 | Quantile: 38.000 - 75.000 |Avg weights: 0.296| log w_hat/w: -0.787| avg_delta_w: 0.399
---------- Evaluating for epsilon = 0.8 ----------
> Collecting test points
> Estimating exact weights
> Estimate weights for calibration data
> Computing weight of trajectories
> Computing conformal set
-------- Original method --------
Eps: 0.80 | Coverage: 81.70% | Average interval length: 37.00 | Avg Original interval: 37.00-74.00 | Avg New interval: 37.00-74.00 | Quantile: 0.059 |Avg weights: 0.191| log w_hat/w: -1.228| avg_delta_w: 0.441
-------- Double quantile method --------
Eps: 0.80 | Coverage: 83.30% | Average interval length: 38.00 | Avg Original interval: 37.00-74.00 | Avg New interval: 36.00-74.00 | Quantile: 1.408 - 0.005 |Avg weights: 0.191| log w_hat/w: -1.228| avg_delta_w: 0.441
-------- Cumul  method --------
Eps: 0.80 | Coverage: 82.40% | Average interval length: 38.00 | Avg Original interval: 37.00-74.00 | Avg New interval: 37.00-75.00 | Quantile: 37.000 - 75.000 |Avg weights: 0.191| log w_hat/w: -1.228| avg_delta_w: 0.441
---------- Evaluating for epsilon = 0.8500000000000001 ----------
> Collecting test points
> Estimating exact weights
> Estimate weights for calibration data
> Computing weight of trajectories
> Computing conformal set
-------- Original method --------
Eps: 0.85 | Coverage: 79.30% | Average interval length: 37.00 | Avg Original interval: 37.00-74.00 | Avg New interval: 37.00-74.00 | Quantile: 0.026 |Avg weights: 0.129| log w_hat/w: -1.617| avg_delta_w: 0.468
-------- Double quantile method --------
Eps: 0.85 | Coverage: 79.30% | Average interval length: 37.00 | Avg Original interval: 37.00-74.00 | Avg New interval: 37.00-74.00 | Quantile: 0.395 - 0.026 |Avg weights: 0.129| log w_hat/w: -1.617| avg_delta_w: 0.468
-------- Cumul  method --------
Eps: 0.85 | Coverage: 78.40% | Average interval length: 38.00 | Avg Original interval: 37.00-74.00 | Avg New interval: 38.00-76.00 | Quantile: 38.000 - 76.000 |Avg weights: 0.129| log w_hat/w: -1.617| avg_delta_w: 0.468
---------- Evaluating for epsilon = 0.9 ----------
> Collecting test points
> Estimating exact weights
> Estimate weights for calibration data
> Computing weight of trajectories
> Computing conformal set
-------- Original method --------
Eps: 0.90 | Coverage: 77.30% | Average interval length: 37.00 | Avg Original interval: 37.00-74.00 | Avg New interval: 37.00-74.00 | Quantile: 0.047 |Avg weights: 0.073| log w_hat/w: -2.188| avg_delta_w: 0.495
-------- Double quantile method --------
Eps: 0.90 | Coverage: 77.30% | Average interval length: 37.00 | Avg Original interval: 37.00-74.00 | Avg New interval: 37.00-74.00 | Quantile: 0.401 - 0.026 |Avg weights: 0.073| log w_hat/w: -2.188| avg_delta_w: 0.495
-------- Cumul  method --------
Eps: 0.90 | Coverage: 74.60% | Average interval length: 38.00 | Avg Original interval: 37.00-74.00 | Avg New interval: 38.00-76.00 | Quantile: 38.000 - 76.000 |Avg weights: 0.073| log w_hat/w: -2.188| avg_delta_w: 0.495
---------- Evaluating for epsilon = 0.9500000000000001 ----------
> Collecting test points
> Estimating exact weights
> Estimate weights for calibration data
> Computing weight of trajectories
> Computing conformal set
-------- Original method --------
Eps: 0.95 | Coverage: 78.90% | Average interval length: 37.00 | Avg Original interval: 37.00-74.00 | Avg New interval: 37.00-74.00 | Quantile: 0.511 |Avg weights: 0.037| log w_hat/w: -2.885| avg_delta_w: 0.513
-------- Double quantile method --------
Eps: 0.95 | Coverage: 81.80% | Average interval length: 112.00 | Avg Original interval: 37.00-74.00 | Avg New interval: 36.00-148.00 | Quantile: inf - inf |Avg weights: 0.037| log w_hat/w: -2.885| avg_delta_w: 0.513
-------- Cumul  method --------
Eps: 0.95 | Coverage: 80.50% | Average interval length: 111.00 | Avg Original interval: 37.00-74.00 | Avg New interval: 37.00-148.00 | Quantile: 37.031 - inf |Avg weights: 0.037| log w_hat/w: -2.885| avg_delta_w: 0.513
---------- Evaluating for epsilon = 1.0 ----------
> Collecting test points
> Estimating exact weights
> Estimate weights for calibration data
> Computing weight of trajectories
> Computing conformal set
-------- Original method --------
Eps: 1.00 | Coverage: 77.00% | Average interval length: 37.00 | Avg Original interval: 37.00-74.00 | Avg New interval: 37.00-74.00 | Quantile: 0.047 |Avg weights: 0.011| log w_hat/w: -4.039| avg_delta_w: 0.525
-------- Double quantile method --------
Eps: 1.00 | Coverage: 78.80% | Average interval length: 38.00 | Avg Original interval: 37.00-74.00 | Avg New interval: 36.00-74.00 | Quantile: 1.309 - 0.013 |Avg weights: 0.011| log w_hat/w: -4.039| avg_delta_w: 0.525
-------- Cumul  method --------
Eps: 1.00 | Coverage: 77.50% | Average interval length: 38.00 | Avg Original interval: 37.00-74.00 | Avg New interval: 37.00-75.00 | Quantile: 37.000 - 75.000 |Avg weights: 0.011| log w_hat/w: -4.039| avg_delta_w: 0.525
> Loading/collecting data
> Training/loading quantile networks
Could not find file results/inventory/gradient/horizon_5/data/networks/lower_quantile_net_10.pth
Early stopping at epoch 123
Could not find file results/inventory/gradient/horizon_5/data/networks/upper_quantile_net_10.pth
Early stopping at epoch 146
---------- Evaluating for epsilon = 0.0 ----------
> Collecting test points
> Estimating exact weights
> Estimate weights for calibration data
> Computing weight of trajectories
> Computing conformal set
-------- Original method --------
Eps: 0.00 | Coverage: 69.80% | Average interval length: 36.00 | Avg Original interval: 37.00-75.00 | Avg New interval: 38.00-74.00 | Quantile: -0.117 |Avg weights: 0.000| log w_hat/w: -17.925| avg_delta_w: 0.533
-------- Double quantile method --------
Eps: 0.00 | Coverage: 69.80% | Average interval length: 36.00 | Avg Original interval: 37.00-75.00 | Avg New interval: 38.00-74.00 | Quantile: -0.269 - -0.069 |Avg weights: 0.000| log w_hat/w: -17.925| avg_delta_w: 0.533
-------- Cumul  method --------
Eps: 0.00 | Coverage: 99.10% | Average interval length: 37.00 | Avg Original interval: 37.00-75.00 | Avg New interval: 38.00-75.00 | Quantile: 38.000 - 75.000 |Avg weights: 0.000| log w_hat/w: -17.925| avg_delta_w: 0.533
---------- Evaluating for epsilon = 0.05 ----------
> Collecting test points
> Estimating exact weights
> Estimate weights for calibration data
> Computing weight of trajectories
> Computing conformal set
-------- Original method --------
Eps: 0.05 | Coverage: 76.60% | Average interval length: 36.00 | Avg Original interval: 37.00-75.00 | Avg New interval: 38.00-74.00 | Quantile: -0.182 |Avg weights: 0.075| log w_hat/w: -2.195| avg_delta_w: 0.496
-------- Double quantile method --------
Eps: 0.05 | Coverage: 76.60% | Average interval length: 36.00 | Avg Original interval: 37.00-75.00 | Avg New interval: 38.00-74.00 | Quantile: -0.766 - -0.117 |Avg weights: 0.075| log w_hat/w: -2.195| avg_delta_w: 0.496
-------- Cumul  method --------
Eps: 0.05 | Coverage: 98.20% | Average interval length: 36.00 | Avg Original interval: 37.00-75.00 | Avg New interval: 39.00-75.00 | Quantile: 39.000 - 75.000 |Avg weights: 0.075| log w_hat/w: -2.195| avg_delta_w: 0.496
---------- Evaluating for epsilon = 0.1 ----------
> Collecting test points
> Estimating exact weights
> Estimate weights for calibration data
> Computing weight of trajectories
> Computing conformal set
-------- Original method --------
Eps: 0.10 | Coverage: 75.50% | Average interval length: 36.00 | Avg Original interval: 37.00-75.00 | Avg New interval: 38.00-74.00 | Quantile: -0.022 |Avg weights: 0.298| log w_hat/w: -0.816| avg_delta_w: 0.399
-------- Double quantile method --------
Eps: 0.10 | Coverage: 75.60% | Average interval length: 37.00 | Avg Original interval: 37.00-75.00 | Avg New interval: 37.00-74.00 | Quantile: 0.386 - -0.022 |Avg weights: 0.298| log w_hat/w: -0.816| avg_delta_w: 0.399
-------- Cumul  method --------
Eps: 0.10 | Coverage: 96.40% | Average interval length: 37.00 | Avg Original interval: 37.00-75.00 | Avg New interval: 38.00-75.00 | Quantile: 38.000 - 75.250 |Avg weights: 0.298| log w_hat/w: -0.816| avg_delta_w: 0.399
---------- Evaluating for epsilon = 0.15000000000000002 ----------
> Collecting test points
> Estimating exact weights
> Estimate weights for calibration data
> Computing weight of trajectories
> Computing conformal set
